Sceneryobjects\ADDON_gcW_fra\muelleimer.sco
1079541208
1079541208
-1
Sceneryobjects\ADDON_SimpleStreets\RQ_9,5_2spur_6,5m_Sidewalk_junct_forbus.sco
1182287980
1182287980
-1
Sceneryobjects\ADDON_SimpleStreets\RQ_9,5_to_X8.sco
1182287980
1182287980
-1
Sceneryobjects\ADDON_SimpleStreets\RQ_X8_to_X11_Seeburger.sco
1182287980
1182287980
-1
Sceneryobjects\Buildings_Alex\fence.sco
1054640989
1054640989
-1
Sceneryobjects\Buildings_Alex\izgorod.sco
1058296141
1058296141
-1
Sceneryobjects\Buildings_RUE\Haus01b.sco
1532782806
1532782806
-1
Sceneryobjects\Buildings_RUE\Haus01c.sco
1532782806
1532782806
-1
Sceneryobjects\Buildings_RUE\Haus01c2.sco
1532782812
1532782812
-1
Sceneryobjects\Buildings_RUE\Haus02a.sco
1532782807
1532782807
-1
Sceneryobjects\Buildings_RUE\Haus02b.sco
1532782817
1532782817
-1
Sceneryobjects\Buildings_RUE\Haus02c.sco
1532782805
1532782805
-1
Sceneryobjects\Buildings_RUE\Haus02e.sco
1532782817
1532782817
-1
Sceneryobjects\Buildings_RUE\Haus03a.sco
1532782807
1532782807
-1
Sceneryobjects\Buildings_RUE\Haus03b.sco
1532782810
1532782810
-1
Sceneryobjects\Buildings_RUE\Haus03c.sco
1532782805
1532782805
-1
Sceneryobjects\Buildings_RUE\Haus03e.sco
1532782807
1532782807
-1
Sceneryobjects\Generic\bus_stop.sco
1532782829
1532782829
-1
Sceneryobjects\Generic\car_park.sco
1532782811
1532782811
-1
Sceneryobjects\Generic\routearrow_dn.sco
1532782812
1532782812
-1
Sceneryobjects\Generic\routearrow_L.sco
1532782817
1532782817
-1
Sceneryobjects\Generic\routearrow_R.sco
1532782806
1532782806
-1
Sceneryobjects\Generic\routearrows_busstop.sco
1532782813
1532782813
-1
Sceneryobjects\HUN Objects\buszmegtabla.sco
1057264887
1057264887
-1
Sceneryobjects\HUN Objects\kek_menetrend.sco
1057264837
1057264837
-1
Sceneryobjects\Megallo_uj\m_nev.sco
1078541529
1078541529
-1
Sceneryobjects\Nemolus Objekte\Verkehrszeichen\VZ_Mast_VorfahrtGewaehren.sco
1052209446
1052209446
-1
Sceneryobjects\Ruede\forest_backdrop01.sco
1532782806
1532782806
-1
Sceneryobjects\Ruede\trees_chestnut01.sco
1532782807
1532782807
-1
Sceneryobjects\Ruede\trees_chestnut02.sco
1532782810
1532782810
-1
Sceneryobjects\Ruede\trees_chestnut03.sco
1532782820
1532782820
-1
Sceneryobjects\Streetobjects_RUE\sodiumlight_L_whip_L.sco
1532782811
1532782811
-1
Sceneryobjects\Trees_MC\arbor_sixpack.sco
1532782811
1532782811
-1
Sceneryobjects\Trees_MC\shrubbery_01_10.sco
1532782811
1532782811
-1
Sceneryobjects\Trees_MC\shrubbery_03_20.sco
1532782807
1532782807
-1
Sceneryobjects\Trees_MC\tree_large_01.sco
1532782812
1532782812
-1
Sceneryobjects\Trees_MC\tree_large_02.sco
1532782810
1532782810
-1
Sceneryobjects\Trees_MC\tree_large_03.sco
1532782820
1532782820
-1
Sceneryobjects\Trees_MC\tree_large_04.sco
1532782817
1532782817
-1
Sceneryobjects\Trees_MC\tree_large_05.sco
1532782810
1532782810
-1
Sceneryobjects\Trees_MC\tree_large_06.sco
1532782817
1532782817
-1
Sceneryobjects\Trees_MC\tree_medium_01.sco
1532782816
1532782816
-1
Sceneryobjects\Trees_MC\tree_medium_02.sco
1532782820
1532782820
-1
Sceneryobjects\Trees_MC\tree_medium_03.sco
1532782818
1532782818
-1
Sceneryobjects\Trees_MC\tree_medium_04.sco
1532782816
1532782816
-1
Sceneryobjects\Trees_MC\tree_medium_05.sco
1532782813
1532782813
-1
Sceneryobjects\Trees_MC\tree_medium_06.sco
1532782812
1532782812
-1
Sceneryobjects\Trees_MC\tree_medium_07.sco
1532782813
1532782813
-1
Sceneryobjects\Trees_MC\tree_medium_08.sco
1532782818
1532782818
-1
Sceneryobjects\Trees_MC\tree_medium_09.sco
1532782813
1532782813
-1
Sceneryobjects\Trees_MC\tree_tiny_01.sco
1532782810
1532782810
-1
Splines\ADDON_Freyfurt\UL11m.sli
1089359977
-
-
Splines\ADDON_SimpleStreets\RQ_9,5_2spur_6,5m.sli
1047303190
-
-
Splines\ADDON_SimpleStreets\RQ_9,5_2spur_6,5m_Sidewalk.sli
1047218954
-
-
Splines\Freyfurt\11m_Damm.sli
1112248114
-
-
Splines\Freyfurt\3,25Meter_gw0asphalt.sli
1112899387
-
-
Splines\invis_sidewalk.sli
1532782829
-
-
Splines\Terrain-Spline-V3_1\Splines\Terrain Spline\4mTerrain_Spline.sli
1079482801
-
-
Sceneryobjects\Streetobjects_RUE\sodiumlight_L_break_L.sco
1532782812
1532782812
-1
