Sceneryobjects\ADDON_Hohenkirchen\Buildings\Commercial\EDEKA.sco
1489503896
1489503896
-1
Sceneryobjects\ADDON_Hohenkirchen\Buildings\Commercial\GetraenkeHoffmann.sco
1489503896
1489503896
-1
Sceneryobjects\ADDON_Hohenkirchen\Buildings\Industrie\Halle.sco
1489503896
1489503896
-1
Sceneryobjects\ADDON_Hohenkirchen\Buildings\Industrie\Industrie_08.sco
1489503896
1489503896
-1
Sceneryobjects\ADDON_Hohenkirchen\Buildings\Industrie\Tanke_Aral.sco
1489503896
1489503896
-1
Sceneryobjects\ADDON_Hohenkirchen\Buildings\Industrie\Warehouse05.sco
1489503896
1489503896
-1
Sceneryobjects\ADDON_Hohenkirchen\Details\Strassenobjekte\Moderne_Laterne.sco
1489503908
1489503908
-1
Sceneryobjects\ADDON_Hohenkirchen\Vegetation\Baum_mittel.sco
1489503930
1489503930
-1
Sceneryobjects\ADDON_SimpleStreets\RQ_20n_to_10,5.sco
1049124267
1049124267
-1
Sceneryobjects\ADDON_SimpleStreets\RQ_9,5_2spur_6,5m_Sidewalk_junct.sco
1047945789
1047945789
-1
Sceneryobjects\ADDON_SimpleStreets\RQ_9,5_2spur_6,5m_Sidewalk_Roundabout_normal_part0.sco
1048482870
1048482870
-1
Sceneryobjects\ADDON_SimpleStreets\RQ_9,5_2spur_6,5m_Sidewalk_Roundabout_normal_part1.sco
1052271128
1052271128
-1
Sceneryobjects\ADDON_SimpleStreets\RQ_9,5_to_10,5.sco
1047945833
1047945833
-1
Sceneryobjects\Muur bruin\muro_40m.sco
1060008496
1060008496
-1
Sceneryobjects\Ruede\forest_backdrop01.sco
1133255562
1133255562
-1
Sceneryobjects\Trees_MC\shrubbery_04_20.sco
1532784854
1532784854
-1
Splines\Addon Modern Streets\Altoaner ‹berland.sli
1119379617
-
-
Splines\ADDON_SimpleStreets\RQ_20_4_spur_15m_narrow_Sidewalk.sli
1048793734
-
-
Splines\ADDON_SimpleStreets\RQ_9,5_2spur_6,5m_Sidewalk.sli
1047218954
-
-
Splines\Terrain-Spline-V3_1\Splines\Terrain Spline\4mTerrain_Spline.sli
1079484849
-
-
Splines\VKL¥s Splines\str_gruen_1m.sli
1083146895
-
-
