Sceneryobjects\Buildings_Alex\izgorod.sco
1058298189
1058298189
-1
Sceneryobjects\Buildings_Alex\ogra01.sco
1060131555
1060131555
-1
Sceneryobjects\Buildings_Alex\ogra02.sco
1060131564
1060131564
-1
Sceneryobjects\Buildings_DDR_RUE\DDR_House_l_06.sco
1532784853
1532784853
-1
Sceneryobjects\Buildings_DDR_RUE\DDR_House_l_08.sco
1532784853
1532784853
-1
Sceneryobjects\Buildings_MC\BW_Gart_A.sco
1532784852
1532784852
-1
Sceneryobjects\Buildings_MC\BW_Gart_D.sco
1532784854
1532784854
-1
Sceneryobjects\Buildings_MC\schul_turn_01.sco
1532784855
1532784855
-1
Sceneryobjects\Buildings_RUE\Haus01a.sco
1532784853
1532784853
-1
Sceneryobjects\Buildings_RUE\Haus01b.sco
1532784854
1532784854
-1
Sceneryobjects\Buildings_RUE\Haus01c.sco
1532784854
1532784854
-1
Sceneryobjects\Buildings_RUE\Haus01c2.sco
1532784860
1532784860
-1
Sceneryobjects\Buildings_RUE\Haus01e.sco
1532784854
1532784854
-1
Sceneryobjects\Buildings_RUE\Haus02a.sco
1532784855
1532784855
-1
Sceneryobjects\Buildings_RUE\Haus02b.sco
1532784865
1532784865
-1
Sceneryobjects\Buildings_RUE\Haus02c.sco
1532784853
1532784853
-1
Sceneryobjects\Buildings_RUE\Haus02e.sco
1532784865
1532784865
-1
Sceneryobjects\Buildings_RUE\Haus03a.sco
1532784855
1532784855
-1
Sceneryobjects\Buildings_RUE\Haus03c.sco
1532784853
1532784853
-1
Sceneryobjects\Buildings_RUE\Haus03c2.sco
1532784858
1532784858
-1
Sceneryobjects\Buildings_RUE\Haus03e.sco
1532784855
1532784855
-1
Sceneryobjects\Generic\bus_stop.sco
1133255574
1133255574
-1
Sceneryobjects\Generic\car_park.sco
1133255499
1133255499
-1
Sceneryobjects\Generic\routearrow_dn.sco
1227266475
1227266475
-1
Sceneryobjects\Generic\routearrow_L.sco
1133255546
1133255546
-1
Sceneryobjects\Generic\routearrow_R.sco
1133255498
1133255498
-1
Sceneryobjects\Kamaz_Objects\Hecke.sco
1291150063
1291150063
-1
Sceneryobjects\Leitplanke\crash_barrier.sco
1158115915
1158115915
-1
Sceneryobjects\More Trees Addon\FirTree2.sco
1503562427
1503562427
-1
Sceneryobjects\More Trees Addon\FirTree3.sco
1503562427
1503562427
-1
Sceneryobjects\More Trees Addon\Tree3.sco
1503562427
1503562427
-1
Sceneryobjects\More Trees Addon\TreeJustPlanted1.sco
1503562427
1503562427
-1
Sceneryobjects\Nemolus Objekte\Verkehrszeichen\VZ_Mast_Baustelle.sco
1052210966
1052210966
-1
Sceneryobjects\Nemolus Objekte\Verkehrszeichen\VZ_Mast_HGeschw_30.sco
1052211334
1052211334
-1
Sceneryobjects\Nemolus Objekte\Verkehrszeichen\VZ_Mast_KurveRechts.sco
1052211379
1052211379
-1
Sceneryobjects\Nemolus Objekte\Verkehrszeichen\VZ_Mast_StopVorfahrtGewaehren.sco
1052211428
1052211428
-1
Sceneryobjects\Nemolus Objekte\Verkehrszeichen\VZ_Mast_Vorfahrt.sco
1052211492
1052211492
-1
Sceneryobjects\Nemolus Objekte\Verkehrszeichen\VZ_Mast_VorfahrtGewaehren.sco
1052211494
1052211494
-1
Sceneryobjects\Objects_RS\Jaegerzaun_6m.sco
1295144668
1295144668
-1
Sceneryobjects\Objects_RS\Zaun_6m_01.sco
1295144668
1295144668
-1
Sceneryobjects\Objects_RS\Zaun_Tor_6m_01.sco
1295144668
1295144668
-1
Sceneryobjects\Ruede\trees_chestnut01.sco
1133255504
1133255504
-1
Sceneryobjects\Ruede\trees_chestnut02.sco
1133255505
1133255505
-1
Sceneryobjects\Ruede\trees_chestnut03.sco
1133255505
1133255505
-1
Sceneryobjects\Steven Objecten\SK_Telegraaf_mast_draad.sco
1086853744
1086853744
-1
Sceneryobjects\Steven Objecten\SK_Telegraaf_mast_ondersteuning_draad.sco
1086853750
1086853750
-1
Sceneryobjects\Streetobjects_RUE\LBL-Brikett_wood.sco
1133255564
1133255564
-1
Sceneryobjects\Streetobjects_RUE\sodiumlight_L_break_L.sco
1133255506
1133255506
-1
Sceneryobjects\Szombathely\Vonalak\2540.sco
1153521035
1153521035
-1
Sceneryobjects\Trees_MC\shrubbery_01_20.sco
1532784858
1532784858
-1
Sceneryobjects\Trees_MC\shrubbery_03_20.sco
1532784855
1532784855
-1
Sceneryobjects\Trees_MC\shrubbery_04_20.sco
1532784854
1532784854
-1
Sceneryobjects\Trees_MC\tree_medium_01.sco
1532784864
1532784864
-1
Sceneryobjects\Trees_MC\tree_medium_02.sco
1532784868
1532784868
-1
Sceneryobjects\Trees_MC\tree_medium_03.sco
1532784866
1532784866
-1
Sceneryobjects\Trees_MC\tree_medium_04.sco
1532784864
1532784864
-1
Sceneryobjects\Trees_MC\tree_medium_05.sco
1532784861
1532784861
-1
Sceneryobjects\Trees_MC\tree_medium_06.sco
1532784860
1532784860
-1
Sceneryobjects\Trees_MC\tree_medium_07.sco
1532784861
1532784861
-1
Sceneryobjects\Trees_MC\tree_medium_08.sco
1532784866
1532784866
-1
Sceneryobjects\Trees_MC\tree_medium_09.sco
1532784861
1532784861
-1
Sceneryobjects\Trees_MC\Tree_Small_01.sco
1532784865
1532784865
-1
Sceneryobjects\Trees_MC\Tree_Small_09.sco
1532784866
1532784866
-1
Splines\Addon Modern Streets\Altoaner Überland.sli
1119379617
-
-
Splines\invis_sidewalk.sli
1185383465
-
-
Splines\Ruede\sdwk_1.5m_DDR_Spandauer_Str.sli
1532784858
-
-
Splines\Terrain-Spline-V3_1\Splines\Terrain Spline\4mTerrain_Spline.sli
1079484849
-
-
Splines\Terrain-Spline-V3_1\Splines\Terrain Spline\8mTerrain_Spline.sli
1089438664
-
-
Splines\Terrain-Spline-V3_1\Splines\Terrain Spline\Terrain Spline_Other textures\Terrain-Spline_Asphalt2\4mTerrain_Spline_Asphalt2.sli
1079486897
-
-
Splines\Yufa\25cm_N_line.sli
1115850786
-
-
