Sceneryobjects\ADDON_gcW_fra\muelleimer.sco
1079541208
1079541208
-1
Sceneryobjects\ADDON_SimpleStreets\RQ_9,5_2spur_6,5m_Sidewalk_cross_forbus4.sco
1182287980
1182287980
-1
Sceneryobjects\ADDON_SimpleStreets\RQ_9,5_2spur_6,5m_Sidewalk_junct_forbus.sco
1182287980
1182287980
-1
Sceneryobjects\ADDON_SimpleStreets\RQ_9,5_to_X8.sco
1182287980
1182287980
-1
Sceneryobjects\Buildings_DDR_RUE\DDR_Falkensee_Postamt.sco
1532782807
1532782807
-1
Sceneryobjects\Buildings_MC\CHGeb_01.sco
1532782812
1532782812
-1
Sceneryobjects\Buildings_MC\schleusener_geb.sco
1532782811
1532782811
-1
Sceneryobjects\Buildings_RUE\Haus01a.sco
1532782805
1532782805
-1
Sceneryobjects\Buildings_RUE\Haus02b.sco
1532782817
1532782817
-1
Sceneryobjects\Buildings_RUE\Haus02c2.sco
1532782816
1532782816
-1
Sceneryobjects\Buildings_RUE\Haus03a.sco
1532782807
1532782807
-1
Sceneryobjects\Buildings_RUE\Haus03b.sco
1532782810
1532782810
-1
Sceneryobjects\Buildings_RUE\Haus03e.sco
1532782807
1532782807
-1
Sceneryobjects\Generic\bus_stop.sco
1532782829
1532782829
-1
Sceneryobjects\Generic\car_park.sco
1532782811
1532782811
-1
Sceneryobjects\Generic\routearrow_L.sco
1532782817
1532782817
-1
Sceneryobjects\Generic\routearrow_R.sco
1532782806
1532782806
-1
Sceneryobjects\Generic\routearrows_busstop.sco
1532782813
1532782813
-1
Sceneryobjects\HUN Objects\buszmegtabla.sco
1057264887
1057264887
-1
Sceneryobjects\HUN Objects\kek_menetrend.sco
1057264837
1057264837
-1
Sceneryobjects\Kreuz_MC\Einm_Altonaer.sco
1532782810
1532782810
-1
Sceneryobjects\Kreuz_MC\Einm_Borkumer.sco
1532782810
1532782810
-1
Sceneryobjects\Megallo_uj\m_nev.sco
1078541529
1078541529
-1
Sceneryobjects\More Trees Addon\Flower2.sco
1124299235
1124299235
-1
Sceneryobjects\NDBV-Objekte\Zaun_uni.sco
1094358401
1094358401
-1
Sceneryobjects\Nemolus Objekte\Verkehrszeichen\VZ_Mast_KurveRechts.sco
1052209331
1052209331
-1
Sceneryobjects\Nemolus Objekte\Verkehrszeichen\VZ_Mast_VorfahrtGewaehren.sco
1052209446
1052209446
-1
Sceneryobjects\Ruede\forest_backdrop01.sco
1532782806
1532782806
-1
Sceneryobjects\Ruede\trees_chestnut01.sco
1532782807
1532782807
-1
Sceneryobjects\Ruede\trees_chestnut02.sco
1532782810
1532782810
-1
Sceneryobjects\Ruede\trees_chestnut03.sco
1532782820
1532782820
-1
Sceneryobjects\Streetobjects_RUE\LBL-Tropfen_3.sco
1532782820
1532782820
-1
Sceneryobjects\Streetobjects_RUE\single_pole.sco
1532782820
1532782820
-1
Sceneryobjects\Streetobjects_RUE\sodiumlight_L_whip_L.sco
1532782811
1532782811
-1
Sceneryobjects\Szombathely\Cikk\Cikk.sco
1131894321
1131894321
-1
Sceneryobjects\Szombathely\Tablak\TBE\TBE.sco
1131696687
1131696687
-1
Sceneryobjects\Szombathely\Tablak\TKI\TKI.sco
1131697078
1131697078
-1
Sceneryobjects\Trees_MC\arbor_sixpack.sco
1532782811
1532782811
-1
Sceneryobjects\Trees_MC\shrubbery_03_20.sco
1532782807
1532782807
-1
Sceneryobjects\Trees_MC\shrubbery_04_10.sco
1532782819
1532782819
-1
Sceneryobjects\Trees_MC\tree_medium_01.sco
1532782816
1532782816
-1
Sceneryobjects\Trees_MC\tree_medium_02.sco
1532782820
1532782820
-1
Sceneryobjects\Trees_MC\tree_medium_03.sco
1532782818
1532782818
-1
Sceneryobjects\Trees_MC\tree_medium_04.sco
1532782816
1532782816
-1
Sceneryobjects\Trees_MC\tree_medium_05.sco
1532782813
1532782813
-1
Sceneryobjects\Trees_MC\tree_medium_06.sco
1532782812
1532782812
-1
Sceneryobjects\Trees_MC\tree_medium_07.sco
1532782813
1532782813
-1
Sceneryobjects\Trees_MC\tree_medium_08.sco
1532782818
1532782818
-1
Sceneryobjects\Trees_MC\tree_medium_09.sco
1532782813
1532782813
-1
Sceneryobjects\Trees_MC\Tree_Small_01.sco
1532782817
1532782817
-1
Splines\Addon Modern Streets\str_2spur_8m_borkumer1-Überland.sli
1095085152
-
-
Splines\ADDON_SimpleStreets\RQ_9,5_2spur_6,5m.sli
1047303190
-
-
Splines\ADDON_SimpleStreets\RQ_9,5_2spur_6,5m_Sidewalk.sli
1047218954
-
-
Splines\invis_sidewalk.sli
1532782829
-
-
Splines\Marcel\str_2spur_8m_borkumer1.sli
1532782810
-
-
Splines\Ruede\DDR_Zaun_01.sli
1532782840
-
-
Splines\Terrain-Spline-V3_1\Splines\Terrain Spline\4mTerrain_Spline.sli
1079482801
-
-
Splines\Yufa\bussteig003.sli
1066802259
-
-
Sceneryobjects\Szombathely\Tablak\Ujperint\Ujperint.sco
1187405609
1187405609
-1
