Sceneryobjects\ADDON_gcW_fra\muelleimer.sco
1079543256
1079543256
-1
Sceneryobjects\ADDON_SimpleStreets\RQ_10,5_NoBankett_Junction.sco
1111922740
1111922740
-1
Sceneryobjects\Barierka uliczna\Barierka.sco
1065586044
1065586044
-1
Sceneryobjects\BMO Objekte\Holzzaun Garten.sco
1064727553
1064727553
-1
Sceneryobjects\Buildings_Alex\podium2.sco
1060131751
1060131751
-1
Sceneryobjects\Buildings_MC\wohn_05.sco
1532784865
1532784865
-1
Sceneryobjects\Buildings_RUE\Kombibad.sco
1532784854
1532784854
-1
Sceneryobjects\DavidM-Objekte\Mastsilber.sco
1119383712
1119383712
-1
Sceneryobjects\DavidM-Objekte\Treppe Beton.sco
1122527783
1122527783
-1
Sceneryobjects\DavidM-Objekte\Zebra-rechts.sco
1114198254
1114198254
-1
Sceneryobjects\Generic\bus_stop.sco
1133255574
1133255574
-1
Sceneryobjects\Generic\car_park.sco
1133255499
1133255499
-1
Sceneryobjects\Generic\people_standing_small.sco
1133255496
1133255496
-1
Sceneryobjects\Generic\routearrow_dn.sco
1227266475
1227266475
-1
Sceneryobjects\Generic\routearrows_busstop.sco
1133255562
1133255562
-1
Sceneryobjects\HUN Objects\buszmegtabla.sco
1057266935
1057266935
-1
Sceneryobjects\HUN Objects\kek_menetrend.sco
1057266885
1057266885
-1
Sceneryobjects\Kamaz_Objects\Hecke.sco
1291150063
1291150063
-1
Sceneryobjects\Ljubljana\Zebrastreifen.sco
1058176679
1058176679
-1
Sceneryobjects\Megallo_uj\m_nev.sco
1078543577
1078543577
-1
Sceneryobjects\More Trees Addon\FirTree2.sco
1503562427
1503562427
-1
Sceneryobjects\More Trees Addon\FirTree3.sco
1503562427
1503562427
-1
Sceneryobjects\Nemolus Objekte\Verkehrszeichen\VZ_Mast_HalteverbotEingeschraenkt.sco
1052211331
1052211331
-1
Sceneryobjects\Nemolus Objekte\Verkehrszeichen\VZ_Mast_VorfahrtGewaehren.sco
1052211494
1052211494
-1
Sceneryobjects\Nemolus Objekte\Verkehrszeichen\VZ_Mast_Vorfahrtstrasse.sco
1047755419
1047755419
-1
Sceneryobjects\Ruede\forest_backdrop01.sco
1133255562
1133255562
-1
Sceneryobjects\Static_EAG\E9460_LOD.sco
1114275517
1114275517
-1
Sceneryobjects\Streetobjects_MC\bridge_02.sco
1532784879
1532784879
-1
Sceneryobjects\Streetobjects_MC\bridge_04.sco
1532784856
1532784856
-1
Sceneryobjects\Streetobjects_RUE\LBL-Tropfen_3.sco
1133255505
1133255505
-1
Sceneryobjects\Streetobjects_RUE\sodiumlight_L_break_L.sco
1133255506
1133255506
-1
Sceneryobjects\Streetobjects_RUE\sodiumlight_photpump.sco
1133255507
1133255507
-1
Sceneryobjects\Szombathely\Cikk\Cikk.sco
1131896369
1131896369
-1
Sceneryobjects\Szombathely\Focipalya\Focipalya.sco
1130975727
1130975727
-1
Sceneryobjects\Szombathely\Korlat\Korlat.sco
1150506696
1150506696
-1
Sceneryobjects\Szombathely\Plakat\Plakat13\awkst.sco
1128944416
1128944416
-1
Sceneryobjects\Szombathely\Plakat\Plakat19\awkst.sco
1128946577
1128946577
-1
Sceneryobjects\Szombathely\Plakat\Plakat20\awkst.sco
1128946863
1128946863
-1
Sceneryobjects\Szombathely\Plakat\Plakat25\awkst.sco
1129077093
1129077093
-1
Sceneryobjects\Szombathely\Plakat\Plakat27\awkst.sco
1129077134
1129077134
-1
Sceneryobjects\Trees_MC\shrubbery_01_20.sco
1532784858
1532784858
-1
Sceneryobjects\Trees_MC\shrubbery_03_20.sco
1532784855
1532784855
-1
Sceneryobjects\Trees_MC\tree_medium_01.sco
1532784864
1532784864
-1
Sceneryobjects\Trees_MC\tree_medium_02.sco
1532784868
1532784868
-1
Sceneryobjects\Trees_MC\tree_medium_07.sco
1532784861
1532784861
-1
Sceneryobjects\Trees_MC\tree_medium_09.sco
1532784861
1532784861
-1
Sceneryobjects\Trees_MC\Tree_Small_01.sco
1532784865
1532784865
-1
Sceneryobjects\Trees_MC\Tree_Small_05.sco
1532784869
1532784869
-1
Sceneryobjects\Trees_MC\tree_tiny_01.sco
1532784858
1532784858
-1
Splines\ADDON_SimpleStreets\RQ_10,5_2spur_7,5m.sli
1048140836
-
-
Splines\invis_sidewalk.sli
1185383465
-
-
Splines\Szczecin\laty_drogowe_8,0.sli
1132969480
-
-
Splines\Terrain-Spline-V3_1\Splines\Terrain Spline\15mTerrain_Spline.sli
1089438759
-
-
Splines\Terrain-Spline-V3_1\Splines\Terrain Spline\20mTerrain_Spline.sli
1089438962
-
-
Splines\Terrain-Spline-V3_1\Splines\Terrain Spline\4mTerrain_Spline.sli
1079484849
-
-
Splines\VKL´s Splines\str_gruen_1m.sli
1083146895
-
-
Splines\Yufa\bussteig003.sli
1066804307
-
-
