Sceneryobjects\Generic\routearrow_dn.sco
1227266475
1227266475
-1
Sceneryobjects\More Trees Addon\FirTree3.sco
1503562427
1503562427
-1
Sceneryobjects\More Trees Addon\Tree3.sco
1503562427
1503562427
-1
Sceneryobjects\Objects_RS\Zaun_Tor_6m_01.sco
1295144668
1295144668
-1
Sceneryobjects\Ruede\trees_chestnut01.sco
1133255504
1133255504
-1
Sceneryobjects\Ruede\trees_chestnut03.sco
1133255505
1133255505
-1
Sceneryobjects\Streetobjects_RUE\single_pole.sco
1133255574
1133255574
-1
Sceneryobjects\Trees_MC\shrubbery_01_20.sco
1532784858
1532784858
-1
Sceneryobjects\Trees_MC\tree_medium_05.sco
1532784861
1532784861
-1
Splines\Terrain-Spline-V3_1\Splines\Terrain Spline\4mTerrain_Spline.sli
1079484849
-
-
