Sceneryobjects\ADDON_gcW\schranke.sco
1291150054
1291150054
-1
Sceneryobjects\ADDON_gcW\schranke_rechts.sco
1291150054
1291150054
-1
Sceneryobjects\Buildings_DDR_RUE\DDR_ConcreteBarracks45-2.sco
1532784855
1532784855
-1
Sceneryobjects\Buildings_DDR_RUE\DDR_Falkensee_Bank02.sco
1532784854
1532784854
-1
Sceneryobjects\Buildings_DDR_RUE\DDR_Falkensee_Rathaus.sco
1532784853
1532784853
-1
Sceneryobjects\Buildings_DDR_RUE\DDR_Imbissbude.sco
1532784854
1532784854
-1
Sceneryobjects\Buildings_DDR_RUE\DDR_Stadthalle_Falkensee.sco
1532784854
1532784854
-1
Sceneryobjects\Buildings_DDR_RUE\DDR_Storage_02.sco
1532784853
1532784853
-1
Sceneryobjects\Buildings_MC\BW_Gart_D.sco
1532784854
1532784854
-1
Sceneryobjects\Generic\car_park.sco
1133255499
1133255499
-1
Sceneryobjects\Generic\routearrow_dn.sco
1227266475
1227266475
-1
Sceneryobjects\Kamaz_Objects\Hecke.sco
1291150063
1291150063
-1
Sceneryobjects\More Trees Addon\Bush4.sco
1503562427
1503562427
-1
Sceneryobjects\More Trees Addon\FirTree2.sco
1503562427
1503562427
-1
Sceneryobjects\More Trees Addon\FirTree3.sco
1503562427
1503562427
-1
Sceneryobjects\More Trees Addon\Flower2.sco
1503562427
1503562427
-1
Sceneryobjects\More Trees Addon\TreeTrimmed3.sco
1503562428
1503562428
-1
Sceneryobjects\Ruede\forest_backdrop01.sco
1133255562
1133255562
-1
Sceneryobjects\Ruede\trees_chestnut01.sco
1133255504
1133255504
-1
Sceneryobjects\Ruede\trees_chestnut02.sco
1133255505
1133255505
-1
Sceneryobjects\Ruede\trees_chestnut03.sco
1133255505
1133255505
-1
Sceneryobjects\Streetobjects_RUE\DDR_1xBG_S_wood_cable.sco
1133255577
1133255577
-1
Sceneryobjects\Szombathely\Korlat\Korlat.sco
1150506696
1150506696
-1
Sceneryobjects\Trees_MC\arbor_sixpack.sco
1532784859
1532784859
-1
Sceneryobjects\Trees_MC\shrubbery_01_05.sco
1532784869
1532784869
-1
Sceneryobjects\Trees_MC\shrubbery_03_20.sco
1532784855
1532784855
-1
Sceneryobjects\Trees_MC\shrubbery_04_20.sco
1532784854
1532784854
-1
Sceneryobjects\Trees_MC\tree_medium_01.sco
1532784864
1532784864
-1
Sceneryobjects\Trees_MC\tree_medium_02.sco
1532784868
1532784868
-1
Sceneryobjects\Trees_MC\tree_medium_03.sco
1532784866
1532784866
-1
Sceneryobjects\Trees_MC\tree_medium_04.sco
1532784864
1532784864
-1
Sceneryobjects\Trees_MC\tree_medium_05.sco
1532784861
1532784861
-1
Sceneryobjects\Trees_MC\tree_medium_06.sco
1532784860
1532784860
-1
Sceneryobjects\Trees_MC\tree_medium_07.sco
1532784861
1532784861
-1
Sceneryobjects\Trees_MC\tree_medium_08.sco
1532784866
1532784866
-1
Sceneryobjects\Trees_MC\tree_medium_09.sco
1532784861
1532784861
-1
Splines\Addon Modern Streets\Altoaner Überland.sli
1119379617
-
-
Splines\Marcel\gw_1.sli
1133251458
-
-
Splines\Ruede\DDR_Brick_Wall_01.sli
1133253456
-
-
Splines\Ruede\DDR_Zaun_01.sli
1133253507
-
-
Splines\Ruede\Kabel_holzmast_6m.sli
1133253499
-
-
Splines\Terrain-Spline-V3_1\Splines\Terrain Spline\4mTerrain_Spline.sli
1079484849
-
-
Splines\Terrain-Spline-V3_1\Splines\Terrain Spline\8mTerrain_Spline.sli
1089438664
-
-
