Sceneryobjects\ADDON_SimpleStreets\RQ_10,5_to_X8m_Altonaer.sco
1048012347
1048012347
-1
Sceneryobjects\Buildings_MC\bw_old_10.sco
1532784857
1532784857
-1
Sceneryobjects\Buildings_MC\bw_row30s_02.sco
1532784852
1532784852
-1
Sceneryobjects\Buildings_MC\bw_row50s_05.sco
1532784860
1532784860
-1
Sceneryobjects\Buildings_RUE\Taubenhaus.sco
1532784877
1532784877
-1
Sceneryobjects\DavidM-Objekte\Mastsilber.sco
1119383712
1119383712
-1
Sceneryobjects\DavidM-Objekte\Zebra-rechts.sco
1114198254
1114198254
-1
Sceneryobjects\Generic\car_park.sco
1133255499
1133255499
-1
Sceneryobjects\Generic\people_standing_small.sco
1133255496
1133255496
-1
Sceneryobjects\Generic\routearrow_L.sco
1133255546
1133255546
-1
Sceneryobjects\Generic\routearrow_R.sco
1133255498
1133255498
-1
Sceneryobjects\Generic\routearrows_busstop.sco
1133255562
1133255562
-1
Sceneryobjects\Kreuz_MC\Einm_Altonaer.sco
1532784858
1532784858
-1
Sceneryobjects\Kreuz_MC\Kreuz_Altonaer.sco
1532784854
1532784854
-1
Sceneryobjects\Ljubljana\Zebrastreifen.sco
1058176679
1058176679
-1
Sceneryobjects\Nemolus Objekte\Verkehrszeichen\VZ_Mast_Vorfahrtstrasse.sco
1047755419
1047755419
-1
Sceneryobjects\Ruede\forest_backdrop01.sco
1133255562
1133255562
-1
Sceneryobjects\Streetobjects_RUE\sodiumlight_L_whip_L.sco
1133255501
1133255501
-1
Sceneryobjects\Szombathely\B10\B10.sco
1132226966
1132226966
-1
Sceneryobjects\Szombathely\B11\B11.sco
1132282800
1132282800
-1
Sceneryobjects\Szombathely\B12\B12.sco
1132286695
1132286695
-1
Sceneryobjects\Szombathely\B9\B9.sco
1132216495
1132216495
-1
Sceneryobjects\Trees_MC\Tree_Small_05.sco
1532784869
1532784869
-1
Splines\ADDON_SimpleStreets\str_2spur_8m_TypAltonaer_Emil.sli
1045671552
-
-
Splines\Marcel\invis_street.sli
1133251408
-
-
Splines\Marcel\str_2spur_8m_altonaer1.sli
1133251469
-
-
Splines\Terrain-Spline-V3_1\Splines\Terrain Spline\4mTerrain_Spline.sli
1079484849
-
-
Splines\VKL´s Splines\str_gruen_1m.sli
1083146895
-
-
Splines\Yufa\bussteig003.sli
1066804307
-
-
Splines\Yufa\bussteig004.sli
1077378173
-
-
