Sceneryobjects\Buildings_MC\bw_secondhandcars.sco
1532784852
1532784852
-1
Sceneryobjects\Construcao_FilipeRicardo\muro_40m.sco
1046981430
1046981430
-1
Sceneryobjects\MAV\Oszlop\veztart_oszlop.sco
1115530379
1115530379
-1
Sceneryobjects\Railroad_RUE\EW190_R_Beton.sco
1532784855
1532784855
-1
Sceneryobjects\Ruede\forest_backdrop01.sco
1133255562
1133255562
-1
Sceneryobjects\Trees_MC\shrubbery_01_20.sco
1532784858
1532784858
-1
Sceneryobjects\Trees_MC\tree_medium_01.sco
1532784864
1532784864
-1
Sceneryobjects\Trees_MC\tree_medium_02.sco
1532784868
1532784868
-1
Splines\LMG\sin_felsovezetekkel.sli
1117082866
-
-
