Sceneryobjects\Buildings_DDR_RUE\DDR_House_s_01.sco
1344340082
1344340082
-1
Sceneryobjects\Buildings_MC\bw_beseler_G.sco
1344340132
1344340132
-1
Sceneryobjects\Buildings_RUE\Haus01a.sco
1133251401
1133251401
-1
Sceneryobjects\Buildings_RUE\Haus01e.sco
1133251465
1133251465
-1
Sceneryobjects\Buildings_RUE\Haus02b.sco
1133251465
1133251465
-1
Sceneryobjects\Buildings_RUE\Haus03a.sco
1133251401
1133251401
-1
Sceneryobjects\DavidM-Objekte\Mastsilber.sco
1119383712
1119383712
-1
Sceneryobjects\DavidM-Objekte\Zebra-rechts.sco
1119381664
1119381664
-1
Sceneryobjects\Generic\car_park.sco
1259519163
1259519163
-1
Sceneryobjects\Ljubljana\Zebrastreifen.sco
1058180775
1058180775
-1
Sceneryobjects\More Trees Addon\FirTree2.sco
1124236468
1124236468
-1
Sceneryobjects\Nemolus Objekte\Verkehrszeichen\VZ_Mast_VorfahrtGewaehren.sco
1052211494
1052211494
-1
Sceneryobjects\Objects_RS\Zaun_6m_01.sco
1063221266
1063221266
-1
Sceneryobjects\Ruede\forest_backdrop01.sco
1344340548
1344340548
-1
Sceneryobjects\Ruede\trees_chestnut01.sco
1344340576
1344340576
-1
Sceneryobjects\Ruede\trees_chestnut02.sco
1344340576
1344340576
-1
Sceneryobjects\Ruede\trees_chestnut03.sco
1344340576
1344340576
-1
Sceneryobjects\Streetobjects_RUE\sodiumlight_L_break_L.sco
1133251410
1133251410
-1
Sceneryobjects\Trees_MC\shrubbery_01_20.sco
1230790319
1230790319
-1
Sceneryobjects\Trees_MC\tree_large_05.sco
1230790319
1230790319
-1
Sceneryobjects\Trees_MC\tree_medium_01.sco
1230790324
1230790324
-1
Sceneryobjects\Trees_MC\tree_medium_02.sco
1230790322
1230790322
-1
Sceneryobjects\Trees_MC\tree_medium_03.sco
1230790322
1230790322
-1
Sceneryobjects\Trees_MC\tree_medium_04.sco
1230790319
1230790319
-1
Sceneryobjects\Trees_MC\tree_medium_05.sco
1230790322
1230790322
-1
Sceneryobjects\Trees_MC\tree_medium_06.sco
1230790322
1230790322
-1
Sceneryobjects\Trees_MC\tree_medium_07.sco
1230790319
1230790319
-1
Sceneryobjects\Trees_MC\tree_medium_08.sco
1230790325
1230790325
-1
Sceneryobjects\Trees_MC\tree_medium_09.sco
1230790327
1230790327
-1
Sceneryobjects\Trees_MC\Tree_Small_01.sco
1230790322
1230790322
-1
Sceneryobjects\Trees_MC\Tree_Small_08.sco
1230790319
1230790319
-1
Splines\ADDON_SimpleStreets\RQ_9,5_2spur_6,5m.sli
1047305238
-
-
Splines\Marcel\str_2spur_8m_altonaer1.sli
1133251469
-
-
Splines\VKL´s Splines\str_gruen_1m.sli
1083146895
-
-
