Sceneryobjects\ADDON_SimpleStreets\RQ_9,5_2spur_6,5m_Sidewalk_Roundabout_part0.sco
1052271082
1052271082
-1
Sceneryobjects\ADDON_SimpleStreets\RQ_9,5_2spur_6,5m_Sidewalk_Roundabout_part2.sco
1048139561
1048139561
-1
Sceneryobjects\ADDON_SimpleStreets\RQ_9,5_2spur_6,5m_Sidewalk_Roundabout_part3.sco
1052271111
1052271111
-1
Sceneryobjects\Buildings_DDR_RUE\DDR_Ev_Kirche_Falkenhagen.sco
1344340079
1344340079
-1
Sceneryobjects\Buildings_DDR_RUE\DDR_Memorial.sco
1344340083
1344340083
-1
Sceneryobjects\Nemolus Objekte\Verkehrszeichen\VZ_242_Fussgaengerzone_MitMast.sco
1052338008
1052338008
-1
Sceneryobjects\Nemolus Objekte\Verkehrszeichen\VZ_243_FussgaengerzoneEnde_MitMast.sco
1052338208
1052338208
-1
Sceneryobjects\Nemolus Objekte\Verkehrszeichen\VZ_244_Fahrradzone_MitMast.sco
1052338251
1052338251
-1
Sceneryobjects\Nemolus Objekte\Verkehrszeichen\VZ_244-a_FahrradzoneEnde_MitMast.sco
1052338290
1052338290
-1
Sceneryobjects\Nemolus Objekte\Verkehrszeichen\VZ_274-1_30erZone_MitMast.sco
1052338392
1052338392
-1
Sceneryobjects\Nemolus Objekte\Verkehrszeichen\VZ_274-2_30erZoneEnde_MitMast.sco
1052338424
1052338424
-1
Sceneryobjects\Nemolus Objekte\Verkehrszeichen\VZ_314-1_Parkzone_MitMast.sco
1052338552
1052338552
-1
Sceneryobjects\Nemolus Objekte\Verkehrszeichen\VZ_314-2_ParkzoneEnde_MitMast.sco
1052338581
1052338581
-1
Sceneryobjects\Nemolus Objekte\Verkehrszeichen\VZ_357_Sackgasse_MitMast.sco
1052944220
1052944220
-1
Sceneryobjects\Nemolus Objekte\Verkehrszeichen\VZ_Mast_AllgUeberholverbot.sco
1052210960
1052210960
-1
Sceneryobjects\Nemolus Objekte\Verkehrszeichen\VZ_Mast_AllgUeberholverbotAufgeh.sco
1052210963
1052210963
-1
Sceneryobjects\Nemolus Objekte\Verkehrszeichen\VZ_Mast_Busse.sco
1052210972
1052210972
-1
Sceneryobjects\Nemolus Objekte\Verkehrszeichen\VZ_Mast_DoppelkurveLinks.sco
1052210979
1052210979
-1
Sceneryobjects\Nemolus Objekte\Verkehrszeichen\VZ_Mast_DoppelkurveRechts.sco
1052210981
1052210981
-1
Sceneryobjects\Nemolus Objekte\Verkehrszeichen\VZ_Mast_FahrtrichtungGeradeausURechts.sco
1052210992
1052210992
-1
Sceneryobjects\Nemolus Objekte\Verkehrszeichen\VZ_Mast_FahrtrichtungHierRechts.sco
1052210995
1052210995
-1
Sceneryobjects\Nemolus Objekte\Verkehrszeichen\VZ_Mast_FahrtrichtungRechts.sco
1052211019
1052211019
-1
Sceneryobjects\Nemolus Objekte\Verkehrszeichen\VZ_Mast_Fussgaenger.sco
1052211032
1052211032
-1
Sceneryobjects\Nemolus Objekte\Verkehrszeichen\VZ_Mast_Fussgaengerueberweg.sco
1052211036
1052211036
-1
Sceneryobjects\Nemolus Objekte\Verkehrszeichen\VZ_Mast_HGeschw_30.sco
1052211334
1052211334
-1
Sceneryobjects\Nemolus Objekte\Verkehrszeichen\VZ_Mast_HGeschw_30Aufgeh.sco
1052211337
1052211337
-1
Sceneryobjects\Nemolus Objekte\Verkehrszeichen\VZ_Mast_HGeschw_50.sco
1052211339
1052211339
-1
Sceneryobjects\Nemolus Objekte\Verkehrszeichen\VZ_Mast_HGeschw_50Aufgeh.sco
1052211342
1052211342
-1
Sceneryobjects\Nemolus Objekte\Verkehrszeichen\VZ_Mast_HGeschw_60.sco
1052211344
1052211344
-1
Sceneryobjects\Nemolus Objekte\Verkehrszeichen\VZ_Mast_HGeschw_60Aufgeh.sco
1052211346
1052211346
-1
Sceneryobjects\Nemolus Objekte\Verkehrszeichen\VZ_Mast_Kinder.sco
1052211368
1052211368
-1
Sceneryobjects\Nemolus Objekte\Verkehrszeichen\VZ_Mast_Kreisverkehr.sco
1052211370
1052211370
-1
Sceneryobjects\Nemolus Objekte\Verkehrszeichen\VZ_Mast_Kreuzung.sco
1052211374
1052211374
-1
Sceneryobjects\Nemolus Objekte\Verkehrszeichen\VZ_Mast_KurveLinks.sco
1052211376
1052211376
-1
Sceneryobjects\Nemolus Objekte\Verkehrszeichen\VZ_Mast_KurveRechts.sco
1052211379
1052211379
-1
Sceneryobjects\Nemolus Objekte\Verkehrszeichen\VZ_Mast_LinksVorbei.sco
1052211381
1052211381
-1
Sceneryobjects\Nemolus Objekte\Verkehrszeichen\VZ_Mast_RechtsVorbei.sco
1052211404
1052211404
-1
Sceneryobjects\Nemolus Objekte\Verkehrszeichen\VZ_Mast_StopVorfahrtGewaehren.sco
1052211428
1052211428
-1
Sceneryobjects\Nemolus Objekte\Verkehrszeichen\VZ_Mast_VerbotAllerKFZ.sco
1052211459
1052211459
-1
Sceneryobjects\Nemolus Objekte\Verkehrszeichen\VZ_Mast_VerbotKFZUeber35.sco
1052211476
1052211476
-1
Sceneryobjects\Nemolus Objekte\Verkehrszeichen\VZ_Mast_VerengteFahrbahn.sco
1052211481
1052211481
-1
Sceneryobjects\Nemolus Objekte\Verkehrszeichen\VZ_Mast_VerengteFahrbahnLinks.sco
1052211484
1052211484
-1
Sceneryobjects\Nemolus Objekte\Verkehrszeichen\VZ_Mast_VerengteFahrbahnRechts.sco
1052211488
1052211488
-1
Sceneryobjects\Nemolus Objekte\Verkehrszeichen\VZ_Mast_VorfahrtstrasseEnde.sco
1047894688
1047894688
-1
Sceneryobjects\Ruede\forest_backdrop01.sco
1344340548
1344340548
-1
Sceneryobjects\Ruede\trees_chestnut01.sco
1344340576
1344340576
-1
Sceneryobjects\Ruede\trees_chestnut02.sco
1344340576
1344340576
-1
Sceneryobjects\Ruede\trees_chestnut03.sco
1344340576
1344340576
-1
Sceneryobjects\Trees_MC\arbor_sixpack.sco
1230790319
1230790319
-1
Sceneryobjects\Trees_MC\shrubbery_04_20.sco
1230790321
1230790321
-1
Sceneryobjects\Trees_MC\tree_large_01.sco
1230790322
1230790322
-1
Sceneryobjects\Trees_MC\tree_large_03.sco
1230790322
1230790322
-1
Sceneryobjects\Trees_MC\tree_large_05.sco
1230790319
1230790319
-1
Sceneryobjects\Trees_MC\tree_large_06.sco
1230790327
1230790327
-1
Sceneryobjects\Trees_MC\tree_medium_01.sco
1230790324
1230790324
-1
Sceneryobjects\Trees_MC\tree_medium_04.sco
1230790319
1230790319
-1
Sceneryobjects\Trees_MC\tree_medium_05.sco
1230790322
1230790322
-1
Sceneryobjects\Trees_MC\tree_medium_06.sco
1230790322
1230790322
-1
Sceneryobjects\Trees_MC\tree_medium_08.sco
1230790325
1230790325
-1
Sceneryobjects\Trees_MC\tree_medium_09.sco
1230790327
1230790327
-1
