Sceneryobjects\ADDON_gcW\leitpfosten.sco
1291150054
1291150054
-1
Sceneryobjects\ADDON_SimpleStreets\RQ_9,5_2spur_6,5m_Sidewalk_Roundabout_part2.sco
1048139561
1048139561
-1
Sceneryobjects\ADDON_SimpleStreets\RQ_9,5_2spur_6,5m_Sidewalk_Roundabout_part3.sco
1052271111
1052271111
-1
Sceneryobjects\ADDON_SimpleStreets\RQ_9,5_to_X8.sco
1047945837
1047945837
-1
Sceneryobjects\Buildings_Alex\izgorod.sco
1058298189
1058298189
-1
Sceneryobjects\Buildings_Alex\ogra01.sco
1060131555
1060131555
-1
Sceneryobjects\Buildings_Alex\ogra03.sco
1060131567
1060131567
-1
Sceneryobjects\Buildings_MC\CHGeb_01.sco
1532784860
1532784860
-1
Sceneryobjects\Buildings_MC\garage_1_sixpack.sco
1532784854
1532784854
-1
Sceneryobjects\Buildings_MC\oth_elek_1.sco
1532784859
1532784859
-1
Sceneryobjects\Buildings_RUE\Haus01b.sco
1532784854
1532784854
-1
Sceneryobjects\Buildings_RUE\Haus01c2.sco
1532784860
1532784860
-1
Sceneryobjects\Buildings_RUE\Haus02a.sco
1532784855
1532784855
-1
Sceneryobjects\Buildings_RUE\Haus02b.sco
1532784865
1532784865
-1
Sceneryobjects\Buildings_RUE\Haus02c2.sco
1532784864
1532784864
-1
Sceneryobjects\Buildings_RUE\Haus03e.sco
1532784855
1532784855
-1
Sceneryobjects\DavidM-Objekte\Mastsilber.sco
1119383712
1119383712
-1
Sceneryobjects\DavidM-Objekte\Zebra-rechts.sco
1114198254
1114198254
-1
Sceneryobjects\Generic\routearrow_dn.sco
1227266475
1227266475
-1
Sceneryobjects\Generic\routearrow_L.sco
1133255546
1133255546
-1
Sceneryobjects\Generic\routearrow_R.sco
1133255498
1133255498
-1
Sceneryobjects\Kamaz_Objects\Hecke.sco
1291150063
1291150063
-1
Sceneryobjects\Ljubljana\Zebrastreifen.sco
1058176679
1058176679
-1
Sceneryobjects\Nemolus Objekte\Verkehrszeichen\VZ_Mast_HGeschw_50.sco
1052211339
1052211339
-1
Sceneryobjects\Nemolus Objekte\Verkehrszeichen\VZ_Mast_Kreisverkehr.sco
1052211370
1052211370
-1
Sceneryobjects\Nemolus Objekte\Verkehrszeichen\VZ_Mast_Radfahrer.sco
1052211395
1052211395
-1
Sceneryobjects\Nemolus Objekte\Verkehrszeichen\VZ_Mast_VorfahrtGewaehren.sco
1052211494
1052211494
-1
Sceneryobjects\Nemolus Objekte\Verkehrszeichen\VZ_Mast_Vorfahrtstrasse.sco
1047755419
1047755419
-1
Sceneryobjects\Objects_RS\Jaegerzaun_6m.sco
1295144668
1295144668
-1
Sceneryobjects\Objects_RS\Zaun_6m_01.sco
1295144668
1295144668
-1
Sceneryobjects\Plakat3\awkst.sco
1066098756
1066098756
-1
Sceneryobjects\Ruede\forest_backdrop01.sco
1133255562
1133255562
-1
Sceneryobjects\Ruede\trees_chestnut01.sco
1133255504
1133255504
-1
Sceneryobjects\Ruede\trees_chestnut02.sco
1133255505
1133255505
-1
Sceneryobjects\Ruede\trees_chestnut03.sco
1133255505
1133255505
-1
Sceneryobjects\Steven Objecten\SK_Telegraaf_mast_draad.sco
1086853744
1086853744
-1
Sceneryobjects\Steven Objecten\SK_Telegraaf_mast_ondersteuning_draad.sco
1086853750
1086853750
-1
Sceneryobjects\Streetobjects_RUE\neonlight_S_bend_S.sco
1133255506
1133255506
-1
Sceneryobjects\Streetobjects_RUE\single_pole.sco
1133255574
1133255574
-1
Sceneryobjects\Streetobjects_RUE\sodiumlight_L_break_L.sco
1133255506
1133255506
-1
Sceneryobjects\Szombathely\Plakat\Plakat13\awkst.sco
1128944416
1128944416
-1
Sceneryobjects\Szombathely\Plakat\Plakat3\awkst.sco
1128749191
1128749191
-1
Sceneryobjects\Szombathely\Tablak\T1\T1.sco
1130475188
1130475188
-1
Sceneryobjects\Szombathely\Tablak\TBE\TBE.sco
1131698735
1131698735
-1
Sceneryobjects\Szombathely\Tablak\TKI\TKI.sco
1131699126
1131699126
-1
Sceneryobjects\Trees_MC\arbor_4.sco
1532784876
1532784876
-1
Sceneryobjects\Trees_MC\arbor_6.sco
1532784856
1532784856
-1
Sceneryobjects\Trees_MC\arbor_sixpack.sco
1532784859
1532784859
-1
Sceneryobjects\Trees_MC\fir_medium_01.sco
1532784868
1532784868
-1
Sceneryobjects\Trees_MC\fir_medium_02.sco
1532784878
1532784878
-1
Sceneryobjects\Trees_MC\fir_medium_03.sco
1532784860
1532784860
-1
Sceneryobjects\Trees_MC\shrubbery_01_20.sco
1532784858
1532784858
-1
Sceneryobjects\Trees_MC\shrubbery_03_10.sco
1532784854
1532784854
-1
Sceneryobjects\Trees_MC\shrubbery_03_20.sco
1532784855
1532784855
-1
Sceneryobjects\Trees_MC\shrubbery_04_05.sco
1532784869
1532784869
-1
Sceneryobjects\Trees_MC\shrubbery_04_20.sco
1532784854
1532784854
-1
Sceneryobjects\Trees_MC\tree_medium_01.sco
1532784864
1532784864
-1
Sceneryobjects\Trees_MC\tree_medium_02.sco
1532784868
1532784868
-1
Sceneryobjects\Trees_MC\tree_medium_03.sco
1532784866
1532784866
-1
Sceneryobjects\Trees_MC\tree_medium_04.sco
1532784864
1532784864
-1
Sceneryobjects\Trees_MC\tree_medium_05.sco
1532784861
1532784861
-1
Sceneryobjects\Trees_MC\tree_medium_06.sco
1532784860
1532784860
-1
Sceneryobjects\Trees_MC\tree_medium_07.sco
1532784861
1532784861
-1
Sceneryobjects\Trees_MC\tree_medium_08.sco
1532784866
1532784866
-1
Sceneryobjects\Trees_MC\tree_medium_09.sco
1532784861
1532784861
-1
Sceneryobjects\Trees_MC\Tree_Small_01.sco
1532784865
1532784865
-1
Sceneryobjects\Trees_MC\Tree_Small_09.sco
1532784866
1532784866
-1
Sceneryobjects\Trees_MC\Tree_Small_Nrw_01.sco
1532784864
1532784864
-1
Sceneryobjects\Trees_MC\tree_tiny_01.sco
1532784858
1532784858
-1
Splines\ADDON_SimpleStreets\RQ_9,5_2spur_6,5m.sli
1047303190
-
-
Splines\ADDON_SimpleStreets\RQ_9,5_2spur_6,5m_Sidewalk.sli
1047218954
-
-
Splines\Marcel\gw_1.sli
1133251458
-
-
Splines\Marcel\invis_street.sli
1133251408
-
-
Splines\Ruede\DDR_Brick_Wall_01.sli
1133253456
-
-
Splines\Terrain-Spline-V3_1\Splines\Terrain Spline\10mTerrain_Spline.sli
1089438732
-
-
Splines\Terrain-Spline-V3_1\Splines\Terrain Spline\4mTerrain_Spline.sli
1079484849
-
-
Splines\Yufa\12cm_N_line.sli
1097629391
-
-
Splines\Yufa\bussteig003.sli
1066804307
-
-
