Sceneryobjects\ADDON_gcW_fra\muelleimer.sco
1079547352
1079547352
-1
Sceneryobjects\ADDON_SimpleStreets\RQ_X8m_2spur_8,0m_Sidewalk_yunct.sco
1047945952
1047945952
-1
Sceneryobjects\Buildings_Alex\ogra02.sco
1060131564
1060131564
-1
Sceneryobjects\Buildings_DDR_RUE\DDR_Falkensee_Eisdiele.sco
1344340080
1344340080
-1
Sceneryobjects\Buildings_DDR_RUE\DDR_Falkensee_Kaufhalle.sco
1344340080
1344340080
-1
Sceneryobjects\Buildings_DDR_RUE\DDR_House_m_01.sco
1344340081
1344340081
-1
Sceneryobjects\Buildings_DDR_RUE\DDR_House_m_02.sco
1344340081
1344340081
-1
Sceneryobjects\Buildings_DDR_RUE\DDR_House_m_05.sco
1344340081
1344340081
-1
Sceneryobjects\Buildings_DDR_RUE\DDR_House_m_07.sco
1344340081
1344340081
-1
Sceneryobjects\Buildings_DDR_RUE\DDR_House_m_09.sco
1344340082
1344340082
-1
Sceneryobjects\Buildings_DDR_RUE\DDR_House_m_10.sco
1344340082
1344340082
-1
Sceneryobjects\Buildings_DDR_RUE\DDR_House_s_01.sco
1344340082
1344340082
-1
Sceneryobjects\Buildings_DDR_RUE\DDR_House_s_07.sco
1344340082
1344340082
-1
Sceneryobjects\Buildings_MC\bw_50s_10.sco
1344340128
1344340128
-1
Sceneryobjects\Buildings_MC\bw_kinder1.sco
1344340136
1344340136
-1
Sceneryobjects\Buildings_MC\bw_row30s_02.sco
1344340138
1344340138
-1
Sceneryobjects\Buildings_MC\bw_row30s_04.sco
1344340138
1344340138
-1
Sceneryobjects\Buildings_MC\wohn_04.sco
1344340334
1344340334
-1
Sceneryobjects\Buildings_MC\wohn_05.sco
1344340334
1344340334
-1
Sceneryobjects\DavidM-Objekte\Mastsilber.sco
1119383712
1119383712
-1
Sceneryobjects\DavidM-Objekte\Zebra-rechts.sco
1119381664
1119381664
-1
Sceneryobjects\Generic\bus_stop.sco
1259519163
1259519163
-1
Sceneryobjects\Generic\car_park.sco
1259519163
1259519163
-1
Sceneryobjects\Generic\people_standing_small.sco
1259519151
1259519151
-1
Sceneryobjects\Generic\routearrows_busstop.sco
1259519151
1259519151
-1
Sceneryobjects\HUN Objects\buszmegtabla.sco
1057271031
1057271031
-1
Sceneryobjects\HUN Objects\kek_menetrend.sco
1057270981
1057270981
-1
Sceneryobjects\Ljubljana\Zebrastreifen.sco
1058180775
1058180775
-1
Sceneryobjects\Megallo_uj\m_nev.sco
1078547673
1078547673
-1
Sceneryobjects\Nemolus Objekte\Verkehrszeichen\VZ_Mast_Vorfahrtstrasse.sco
1047755419
1047755419
-1
Sceneryobjects\Objects_RS\Zaun_Tor_6m_01.sco
1063221282
1063221282
-1
Sceneryobjects\Ruede\50er_aufbausiedlung01.sco
1344340548
1344340548
-1
Sceneryobjects\Ruede\forest_backdrop01.sco
1344340548
1344340548
-1
Sceneryobjects\Streetobjects_RUE\sodiumlight_L_break_L.sco
1133251410
1133251410
-1
Sceneryobjects\Szombathely\Ep3\Ep3.sco
1130061894
1130061894
-1
Sceneryobjects\Szombathely\Korlat\Korlat.sco
1150508744
1150508744
-1
Sceneryobjects\Szombathely\Plakat\Plakat10\awkst.sco
1128753741
1128753741
-1
Sceneryobjects\Szombathely\Plakat\Plakat12\awkst.sco
1128948466
1128948466
-1
Sceneryobjects\Szombathely\Plakat\Plakat13\awkst.sco
1128948512
1128948512
-1
Sceneryobjects\Szombathely\Plakat\Plakat14\awkst.sco
1128949629
1128949629
-1
Sceneryobjects\Szombathely\Plakat\Plakat16\awkst.sco
1128950192
1128950192
-1
Sceneryobjects\Szombathely\Plakat\Plakat17\awkst.sco
1128950246
1128950246
-1
Sceneryobjects\Szombathely\Plakat\Plakat20\awkst.sco
1128950959
1128950959
-1
Sceneryobjects\Szombathely\Plakat\Plakat29\awkst.sco
1148679719
1148679719
-1
Sceneryobjects\Szombathely\Plakat\Plakat30\awkst.sco
1148679727
1148679727
-1
Sceneryobjects\Szombathely\Vonalak\2547.sco
1153521041
1153521041
-1
Sceneryobjects\tomass94\prosto-prawo.sco
1464236498
1464236498
-1
Sceneryobjects\Trees_MC\shrubbery_01_10_nocollision.sco
1077120331
1077120331
-1
Sceneryobjects\Trees_MC\shrubbery_01_20.sco
1230790319
1230790319
-1
Sceneryobjects\Trees_MC\tree_medium_03.sco
1230790322
1230790322
-1
Sceneryobjects\Trees_MC\tree_medium_07.sco
1230790319
1230790319
-1
Sceneryobjects\Trees_MC\Tree_Small_06.sco
1230790322
1230790322
-1
Sceneryobjects\YufaObjekte\GLAWeihnachtsmarkt\Christmas5.sco
1165843896
1165843896
-1
Splines\Freyfurt\11m_Damm.sli
1112254258
-
-
Splines\invis_sidewalk.sli
1185383465
-
-
Splines\Marcel\invis_street.sli
1133251408
-
-
Splines\Terrain-Spline-V3_1\Splines\Terrain Spline\15mTerrain_Spline.sli
1089442855
-
-
Splines\Terrain-Spline-V3_1\Splines\Terrain Spline\20mTerrain_Spline.sli
1089443058
-
-
Splines\Terrain-Spline-V3_1\Splines\Terrain Spline\4mTerrain_Spline.sli
1079488945
-
-
Splines\Terrain-Spline-V3_1\Splines\Terrain Spline\8mTerrain_Spline.sli
1089442760
-
-
Splines\Terrain-Spline-V3_1\Splines\Terrain Spline\Terrain Spline_Other textures\Terrain-Spline_Innenstadt\4mTerrain_Spline_Innenstadt.sli
1079488945
-
-
Splines\Yufa\25cm_N_line.sli
1115850786
-
-
Splines\Yufa\Asphalt_line.sli
1058582057
-
-
Splines\Yufa\bussteig003.sli
1066804307
-
-
Splines\Yufa\str_asphdrk_1line.sli
1063360700
-
-
