Sceneryobjects\ADDON_gcW_fra\muelleimer.sco
1079543256
1079543256
-1
Sceneryobjects\ADDON_SimpleStreets\RQ_X8_to_X11_Seeburger.sco
1047945873
1047945873
-1
Sceneryobjects\Buildings_Alex\ogra01.sco
1060131555
1060131555
-1
Sceneryobjects\Buildings_DDR_RUE\DDR_Falkensee_Kaufhalle02.sco
1532784853
1532784853
-1
Sceneryobjects\Buildings_DDR_RUE\DDR_House_l_02.sco
1532784853
1532784853
-1
Sceneryobjects\Buildings_DDR_RUE\DDR_House_l_03.sco
1532784853
1532784853
-1
Sceneryobjects\Buildings_DDR_RUE\DDR_House_m_02.sco
1532784853
1532784853
-1
Sceneryobjects\Buildings_DDR_RUE\DDR_House_m_03.sco
1532784853
1532784853
-1
Sceneryobjects\Buildings_DDR_RUE\DDR_House_m_05.sco
1532784855
1532784855
-1
Sceneryobjects\Buildings_DDR_RUE\DDR_House_m_09.sco
1532784852
1532784852
-1
Sceneryobjects\Buildings_DDR_RUE\DDR_House_m_10.sco
1532784859
1532784859
-1
Sceneryobjects\Buildings_DDR_RUE\DDR_House_s_07.sco
1532784853
1532784853
-1
Sceneryobjects\Buildings_DDR_RUE\DDR_Memorial.sco
1532784855
1532784855
-1
Sceneryobjects\Buildings_MC\bw_60s_02A.sco
1532784852
1532784852
-1
Sceneryobjects\Buildings_MC\bw_hoch_03.sco
1532784859
1532784859
-1
Sceneryobjects\Buildings_MC\bw_hoch_12.sco
1532784852
1532784852
-1
Sceneryobjects\Buildings_MC\bw_hoch_21A.sco
1532784852
1532784852
-1
Sceneryobjects\Buildings_MC\bw_hoch_21B.sco
1532784856
1532784856
-1
Sceneryobjects\Buildings_MC\bw_hoch_23B.sco
1532784859
1532784859
-1
Sceneryobjects\Buildings_MC\bw_old_01.sco
1532784852
1532784852
-1
Sceneryobjects\Buildings_MC\bw_row30s_02.sco
1532784852
1532784852
-1
Sceneryobjects\Buildings_MC\bw_row30s_03.sco
1532784855
1532784855
-1
Sceneryobjects\Buildings_MC\bw_row30s_03_A.sco
1532784853
1532784853
-1
Sceneryobjects\Buildings_MC\bw_rowold_05.sco
1532784855
1532784855
-1
Sceneryobjects\Buildings_MC\bw_rowold_47.sco
1532784857
1532784857
-1
Sceneryobjects\Buildings_MC\bw_rowold_48.sco
1532784852
1532784852
-1
Sceneryobjects\Buildings_MC\bw_rowold_54.sco
1532784852
1532784852
-1
Sceneryobjects\Buildings_MC\bw_rowold_55.sco
1532784852
1532784852
-1
Sceneryobjects\Buildings_MC\Post01.sco
1532784854
1532784854
-1
Sceneryobjects\Buildings_MC\wohn_01.sco
1532784853
1532784853
-1
Sceneryobjects\DavidM-Objekte\Mastsilber.sco
1119383712
1119383712
-1
Sceneryobjects\DavidM-Objekte\Zebra-rechts.sco
1114198254
1114198254
-1
Sceneryobjects\folti\parkbank.sco
1291150086
1291150086
-1
Sceneryobjects\Generic\bus_stop.sco
1133255574
1133255574
-1
Sceneryobjects\Generic\car_park.sco
1133255499
1133255499
-1
Sceneryobjects\Generic\people_standing_small.sco
1133255496
1133255496
-1
Sceneryobjects\Generic\routearrow_dn.sco
1227266475
1227266475
-1
Sceneryobjects\Generic\routearrow_R.sco
1133255498
1133255498
-1
Sceneryobjects\HUN Objects\buszmegtabla.sco
1057266935
1057266935
-1
Sceneryobjects\HUN Objects\kek_menetrend.sco
1057266885
1057266885
-1
Sceneryobjects\Kamaz_Objects\Hecke.sco
1291150063
1291150063
-1
Sceneryobjects\Kreuz_MC\Kreuz_See_Elsflether.sco
1532784858
1532784858
-1
Sceneryobjects\Ljubljana\Zebrastreifen.sco
1058176679
1058176679
-1
Sceneryobjects\Logos\Kamaz_Logos\Deichmann.sco
1091199509
1091199509
-1
Sceneryobjects\Logos\Kamaz_Logos\Fressnapf.sco
1091199527
1091199527
-1
Sceneryobjects\Logos\Kamaz_Logos\Spar.sco
1091199665
1091199665
-1
Sceneryobjects\Megallo_uj\m_nev.sco
1078543577
1078543577
-1
Sceneryobjects\More Trees Addon\Bush4.sco
1503562427
1503562427
-1
Sceneryobjects\More Trees Addon\Flower1.sco
1503562427
1503562427
-1
Sceneryobjects\Muur bruin\muro_40m.sco
1060008496
1060008496
-1
Sceneryobjects\NDBV-Objekte\kuebel_bepflanzt_Lila.sco
1082029088
1082029088
-1
Sceneryobjects\Nemolus Objekte\Verkehrszeichen\VZ_Mast_StopVorfahrtGewaehren.sco
1052211428
1052211428
-1
Sceneryobjects\Nemolus Objekte\Verkehrszeichen\VZ_Mast_VorfahrtGewaehren.sco
1052211494
1052211494
-1
Sceneryobjects\Nemolus Objekte\Verkehrszeichen\VZ_Mast_Vorfahrtstrasse.sco
1047755419
1047755419
-1
Sceneryobjects\Ruede\30er_reihensiedlung01.sco
1133255503
1133255503
-1
Sceneryobjects\Streetobjects_MC\bridge_02.sco
1532784879
1532784879
-1
Sceneryobjects\Streetobjects_RUE\single_pole.sco
1133255574
1133255574
-1
Sceneryobjects\Streetobjects_RUE\sodiumlight_L_whip_L.sco
1133255501
1133255501
-1
Sceneryobjects\Streetobjects_RUE\sodiumlight_photpump.sco
1133255507
1133255507
-1
Sceneryobjects\Streetobjects_RUE\whip_beam.sco
1133255559
1133255559
-1
Sceneryobjects\Szombathely\B13\B13.sco
1132352212
1132352212
-1
Sceneryobjects\Szombathely\Cikk\Cikk.sco
1131896369
1131896369
-1
Sceneryobjects\Szombathely\Korlat\Korlat.sco
1150506696
1150506696
-1
Sceneryobjects\Szombathely\M15\M15.sco
1157122830
1157122830
-1
Sceneryobjects\Szombathely\Plakat\Plakat41\awkst.sco
1166434312
1166434312
-1
Sceneryobjects\Trees_MC\Poppies_01.sco
1086438202
1086438202
-1
Sceneryobjects\Trees_MC\shrubbery_01_05.sco
1532784869
1532784869
-1
Sceneryobjects\Trees_MC\shrubbery_01_20.sco
1532784858
1532784858
-1
Sceneryobjects\Trees_MC\tree_large_01.sco
1532784860
1532784860
-1
Sceneryobjects\Trees_MC\tree_medium_01.sco
1532784864
1532784864
-1
Sceneryobjects\Trees_MC\tree_medium_02.sco
1532784868
1532784868
-1
Sceneryobjects\Trees_MC\tree_medium_04.sco
1532784864
1532784864
-1
Sceneryobjects\Trees_MC\tree_medium_08.sco
1532784866
1532784866
-1
Sceneryobjects\Trees_MC\Tree_Small_01.sco
1532784865
1532784865
-1
Sceneryobjects\Trees_MC\Tree_Small_05.sco
1532784869
1532784869
-1
Sceneryobjects\Trees_MC\Tree_Small_Nrw_01.sco
1532784864
1532784864
-1
Sceneryobjects\Verkehrszeichen_MC\Ampel_Kfz_Oh_1.sco
1532784857
1532784857
-1
Sceneryobjects\Verkehrszeichen_MC\Ampel_Kfz_OhBlind_1.sco
1532784859
1532784859
-1
Sceneryobjects\Verkehrszeichen_MC\Ampel_Mensch_1.sco
1532784860
1532784860
-1
Splines\Freyfurt\11m_Damm.sli
1112250162
-
-
Splines\Marcel\invis_street.sli
1133251408
-
-
Splines\Marcel\str_2spur_11m_SeeburgerStr1.sli
1133251416
-
-
Splines\Marcel\str_2spur_8m_altonaer1.sli
1133251469
-
-
Splines\Ruede\sdwk_2.5m_DDR_Spandauer_Str.sli
1532784869
-
-
Splines\Terrain-Spline-V3_1\Splines\Terrain Spline\15mTerrain_Spline.sli
1089438759
-
-
Splines\Terrain-Spline-V3_1\Splines\Terrain Spline\20mTerrain_Spline.sli
1089438962
-
-
Splines\Terrain-Spline-V3_1\Splines\Terrain Spline\4mTerrain_Spline.sli
1079484849
-
-
Splines\Terrain-Spline-V3_1\Splines\Terrain Spline\8mTerrain_Spline.sli
1089438664
-
-
Splines\Terrain-Spline-V3_1\Splines\Terrain Spline\Terrain Spline_Other textures\Terrain-Spline_Innenstadt\8mTerrain_Spline_Innenstadt.sli
1089440712
-
-
Splines\VKL´s Splines\str_gruen_1m.sli
1083146895
-
-
