Sceneryobjects\ADDON_gcW_fra\fra_haltestelle_haus_2.sco
1079543256
1079543256
-1
Sceneryobjects\ADDON_gcW_fra\muelleimer.sco
1079543256
1079543256
-1
Sceneryobjects\ADDON_SimpleStreets\RQ_20n_w9,5_Sidew_Junct.sco
1049120562
1049120562
-1
Sceneryobjects\ADDON_SimpleStreets\RQ_9,5_2spur_6,5m_Sidewalk_busstop_asph.sco
1047945735
1047945735
-1
Sceneryobjects\ADDON_SimpleStreets\RQ_9,5_2spur_6,5m_Sidewalk_cross_forbus.sco
1047945773
1047945773
-1
Sceneryobjects\ADDON_SimpleStreets\RQ_9,5_to_10,5.sco
1047945833
1047945833
-1
Sceneryobjects\Buildings_Alex\zabb02.sco
1056465889
1056465889
-1
Sceneryobjects\Buildings_DDR_RUE\DDR_Falkensee_Kaufhalle02.sco
1532784853
1532784853
-1
Sceneryobjects\Buildings_DDR_RUE\DDR_House_m_01.sco
1532784853
1532784853
-1
Sceneryobjects\Buildings_DDR_RUE\DDR_House_m_02.sco
1532784853
1532784853
-1
Sceneryobjects\Buildings_DDR_RUE\DDR_House_m_05.sco
1532784855
1532784855
-1
Sceneryobjects\Buildings_DDR_RUE\DDR_House_m_07.sco
1532784853
1532784853
-1
Sceneryobjects\Buildings_DDR_RUE\DDR_House_m_10.sco
1532784859
1532784859
-1
Sceneryobjects\Buildings_DDR_RUE\DDR_House_m_11.sco
1532784853
1532784853
-1
Sceneryobjects\Buildings_MC\bk_melanchthon.sco
1532784856
1532784856
-1
Sceneryobjects\Buildings_MC\Box01.sco
1532784852
1532784852
-1
Sceneryobjects\Buildings_MC\buro_01.sco
1532784854
1532784854
-1
Sceneryobjects\Buildings_MC\bw_50s_07.sco
1532784859
1532784859
-1
Sceneryobjects\Buildings_MC\bw_80s_01.sco
1532784859
1532784859
-1
Sceneryobjects\Buildings_MC\bw_beseler_A.sco
1532784859
1532784859
-1
Sceneryobjects\Buildings_MC\bw_beseler_E.sco
1532784857
1532784857
-1
Sceneryobjects\Buildings_MC\bw_beseler_F.sco
1532784859
1532784859
-1
Sceneryobjects\Buildings_MC\bw_hoch_14.sco
1532784852
1532784852
-1
Sceneryobjects\Buildings_MC\bw_old_01.sco
1532784852
1532784852
-1
Sceneryobjects\Buildings_MC\bw_old_06.sco
1532784856
1532784856
-1
Sceneryobjects\Buildings_MC\bw_old_07.sco
1532784854
1532784854
-1
Sceneryobjects\Buildings_MC\bw_old_10.sco
1532784857
1532784857
-1
Sceneryobjects\Buildings_MC\bw_row30s_04.sco
1532784852
1532784852
-1
Sceneryobjects\Buildings_MC\bw_rowold_47.sco
1532784857
1532784857
-1
Sceneryobjects\Buildings_MC\bw_rowold_56.sco
1532784852
1532784852
-1
Sceneryobjects\Buildings_MC\bw_rowold_57.sco
1532784852
1532784852
-1
Sceneryobjects\Buildings_MC\muro_10m.sco
1046971181
1046971181
-1
Sceneryobjects\Buildings_MC\muro_20m.sco
1046910152
1046910152
-1
Sceneryobjects\DavidM-Objekte\Mastsilber.sco
1119383712
1119383712
-1
Sceneryobjects\DavidM-Objekte\Zebra-rechts.sco
1114198254
1114198254
-1
Sceneryobjects\Generic\bus_stop.sco
1133255574
1133255574
-1
Sceneryobjects\Generic\car_park.sco
1133255499
1133255499
-1
Sceneryobjects\Generic\people_standing_small.sco
1133255496
1133255496
-1
Sceneryobjects\Generic\routearrow_dn.sco
1227266475
1227266475
-1
Sceneryobjects\Generic\routearrows_busstop.sco
1133255562
1133255562
-1
Sceneryobjects\HUN Objects\buszmegtabla.sco
1057266935
1057266935
-1
Sceneryobjects\HUN Objects\kek_menetrend.sco
1057266885
1057266885
-1
Sceneryobjects\Kamaz_Objects\Hecke.sco
1291150063
1291150063
-1
Sceneryobjects\Ljubljana\Zebrastreifen.sco
1058176679
1058176679
-1
Sceneryobjects\Megallo_uj\m_nev.sco
1078543577
1078543577
-1
Sceneryobjects\More Trees Addon\Flower1.sco
1503562427
1503562427
-1
Sceneryobjects\More Trees Addon\TreeJustPlanted1.sco
1503562427
1503562427
-1
Sceneryobjects\More Trees Addon\TreeJustPlanted2.sco
1503562427
1503562427
-1
Sceneryobjects\More Trees Addon\TreeJustPlanted5.sco
1503562428
1503562428
-1
Sceneryobjects\Nemolus Objekte\Verkehrszeichen\VZ_Mast_FahrtrichtungGeradeausURechts.sco
1052210992
1052210992
-1
Sceneryobjects\Nemolus Objekte\Verkehrszeichen\VZ_Mast_HalteverbotAbsolut.sco
1052211051
1052211051
-1
Sceneryobjects\Nemolus Objekte\Verkehrszeichen\VZ_Mast_HalteverbotEingeschraenkt.sco
1052211331
1052211331
-1
Sceneryobjects\Nemolus Objekte\Verkehrszeichen\VZ_Mast_RadUGehwegGetr.sco
1052211400
1052211400
-1
Sceneryobjects\Nemolus Objekte\Verkehrszeichen\VZ_Mast_VerbotEinfahrt.sco
1052211461
1052211461
-1
Sceneryobjects\Nemolus Objekte\Verkehrszeichen\VZ_Mast_Vorfahrt.sco
1052211492
1052211492
-1
Sceneryobjects\Ruede\forest_backdrop01.sco
1133255562
1133255562
-1
Sceneryobjects\Streetobjects_MC\bollard_conc_1_norm.sco
1532784855
1532784855
-1
Sceneryobjects\Streetobjects_MC\bollard_conc_2.sco
1532784865
1532784865
-1
Sceneryobjects\Streetobjects_RUE\gibbet_beam.sco
1133255581
1133255581
-1
Sceneryobjects\Streetobjects_RUE\sodiumlight_L_break_L.sco
1133255506
1133255506
-1
Sceneryobjects\Szombathely\Cikk\Cikk.sco
1131896369
1131896369
-1
Sceneryobjects\Szombathely\Kut\Kut.sco
1151622608
1151622608
-1
Sceneryobjects\Szombathely\Paragvari\Paragvari.sco
1151619257
1151619257
-1
Sceneryobjects\Szombathely\Plakat\Plakat44\awkst.sco
1187467977
1187467977
-1
Sceneryobjects\Szombathely\S2\S2.sco
1130606277
1130606277
-1
Sceneryobjects\tomass94\lewo.sco
1291150089
1291150089
-1
Sceneryobjects\tomass94\prosto-prawo.sco
1291150089
1291150089
-1
Sceneryobjects\Trees_MC\fir_medium_02.sco
1532784878
1532784878
-1
Sceneryobjects\Trees_MC\shrubbery_01_05.sco
1532784869
1532784869
-1
Sceneryobjects\Trees_MC\shrubbery_01_20.sco
1532784858
1532784858
-1
Sceneryobjects\Trees_MC\shrubbery_03_10.sco
1532784854
1532784854
-1
Sceneryobjects\Trees_MC\ShrubberyBox_01.sco
1532784860
1532784860
-1
Sceneryobjects\Trees_MC\tree_medium_01.sco
1532784864
1532784864
-1
Sceneryobjects\Trees_MC\tree_medium_02.sco
1532784868
1532784868
-1
Sceneryobjects\Trees_MC\tree_medium_09.sco
1532784861
1532784861
-1
Sceneryobjects\Trees_MC\Tree_Small_01.sco
1532784865
1532784865
-1
Sceneryobjects\Trees_MC\Tree_Small_06.sco
1532784860
1532784860
-1
Sceneryobjects\Trees_MC\Tree_Small_Nrw_01.sco
1532784864
1532784864
-1
Sceneryobjects\Verkehrszeichen_MC\Ampel_Kfz_Oh_1.sco
1532784857
1532784857
-1
Sceneryobjects\Verkehrszeichen_MC\Ampel_Kfz_OhBlind_1.sco
1532784859
1532784859
-1
Sceneryobjects\Verkehrszeichen_MC\Ampel_Mensch_1.sco
1532784860
1532784860
-1
Splines\ADDON_SimpleStreets\RQ_10,5_2spur_7,5m.sli
1048140836
-
-
Splines\ADDON_SimpleStreets\RQ_20_4_spur_15m_narrow_Sidewalk.sli
1048793734
-
-
Splines\ADDON_SimpleStreets\RQ_9,5_2spur_6,5m_Sidewalk.sli
1047218954
-
-
Splines\invis_sidewalk.sli
1185383465
-
-
Splines\Marcel\invis_street.sli
1133251408
-
-
Splines\Ruede\DDR_Brick_Wall_01.sli
1133253456
-
-
Splines\Ruede\sdwk_1.5m_DDR_Spandauer_Str.sli
1532784858
-
-
Splines\Terrain-Spline-V3_1\Splines\Terrain Spline\10mTerrain_Spline.sli
1089438732
-
-
Splines\Terrain-Spline-V3_1\Splines\Terrain Spline\4mTerrain_Spline.sli
1079484849
-
-
Splines\VKL´s Splines\str_gruen_2m.sli
1083146864
-
-
Splines\Yufa\12cm_N_line.sli
1097629391
-
-
Splines\Yufa\25cm_N_line.sli
1115850786
-
-
Splines\Yufa\bikeline.sli
1059281985
-
-
Splines\Yufa\bussteig003.sli
1066804307
-
-
