Sceneryobjects\ADDON_Hohenkirchen\Buildings\Land\Einfamilienhaus_1d.sco
1489503897
1489503897
-1
Sceneryobjects\ADDON_Hohenkirchen\Buildings\Land\Muehlenstrasse_Wohnhaus_05.sco
1489503898
1489503898
-1
Sceneryobjects\ADDON_Hohenkirchen\Buildings\Land\Wohnhaus16.sco
1489503898
1489503898
-1
Sceneryobjects\Generic\bus_stop.sco
1133255574
1133255574
-1
Sceneryobjects\Generic\people_standing_small.sco
1133255496
1133255496
-1
Sceneryobjects\HUN Objects\buszmegtabla.sco
1057266935
1057266935
-1
Sceneryobjects\HUN Objects\kek_menetrend.sco
1057266885
1057266885
-1
Sceneryobjects\Trees_MC\arbor_sixpack.sco
1532784859
1532784859
-1
Sceneryobjects\Trees_MC\tree_medium_04.sco
1532784864
1532784864
-1
Splines\DavidM 2412\2Stadt_2spur_8m_middle lane_NO SIDEWALk.sli
1211846304
-
-
Splines\Marcel\invis_street.sli
1133251408
-
-
Splines\Terrain-Spline-V3_1\Splines\Terrain Spline\4mTerrain_Spline.sli
1079484849
-
-
