Sceneryobjects\ADDON_gcW_fra\fra_haltestelle_haus_2.sco
1079543256
1079543256
-1
Sceneryobjects\ADDON_gcW_fra\muelleimer.sco
1079543256
1079543256
-1
Sceneryobjects\Buildings_Alex\ogra02.sco
1060131564
1060131564
-1
Sceneryobjects\Buildings_DDR_RUE\DDR_Falkensee_Apotheke.sco
1532784853
1532784853
-1
Sceneryobjects\Buildings_DDR_RUE\DDR_House_l_02.sco
1532784853
1532784853
-1
Sceneryobjects\Buildings_DDR_RUE\DDR_House_l_03.sco
1532784853
1532784853
-1
Sceneryobjects\Buildings_DDR_RUE\DDR_House_l_05.sco
1532784852
1532784852
-1
Sceneryobjects\Buildings_DDR_RUE\DDR_House_m_09.sco
1532784852
1532784852
-1
Sceneryobjects\Buildings_DDR_RUE\DDR_House_m_10.sco
1532784859
1532784859
-1
Sceneryobjects\Buildings_DDR_RUE\DDR_House_s_03.sco
1532784853
1532784853
-1
Sceneryobjects\Buildings_DDR_RUE\DDR_House_s_07.sco
1532784853
1532784853
-1
Sceneryobjects\Buildings_MC\bw_50s_03A.sco
1532784852
1532784852
-1
Sceneryobjects\Buildings_MC\bw_60s_01.sco
1532784852
1532784852
-1
Sceneryobjects\Buildings_MC\bw_80s_02.sco
1532784859
1532784859
-1
Sceneryobjects\Buildings_MC\bw_hoch_23B.sco
1532784859
1532784859
-1
Sceneryobjects\Buildings_MC\bw_old_11.sco
1532784856
1532784856
-1
Sceneryobjects\Buildings_RUE\Ladenzeile.sco
1532784855
1532784855
-1
Sceneryobjects\DavidM-Objekte\Mastsilber.sco
1119383712
1119383712
-1
Sceneryobjects\DavidM-Objekte\Zebra-rechts.sco
1114198254
1114198254
-1
Sceneryobjects\Generic\bus_stop.sco
1133255574
1133255574
-1
Sceneryobjects\Generic\car_park.sco
1133255499
1133255499
-1
Sceneryobjects\Generic\people_standing_small.sco
1133255496
1133255496
-1
Sceneryobjects\Generic\routearrow_dn.sco
1227266475
1227266475
-1
Sceneryobjects\Generic\routearrow_L.sco
1133255546
1133255546
-1
Sceneryobjects\Generic\routearrow_R.sco
1133255498
1133255498
-1
Sceneryobjects\Generic\routearrows_busstop.sco
1133255562
1133255562
-1
Sceneryobjects\HUN Objects\buszmegtabla.sco
1057266935
1057266935
-1
Sceneryobjects\HUN Objects\kek_menetrend.sco
1057266885
1057266885
-1
Sceneryobjects\Ljubljana\Zebrastreifen.sco
1058176679
1058176679
-1
Sceneryobjects\Megallo_uj\m_nev.sco
1078543577
1078543577
-1
Sceneryobjects\Nemolus Objekte\Verkehrszeichen\VZ_Mast_HalteverbotAbsolut.sco
1052211051
1052211051
-1
Sceneryobjects\Nemolus Objekte\Verkehrszeichen\VZ_Mast_RechtsVorbei.sco
1052211404
1052211404
-1
Sceneryobjects\Nemolus Objekte\Verkehrszeichen\VZ_Mast_StopVorfahrtGewaehren.sco
1052211428
1052211428
-1
Sceneryobjects\Nemolus Objekte\Verkehrszeichen\VZ_Mast_VorfahrtGewaehren.sco
1052211494
1052211494
-1
Sceneryobjects\Nemolus Objekte\Verkehrszeichen\VZ_Mast_Vorfahrtstrasse.sco
1047755419
1047755419
-1
Sceneryobjects\Objects_RS\Zaun_Tor_6m_01.sco
1295144668
1295144668
-1
Sceneryobjects\Polskie sygnalizatory\S-3d\S-3d_Overhead.sco
1291150074
1291150074
-1
Sceneryobjects\Ruede\forest_backdrop01.sco
1133255562
1133255562
-1
Sceneryobjects\Ruede\trees_chestnut03.sco
1133255505
1133255505
-1
Sceneryobjects\Streetobjects_MC\bridge_02.sco
1532784879
1532784879
-1
Sceneryobjects\Streetobjects_RUE\Gaslight_Candelabra_2.sco
1133255564
1133255564
-1
Sceneryobjects\Streetobjects_RUE\single_pole.sco
1133255574
1133255574
-1
Sceneryobjects\Streetobjects_RUE\sodiumlight_L_break_L.sco
1133255506
1133255506
-1
Sceneryobjects\Streetobjects_RUE\whip_beam.sco
1133255559
1133255559
-1
Sceneryobjects\Szombathely\Cikk\Cikk.sco
1131896369
1131896369
-1
Sceneryobjects\Szombathely\dohanybolt\dohanybolt.sco
1123853799
1123853799
-1
Sceneryobjects\Szombathely\Hir\Hir.sco
1150503791
1150503791
-1
Sceneryobjects\Szombathely\Kerek\Kiskar\Kiskar.sco
1156999954
1156999954
-1
Sceneryobjects\Szombathely\Kerek\Kiskar\Kut.sco
1150503837
1150503837
-1
Sceneryobjects\Szombathely\Plakat\Plakat13\awkst.sco
1128944416
1128944416
-1
Sceneryobjects\Szombathely\Plakat\Plakat31\awkst.sco
1150504310
1150504310
-1
Sceneryobjects\Szombathely\Rum\Rum.sco
1150503731
1150503731
-1
Sceneryobjects\Szombathely\S2\S2.sco
1130606277
1130606277
-1
Sceneryobjects\Szombathely\Vonalak\2540.sco
1153521035
1153521035
-1
Sceneryobjects\tomass94\lewo.sco
1291150089
1291150089
-1
Sceneryobjects\tomass94\prawo.sco
1291150089
1291150089
-1
Sceneryobjects\tomass94\prosto.sco
1291150089
1291150089
-1
Sceneryobjects\Trees_MC\shrubbery_01_20.sco
1532784858
1532784858
-1
Sceneryobjects\Trees_MC\shrubbery_04_20.sco
1532784854
1532784854
-1
Sceneryobjects\Trees_MC\tree_medium_01.sco
1532784864
1532784864
-1
Sceneryobjects\Trees_MC\tree_medium_02.sco
1532784868
1532784868
-1
Sceneryobjects\Trees_MC\tree_medium_03.sco
1532784866
1532784866
-1
Sceneryobjects\Trees_MC\tree_medium_07.sco
1532784861
1532784861
-1
Sceneryobjects\Trees_MC\Tree_Small_01.sco
1532784865
1532784865
-1
Sceneryobjects\Trees_MC\Tree_Small_Nrw_01.sco
1532784864
1532784864
-1
Sceneryobjects\Trees_MC\tree_tiny_01.sco
1532784858
1532784858
-1
Sceneryobjects\Verkehrszeichen_MC\Ampel_Kfz_Oh_1.sco
1532784857
1532784857
-1
Sceneryobjects\Verkehrszeichen_MC\Ampel_Kfz_OhBlind_1.sco
1532784859
1532784859
-1
Sceneryobjects\Verkehrszeichen_MC\Ampel_KfzL_1.sco
1532784868
1532784868
-1
Sceneryobjects\Verkehrszeichen_MC\Ampel_Mensch_1.sco
1532784860
1532784860
-1
Splines\Addon Modern Streets\str_2spur_8m_sedan1-Überland.sli
1062830894
-
-
Splines\ADDON_SimpleStreets\RQ_9,5_2spur_6,5m_Sidewalk.sli
1047218954
-
-
Splines\Freyfurt\11m_Damm.sli
1112250162
-
-
Splines\invis_sidewalk.sli
1185383465
-
-
Splines\Marcel\invis_street.sli
1133251408
-
-
Splines\Marcel\str_2spur_11m_SeeburgerStr1.sli
1133251416
-
-
Splines\Marcel\str_2spur_9m_Maulbeerallee1.sli
1133251417
-
-
Splines\Ruede\DDR_Brick_Wall_01.sli
1133253456
-
-
Splines\Ruede\Polizeizaun.sli
1225628709
-
-
Splines\Szczecin\laty_drogowe_1,0.sli
1132969480
-
-
Splines\Szczecin\laty_drogowe_1,5.sli
1132969480
-
-
Splines\Terrain-Spline-V3_1\Splines\Terrain Spline\15mTerrain_Spline.sli
1089438759
-
-
Splines\Terrain-Spline-V3_1\Splines\Terrain Spline\20mTerrain_Spline.sli
1089438962
-
-
Splines\Terrain-Spline-V3_1\Splines\Terrain Spline\4mTerrain_Spline.sli
1079484849
-
-
Splines\Terrain-Spline-V3_1\Splines\Terrain Spline\Terrain Spline_Other textures\Terrain-Spline_Innenstadt\4mTerrain_Spline_Innenstadt.sli
1079486897
-
-
Splines\Terrain-Spline-V3_1\Splines\Terrain Spline\Terrain Spline_Other textures\Terrain-Spline_Innenstadt\8mTerrain_Spline_Innenstadt.sli
1089440712
-
-
Splines\Yufa\12cm_N_line.sli
1097629391
-
-
Splines\Yufa\25cm_N_line.sli
1115850786
-
-
Splines\Yufa\bau_line.sli
1058585609
-
-
Splines\Yufa\bussteig003.sli
1066804307
-
-
Splines\Yufa\str_asphdrk_1line.sli
1063360700
-
-
