Sceneryobjects\Addon_British-Style_Road_Markings\Give_Way_Marking.sco
1503562407
1503562407
-1
Sceneryobjects\ADDON_gcW_fra\fra_haltestelle_haus_2.sco
1079543256
1079543256
-1
Sceneryobjects\ADDON_gcW_fra\muelleimer.sco
1079543256
1079543256
-1
Sceneryobjects\Buildings_Alex\klumba.sco
1054235236
1054235236
-1
Sceneryobjects\Buildings_MC\bw_50s_02.sco
1532784855
1532784855
-1
Sceneryobjects\Buildings_MC\bw_amtsgericht_spandau.sco
1532784852
1532784852
-1
Sceneryobjects\Buildings_MC\bw_polizei01.sco
1532784852
1532784852
-1
Sceneryobjects\Buildings_MC\Bw_Row30s_05.sco
1532784852
1532784852
-1
Sceneryobjects\Buildings_MC\bw_secondhandcars.sco
1532784852
1532784852
-1
Sceneryobjects\Buildings_MC\bw_supermarkt_3.sco
1532784852
1532784852
-1
Sceneryobjects\Buildings_MC\muro_20m.sco
1046910152
1046910152
-1
Sceneryobjects\Buildings_MC\Ubahn_Rsp_04.sco
1532784861
1532784861
-1
Sceneryobjects\Buildings_RUE\Taubenhaus.sco
1532784877
1532784877
-1
Sceneryobjects\BusdriversObjekte\Stange senkrecht.sco
1054319404
1054319404
-1
Sceneryobjects\DavidM-Objekte\Mastsilber.sco
1119383712
1119383712
-1
Sceneryobjects\DavidM-Objekte\Zebra-rechts.sco
1114198254
1114198254
-1
Sceneryobjects\Generic\bus_stop.sco
1133255574
1133255574
-1
Sceneryobjects\Generic\car_park.sco
1133255499
1133255499
-1
Sceneryobjects\Generic\entrypoint_bus.sco
1133255560
1133255560
-1
Sceneryobjects\Generic\people_standing_small.sco
1133255496
1133255496
-1
Sceneryobjects\Generic\routearrow_dn.sco
1227266475
1227266475
-1
Sceneryobjects\Generic\routearrow_L.sco
1133255546
1133255546
-1
Sceneryobjects\Generic\routearrow_R.sco
1133255498
1133255498
-1
Sceneryobjects\Generic\routearrows_busstop.sco
1133255562
1133255562
-1
Sceneryobjects\HUN Objects\buszmegtabla.sco
1057266935
1057266935
-1
Sceneryobjects\HUN Objects\kek_menetrend.sco
1057266885
1057266885
-1
Sceneryobjects\Ljubljana\Zebrastreifen.sco
1058176679
1058176679
-1
Sceneryobjects\LMG123_kukak\kuka_fem.sco
1125673287
1125673287
-1
Sceneryobjects\MAV\Oszlop\veztart_oszlop.sco
1115530379
1115530379
-1
Sceneryobjects\Megallo_uj\m_nev.sco
1078543577
1078543577
-1
Sceneryobjects\More Trees Addon\FirTree3.sco
1503562427
1503562427
-1
Sceneryobjects\Nemolus Objekte\Verkehrszeichen\VZ_1002-13_Vorfahrtstrasse_MitMast.sco
1052944398
1052944398
-1
Sceneryobjects\Nemolus Objekte\Verkehrszeichen\VZ_Mast_HalteverbotAbsolut.sco
1052211051
1052211051
-1
Sceneryobjects\Nemolus Objekte\Verkehrszeichen\VZ_Mast_VerbotEinfahrt.sco
1052211461
1052211461
-1
Sceneryobjects\Nemolus Objekte\Verkehrszeichen\VZ_Mast_VorfahrtGewaehren.sco
1052211494
1052211494
-1
Sceneryobjects\Nemolus Objekte\Verkehrszeichen\VZ_Mast_Vorfahrtstrasse.sco
1047755419
1047755419
-1
Sceneryobjects\Railroad_RUE\EW190_L_Beton.sco
1532784859
1532784859
-1
Sceneryobjects\Railroad_RUE\EW190_R_Beton.sco
1532784855
1532784855
-1
Sceneryobjects\Streetobjects_MC\bollard_conc_1_norm.sco
1532784855
1532784855
-1
Sceneryobjects\Streetobjects_MC\BusstopDisplay.sco
1532784860
1532784860
-1
Sceneryobjects\Streetobjects_MC\phonedistbox_1.sco
1532784867
1532784867
-1
Sceneryobjects\Streetobjects_RUE\LBL-Tropfen_5.sco
1133255501
1133255501
-1
Sceneryobjects\Streetobjects_RUE\neonlight_S_bend_S.sco
1133255506
1133255506
-1
Sceneryobjects\Streetobjects_RUE\sodiumlight_L_whip_L.sco
1133255501
1133255501
-1
Sceneryobjects\Szombathely\Allomas\SZAllomas.sco
1122858277
1122858277
-1
Sceneryobjects\Szombathely\Buszpu\Buszpu.sco
1130053218
1130053218
-1
Sceneryobjects\Szombathely\Cikk\Cikk.sco
1131896369
1131896369
-1
Sceneryobjects\Szombathely\Ep2\Ep2.sco
1130053767
1130053767
-1
Sceneryobjects\Szombathely\Korlat\Korlat.sco
1150506696
1150506696
-1
Sceneryobjects\Szombathely\Mav\Mav.sco
1130974959
1130974959
-1
Sceneryobjects\Szombathely\Multi\Multi_2.sco
1162977967
1162977967
-1
Sceneryobjects\Szombathely\Multi\Multi_2-nevtabla.sco
1167415612
1167415612
-1
Sceneryobjects\Szombathely\Pad\padpiros.sco
1087544845
1087544845
-1
Sceneryobjects\Szombathely\Peron2\Peron2.sco
1126472720
1126472720
-1
Sceneryobjects\Szombathely\Plakat\Plakat44\awkst.sco
1187467977
1187467977
-1
Sceneryobjects\Szombathely\Plakat\Plakat45\awkst.sco
1187474483
1187474483
-1
Sceneryobjects\Szombathely\S5\S5.sco
1130646703
1130646703
-1
Sceneryobjects\Szombathely\S6\S6.sco
1130647112
1130647112
-1
Sceneryobjects\Szombathely\Telefon\Telefon.sco
1130581555
1130581555
-1
Sceneryobjects\Szombathely\Tomb\Tomb.sco
1130974633
1130974633
-1
Sceneryobjects\Szombathely\Vallomas\Vallomas.sco
1130978635
1130978635
-1
Sceneryobjects\Szombathely\Vonalak\2540.sco
1153521035
1153521035
-1
Sceneryobjects\Szombathely\Vonalak\2547.sco
1153521041
1153521041
-1
Sceneryobjects\Trees_MC\fir_medium_03.sco
1532784860
1532784860
-1
Sceneryobjects\Trees_MC\shrubbery_01_05.sco
1532784869
1532784869
-1
Sceneryobjects\Trees_MC\shrubbery_03_10.sco
1532784854
1532784854
-1
Sceneryobjects\Trees_MC\shrubbery_04_20.sco
1532784854
1532784854
-1
Sceneryobjects\Trees_MC\tree_large_05.sco
1532784858
1532784858
-1
Sceneryobjects\Trees_MC\tree_medium_02.sco
1532784868
1532784868
-1
Sceneryobjects\Trees_MC\tree_medium_06.sco
1532784860
1532784860
-1
Sceneryobjects\Trees_MC\tree_tiny_01.sco
1532784858
1532784858
-1
Splines\LMG\sin_felsovezetekkel.sli
1117082866
-
-
Splines\Marcel\invis_street.sli
1133251408
-
-
Splines\Marcel\str_2spur_11m_SeeburgerStr1.sli
1133251416
-
-
Splines\Platforms\platform_01.sli
1053128999
-
-
Splines\Platforms\platform_01_small.sli
1053128999
-
-
Splines\Terrain-Spline-V3_1\Splines\Terrain Spline\10mTerrain_Spline.sli
1089438732
-
-
Splines\Terrain-Spline-V3_1\Splines\Terrain Spline\15mTerrain_Spline.sli
1089438759
-
-
Splines\Terrain-Spline-V3_1\Splines\Terrain Spline\20mTerrain_Spline.sli
1089438962
-
-
Splines\Terrain-Spline-V3_1\Splines\Terrain Spline\4mTerrain_Spline.sli
1079484849
-
-
Splines\Terrain-Spline-V3_1\Splines\Terrain Spline\8mTerrain_Spline.sli
1089438664
-
-
Splines\VKL´s Splines\str_gruen_1m.sli
1083146895
-
-
Splines\VKL´s Splines\str_gruen_2m.sli
1083146864
-
-
Splines\Yufa\12cm_N_line.sli
1097629391
-
-
Splines\Yufa\25cm_N_line.sli
1115850786
-
-
Splines\Yufa\Asphalt_line.sli
1058582057
-
-
Splines\Yufa\bussteig003.sli
1066804307
-
-
Splines\Yufa\bussteig004.sli
1077378173
-
-
Splines\Yufa\bussteig005.sli
1210599424
-
-
Splines\Yufa\str_asphdrk_1line.sli
1063360700
-
-
Splines\Yufa\wait_line.sli
1059544064
-
-
Splines\Yufa\yufa_gw_land1.sli
1080911259
-
-
