Sceneryobjects\ADDON_SimpleStreets\RQ_X11_to_15,5_Start.sco
1047945980
1047945980
-1
Sceneryobjects\Buildings_Alex\zabb02.sco
1056465889
1056465889
-1
Sceneryobjects\Buildings_DDR_RUE\DDR_House_m_02.sco
1532784853
1532784853
-1
Sceneryobjects\Buildings_DDR_RUE\DDR_House_m_09.sco
1532784852
1532784852
-1
Sceneryobjects\Buildings_DDR_RUE\DDR_House_m_10.sco
1532784859
1532784859
-1
Sceneryobjects\Buildings_DDR_RUE\DDR_House_m_11.sco
1532784853
1532784853
-1
Sceneryobjects\Buildings_MC\bw_beseler_A.sco
1532784859
1532784859
-1
Sceneryobjects\Buildings_MC\bw_beseler_C.sco
1532784855
1532784855
-1
Sceneryobjects\Buildings_MC\bw_beseler_D.sco
1532784852
1532784852
-1
Sceneryobjects\Buildings_MC\bw_beseler_E.sco
1532784857
1532784857
-1
Sceneryobjects\Buildings_MC\bw_beseler_F.sco
1532784859
1532784859
-1
Sceneryobjects\Buildings_MC\bw_beseler_G.sco
1532784854
1532784854
-1
Sceneryobjects\Buildings_MC\bw_old_10.sco
1532784857
1532784857
-1
Sceneryobjects\Buildings_MC\bw_rowold_56.sco
1532784852
1532784852
-1
Sceneryobjects\Buildings_MC\muro_20m.sco
1046910152
1046910152
-1
Sceneryobjects\Construcao_FilipeRicardo\muro_40m.sco
1046981430
1046981430
-1
Sceneryobjects\DavidM-Objekte\Mastsilber.sco
1119383712
1119383712
-1
Sceneryobjects\DavidM-Objekte\Zebra-rechts.sco
1114198254
1114198254
-1
Sceneryobjects\Generic\car_park.sco
1133255499
1133255499
-1
Sceneryobjects\Kamaz_Objects\Hecke.sco
1291150063
1291150063
-1
Sceneryobjects\Ljubljana\Zebrastreifen.sco
1058176679
1058176679
-1
Sceneryobjects\More Trees Addon\Flower1.sco
1503562427
1503562427
-1
Sceneryobjects\Nemolus Objekte\Verkehrszeichen\VZ_1002-20_Vorfahrtstrasse_MitMast.sco
1052944419
1052944419
-1
Sceneryobjects\Nemolus Objekte\Verkehrszeichen\VZ_Mast_HalteverbotAbsolut.sco
1052211051
1052211051
-1
Sceneryobjects\Nemolus Objekte\Verkehrszeichen\VZ_Mast_VorfahrtGewaehren.sco
1052211494
1052211494
-1
Sceneryobjects\Nemolus Objekte\Verkehrszeichen\VZ_Mast_Vorfahrtstrasse.sco
1047755419
1047755419
-1
Sceneryobjects\Ruede\forest_backdrop01.sco
1133255562
1133255562
-1
Sceneryobjects\Ruede\trees_chestnut03.sco
1133255505
1133255505
-1
Sceneryobjects\Streetobjects_RUE\gibbet_beam.sco
1133255581
1133255581
-1
Sceneryobjects\Streetobjects_RUE\sodiumlight_L_break_L.sco
1133255506
1133255506
-1
Sceneryobjects\Szombathely\Buszep\Buszep.sco
1156362061
1156362061
-1
Sceneryobjects\Szombathely\Egyhaz\Egyhaz.sco
1124418935
1124418935
-1
Sceneryobjects\Szombathely\MMIK\MMIK.sco
1147702937
1147702937
-1
Sceneryobjects\Szombathely\Pad\padpiros.sco
1087544845
1087544845
-1
Sceneryobjects\Szombathely\Vonalak\2540.sco
1153521035
1153521035
-1
Sceneryobjects\Trees_MC\fir_medium_01.sco
1532784868
1532784868
-1
Sceneryobjects\Trees_MC\fir_medium_03.sco
1532784860
1532784860
-1
Sceneryobjects\Trees_MC\shrubbery_01_05.sco
1532784869
1532784869
-1
Sceneryobjects\Trees_MC\shrubbery_01_20.sco
1532784858
1532784858
-1
Sceneryobjects\Trees_MC\shrubbery_03_05.sco
1532784868
1532784868
-1
Sceneryobjects\Trees_MC\shrubbery_03_10.sco
1532784854
1532784854
-1
Sceneryobjects\Trees_MC\shrubbery_03_20.sco
1532784855
1532784855
-1
Sceneryobjects\Trees_MC\ShrubberyBox_01.sco
1532784860
1532784860
-1
Sceneryobjects\Trees_MC\tree_avenue_04.sco
1532784857
1532784857
-1
Sceneryobjects\Trees_MC\tree_large_01.sco
1532784860
1532784860
-1
Sceneryobjects\Trees_MC\tree_medium_01.sco
1532784864
1532784864
-1
Sceneryobjects\Trees_MC\tree_medium_02.sco
1532784868
1532784868
-1
Sceneryobjects\Trees_MC\tree_medium_06.sco
1532784860
1532784860
-1
Sceneryobjects\Trees_MC\Tree_Small_01.sco
1532784865
1532784865
-1
Sceneryobjects\Trees_MC\Tree_Small_04.sco
1532784856
1532784856
-1
Sceneryobjects\Trees_MC\Tree_Small_Nrw_01.sco
1532784864
1532784864
-1
Sceneryobjects\Verkehrszeichen_MC\Ampel_Kfz_Oh_1.sco
1532784857
1532784857
-1
Sceneryobjects\Verkehrszeichen_MC\Ampel_Kfz_OhBlind_1.sco
1532784859
1532784859
-1
Sceneryobjects\Verkehrszeichen_MC\Ampel_Mensch_1.sco
1532784860
1532784860
-1
Splines\ADDON_Freyfurt\UL11m.sli
1089362025
-
-
Splines\ADDON_SimpleStreets\RQ_9,5_2spur_6,5m_Sidewalk.sli
1047218954
-
-
Splines\Marcel\invis_street.sli
1133251408
-
-
Splines\Marcel\str_2spur_11m_SeeburgerStr1.sli
1133251416
-
-
Splines\Marcel\str_2spur_8m_sedan1.sli
1133251468
-
-
Splines\Ruede\DDR_Zaun_01.sli
1133253507
-
-
Splines\Szczecin\laty_drogowe_8,0.sli
1132969480
-
-
Splines\Terrain-Spline-V3_1\Splines\Terrain Spline\15mTerrain_Spline.sli
1089438759
-
-
Splines\Terrain-Spline-V3_1\Splines\Terrain Spline\4mTerrain_Spline.sli
1079484849
-
-
Splines\Terrain-Spline-V3_1\Splines\Terrain Spline\8mTerrain_Spline.sli
1089438664
-
-
Splines\Yufa\25cm_N_line.sli
1115850786
-
-
Splines\Yufa\bussteig003.sli
1066804307
-
-
