Sceneryobjects\Buildings_DDR_RUE\DDR_House_m_02.sco
1344340081
1344340081
-1
Sceneryobjects\Buildings_DDR_RUE\DDR_House_m_05.sco
1344340081
1344340081
-1
Sceneryobjects\Buildings_DDR_RUE\DDR_House_m_07.sco
1344340081
1344340081
-1
Sceneryobjects\Buildings_DDR_RUE\DDR_House_s_05.sco
1344340082
1344340082
-1
Sceneryobjects\Buildings_MC\bw_business_01.sco
1344340132
1344340132
-1
Sceneryobjects\Buildings_MC\bw_nervenklinik_B.sco
1344340136
1344340136
-1
Sceneryobjects\Kamaz_Objects\Hecke.sco
1085305874
1085305874
-1
Sceneryobjects\Objects_RS\Jaegerzaun_6m.sco
1063221302
1063221302
-1
Sceneryobjects\Ruede\forest_backdrop01.sco
1344340548
1344340548
-1
Sceneryobjects\Streetobjects_RUE\sodiumlight_L_break_L.sco
1133251410
1133251410
-1
Sceneryobjects\tomass94\lewo.sco
1464236475
1464236475
-1
Sceneryobjects\tomass94\prosto.sco
1464236489
1464236489
-1
Sceneryobjects\Trees_MC\shrubbery_01_05.sco
1183556451
1183556451
-1
Sceneryobjects\Trees_MC\ShrubberyBox_01.sco
1230790319
1230790319
-1
Splines\Marcel\invis_street.sli
1133251408
-
-
Splines\Terrain-Spline-V3_1\Splines\Terrain Spline\4mTerrain_Spline.sli
1079488945
-
-
Splines\VKL´s Splines\str_gruen_1m.sli
1083146895
-
-
Splines\Yufa\25cm_N_line.sli
1115850786
-
-
Splines\Yufa\bussteig005.sli
1210599424
-
-
Splines\Yufa\str_asphdrk_1line.sli
1063360700
-
-
