Sceneryobjects\ADDON_gcW_fra\fra_haltestelle_haus_2.sco
1079543256
1079543256
-1
Sceneryobjects\ADDON_gcW_fra\muelleimer.sco
1079543256
1079543256
-1
Sceneryobjects\Buildings_Alex\podium2.sco
1060131751
1060131751
-1
Sceneryobjects\Buildings_MC\bw_50s_03A.sco
1532784852
1532784852
-1
Sceneryobjects\Buildings_MC\bw_70s_03.sco
1532784855
1532784855
-1
Sceneryobjects\Buildings_MC\bw_hoch_21A.sco
1532784852
1532784852
-1
Sceneryobjects\Construcao_FilipeRicardo\muro_40m.sco
1046981430
1046981430
-1
Sceneryobjects\folti\parkbank.sco
1291150086
1291150086
-1
Sceneryobjects\Generic\bus_stop.sco
1133255574
1133255574
-1
Sceneryobjects\Generic\car_park.sco
1133255499
1133255499
-1
Sceneryobjects\Generic\entrypoint_bus.sco
1133255560
1133255560
-1
Sceneryobjects\Generic\people_standing_small.sco
1133255496
1133255496
-1
Sceneryobjects\Generic\routearrows_busstop.sco
1133255562
1133255562
-1
Sceneryobjects\HUN Objects\buszmegtabla.sco
1057266935
1057266935
-1
Sceneryobjects\HUN Objects\kek_menetrend.sco
1057266885
1057266885
-1
Sceneryobjects\Kreuz_MC\Kreuz_Altonaer.sco
1532784854
1532784854
-1
Sceneryobjects\Kreuz_MC\Wende_Borkumer_R.sco
1532784858
1532784858
-1
Sceneryobjects\Megallo_uj\m_nev.sco
1078543577
1078543577
-1
Sceneryobjects\Nemolus Objekte\Verkehrszeichen\VZ_357_Sackgasse_MitMast.sco
1052944220
1052944220
-1
Sceneryobjects\Nemolus Objekte\Verkehrszeichen\VZ_Mast_VorfahrtGewaehren.sco
1052211494
1052211494
-1
Sceneryobjects\Nemolus Objekte\Verkehrszeichen\VZ_Mast_Vorfahrtstrasse.sco
1047755419
1047755419
-1
Sceneryobjects\Nemolus Objekte\Verkehrszeichen\VZ_Mast_VorfahrtstrasseEnde.sco
1047894688
1047894688
-1
Sceneryobjects\Ruede\forest_backdrop01.sco
1133255562
1133255562
-1
Sceneryobjects\Streetobjects_RUE\sodiumlight_L_break_L.sco
1133255506
1133255506
-1
Sceneryobjects\Szombathely\Telefon\Telefon.sco
1130581555
1130581555
-1
Sceneryobjects\Trees_MC\shrubbery_01_05.sco
1532784869
1532784869
-1
Sceneryobjects\Trees_MC\shrubbery_01_10.sco
1532784859
1532784859
-1
Sceneryobjects\Trees_MC\shrubbery_01_20.sco
1532784858
1532784858
-1
Sceneryobjects\Trees_MC\tree_medium_01.sco
1532784864
1532784864
-1
Sceneryobjects\Trees_MC\tree_medium_02.sco
1532784868
1532784868
-1
Sceneryobjects\Trees_MC\tree_tiny_01.sco
1532784858
1532784858
-1
Splines\Marcel\str_2spur_8m_altonaer1.sli
1133251469
-
-
Splines\Marcel\str_2spur_8m_borkumer1.sli
1133251415
-
-
Splines\Szczecin\laty_drogowe_8,0.sli
1132969480
-
-
Splines\Terrain-Spline-V3_1\Splines\Terrain Spline\10mTerrain_Spline.sli
1089438732
-
-
Splines\Terrain-Spline-V3_1\Splines\Terrain Spline\4mTerrain_Spline.sli
1079484849
-
-
