Sceneryobjects\Buildings_DDR_RUE\DDR_Stadthalle_Falkensee.sco
1344340083
1344340083
-1
Sceneryobjects\Buildings_MC\schul_turn_02.sco
1344340186
1344340186
-1
Sceneryobjects\Ruede\forest_backdrop01.sco
1344340548
1344340548
-1
Sceneryobjects\Trees_MC\shrubbery_04_20.sco
1230790321
1230790321
-1
Sceneryobjects\Trees_MC\tree_medium_01.sco
1230790324
1230790324
-1
Sceneryobjects\Trees_MC\tree_medium_02.sco
1230790322
1230790322
-1
Sceneryobjects\Trees_MC\tree_medium_09.sco
1230790327
1230790327
-1
Splines\Terrain-Spline-V3_1\Splines\Terrain Spline\20mTerrain_Spline.sli
1089443058
-
-
Splines\Yufa\bussteig004.sli
1077378173
-
-
