Sceneryobjects\ADDON_SimpleStreets\RQ_15,5_3spur_11,5m_Sidewalk_cross.sco
1048094063
1048094063
-1
Sceneryobjects\ADDON_SimpleStreets\RQ_X8m_to_15,5_Start.sco
1047945968
1047945968
-1
Sceneryobjects\Buildings_DDR_RUE\DDR_House_m_05.sco
1344340081
1344340081
-1
Sceneryobjects\Buildings_DDR_RUE\DDR_House_m_09.sco
1344340082
1344340082
-1
Sceneryobjects\Buildings_DDR_RUE\DDR_House_m_10.sco
1344340082
1344340082
-1
Sceneryobjects\Buildings_DDR_RUE\DDR_House_m_11.sco
1344340082
1344340082
-1
Sceneryobjects\Buildings_DDR_RUE\DDR_House_s_01.sco
1344340082
1344340082
-1
Sceneryobjects\Buildings_DDR_RUE\DDR_House_s_03.sco
1344340082
1344340082
-1
Sceneryobjects\Buildings_DDR_RUE\DDR_House_s_05.sco
1344340082
1344340082
-1
Sceneryobjects\Buildings_DDR_RUE\DDR_House_s_07.sco
1344340082
1344340082
-1
Sceneryobjects\Buildings_DDR_RUE\DDR_House_s_08.sco
1344340082
1344340082
-1
Sceneryobjects\Buildings_DDR_RUE\DDR_House_s_09.sco
1344340082
1344340082
-1
Sceneryobjects\Buildings_MC\bk_melanchthon.sco
1344340125
1344340125
-1
Sceneryobjects\Buildings_MC\bw_80s_02.sco
1344340131
1344340131
-1
Sceneryobjects\Buildings_MC\bw_beseler_D.sco
1344340132
1344340132
-1
Sceneryobjects\Buildings_MC\bw_hoch_23C.sco
1344340135
1344340135
-1
Sceneryobjects\Buildings_MC\bw_hoch_23D.sco
1344340135
1344340135
-1
Sceneryobjects\DavidM-Objekte\Mastsilber.sco
1119383712
1119383712
-1
Sceneryobjects\DavidM-Objekte\Zebra-rechts.sco
1119381664
1119381664
-1
Sceneryobjects\Generic\car_park.sco
1259519163
1259519163
-1
Sceneryobjects\Generic\routearrow_dn.sco
1259519163
1259519163
-1
Sceneryobjects\Ljubljana\Zebrastreifen.sco
1058180775
1058180775
-1
Sceneryobjects\NDBV-Objekte\Zaun_uni.sco
1094364545
1094364545
-1
Sceneryobjects\Nemolus Objekte\Verkehrszeichen\VZ_Mast_HalteverbotEingeschraenkt.sco
1052211331
1052211331
-1
Sceneryobjects\Nemolus Objekte\Verkehrszeichen\VZ_Mast_StopVorfahrtGewaehren.sco
1052211428
1052211428
-1
Sceneryobjects\Nemolus Objekte\Verkehrszeichen\VZ_Mast_Vorfahrtstrasse.sco
1047755419
1047755419
-1
Sceneryobjects\Nemolus Objekte\Verkehrszeichen\VZ_Mast_VorfahrtstrasseEnde.sco
1047894688
1047894688
-1
Sceneryobjects\Ruede\forest_backdrop01.sco
1344340548
1344340548
-1
Sceneryobjects\Ruede\trees_chestnut01.sco
1344340576
1344340576
-1
Sceneryobjects\Ruede\trees_chestnut02.sco
1344340576
1344340576
-1
Sceneryobjects\Streetobjects_MC\rw_heap_1.sco
1133251450
1133251450
-1
Sceneryobjects\Streetobjects_MC\rw_heap_2.sco
1133251405
1133251405
-1
Sceneryobjects\Streetobjects_RUE\sodiumlight_L_break_L.sco
1133251410
1133251410
-1
Sceneryobjects\Szombathely\Telefon\Telefon.sco
1130585651
1130585651
-1
Sceneryobjects\Szombathely\Templom\Templom.sco
1122854976
1122854976
-1
Sceneryobjects\tomass94\prosto-prawo.sco
1464236498
1464236498
-1
Sceneryobjects\Trees_MC\shrubbery_01_05.sco
1183556451
1183556451
-1
Sceneryobjects\Trees_MC\shrubbery_01_20.sco
1230790319
1230790319
-1
Sceneryobjects\Trees_MC\tree_medium_02.sco
1230790322
1230790322
-1
Sceneryobjects\Trees_MC\Tree_Small_05.sco
1230790322
1230790322
-1
Sceneryobjects\Trees_MC\Tree_Small_06.sco
1230790322
1230790322
-1
Sceneryobjects\Trees_MC\tree_tiny_01.sco
1230790322
1230790322
-1
Splines\ADDON_SimpleStreets\RQ_10,5_2spur_7,5m.sli
1048140836
-
-
Splines\ADDON_SimpleStreets\str_2spur_8m_TypAltonaer_Emil.sli
1045667456
-
-
Splines\Marcel\invis_street.sli
1133251408
-
-
Splines\Ruede\DDR_Brick_Wall_01.sli
1133251408
-
-
Splines\Terrain-Spline-V3_1\Splines\Terrain Spline\15mTerrain_Spline.sli
1089442855
-
-
Splines\Terrain-Spline-V3_1\Splines\Terrain Spline\20mTerrain_Spline.sli
1089443058
-
-
Splines\Terrain-Spline-V3_1\Splines\Terrain Spline\4mTerrain_Spline.sli
1079488945
-
-
Splines\VKL´s Splines\str_gruen_1m.sli
1083146895
-
-
Splines\Yufa\12cm_N_line.sli
1097629391
-
-
Splines\Yufa\25cm_N_line.sli
1115850786
-
-
Splines\Yufa\bussteig003.sli
1066804307
-
-
Splines\Yufa\str_asphdrk_1line.sli
1063360700
-
-
