Sceneryobjects\ADDON_gcW_fra\muelleimer.sco
1079547352
1079547352
-1
Sceneryobjects\ADDON_SimpleStreets\RQ_20n_w9,5_Sidew_Junct.sco
1049120562
1049120562
-1
Sceneryobjects\BMO Objekte\Holzzaun Garten.sco
1064727553
1064727553
-1
Sceneryobjects\Buildings_MC\bw_50s_03.sco
1344340128
1344340128
-1
Sceneryobjects\Buildings_MC\bw_business_01.sco
1344340132
1344340132
-1
Sceneryobjects\Buildings_MC\bw_hoch_03.sco
1344340133
1344340133
-1
Sceneryobjects\Buildings_MC\bw_hoch_14.sco
1344340134
1344340134
-1
Sceneryobjects\Buildings_MC\bw_old_07.sco
1344340137
1344340137
-1
Sceneryobjects\Buildings_MC\bw_old_09.sco
1344340137
1344340137
-1
Sceneryobjects\Buildings_MC\bw_zurheimat.sco
1344340149
1344340149
-1
Sceneryobjects\Buildings_RUE\Haus02c.sco
1133251399
1133251399
-1
Sceneryobjects\DavidM-Objekte\Mastsilber.sco
1119383712
1119383712
-1
Sceneryobjects\DavidM-Objekte\Zebra-rechts.sco
1119381664
1119381664
-1
Sceneryobjects\Generic\bus_stop.sco
1259519163
1259519163
-1
Sceneryobjects\Generic\car_park.sco
1259519163
1259519163
-1
Sceneryobjects\Generic\people_standing_small.sco
1259519151
1259519151
-1
Sceneryobjects\Generic\routearrows_busstop.sco
1259519151
1259519151
-1
Sceneryobjects\HUN Objects\buszmegtabla.sco
1057271031
1057271031
-1
Sceneryobjects\HUN Objects\kek_menetrend.sco
1057270981
1057270981
-1
Sceneryobjects\Ljubljana\Zebrastreifen.sco
1058180775
1058180775
-1
Sceneryobjects\Megallo_uj\m_nev.sco
1078547673
1078547673
-1
Sceneryobjects\More Trees Addon\FirTree2.sco
1124236468
1124236468
-1
Sceneryobjects\NDBV-Objekte\Zaun_uni.sco
1094364545
1094364545
-1
Sceneryobjects\Nemolus Objekte\Verkehrszeichen\VZ_Mast_Fussgaengerueberweg.sco
1052211036
1052211036
-1
Sceneryobjects\Nemolus Objekte\Verkehrszeichen\VZ_Mast_VorfahrtGewaehren.sco
1052211494
1052211494
-1
Sceneryobjects\Nemolus Objekte\Verkehrszeichen\VZ_Mast_Vorfahrtstrasse.sco
1047755419
1047755419
-1
Sceneryobjects\Objects_RS\Jaegerzaun_6m.sco
1063221302
1063221302
-1
Sceneryobjects\Ruede\trees_chestnut01.sco
1344340576
1344340576
-1
Sceneryobjects\Ruede\trees_chestnut02.sco
1344340576
1344340576
-1
Sceneryobjects\Ruede\trees_chestnut03.sco
1344340576
1344340576
-1
Sceneryobjects\Streetobjects_RUE\neonlight_2L_bend_L.sco
1133251405
1133251405
-1
Sceneryobjects\Streetobjects_RUE\sodiumlight_4L_break_L.sco
1133251405
1133251405
-1
Sceneryobjects\Streetobjects_RUE\sodiumlight_L_break_L.sco
1133251410
1133251410
-1
Sceneryobjects\Szombathely\Cikk\Cikk.sco
1131896369
1131896369
-1
Sceneryobjects\Szombathely\Focipalya\Focipalya.sco
1130979823
1130979823
-1
Sceneryobjects\Szombathely\Hali\H1\H1.sco
1131766301
1131766301
-1
Sceneryobjects\Szombathely\Hali\H2\H2.sco
1131766977
1131766977
-1
Sceneryobjects\Szombathely\Nyugat\Nyugat.sco
1413874346
1413874346
-1
Sceneryobjects\Szombathely\Plakat\Plakat13\awkst.sco
1128948512
1128948512
-1
Sceneryobjects\Szombathely\Plakat\Plakat14\awkst.sco
1128949629
1128949629
-1
Sceneryobjects\Szombathely\Plakat\Plakat15\awkst.sco
1128950040
1128950040
-1
Sceneryobjects\Szombathely\Plakat\Plakat16\awkst.sco
1128950192
1128950192
-1
Sceneryobjects\Szombathely\Plakat\Plakat17\awkst.sco
1128950246
1128950246
-1
Sceneryobjects\Szombathely\Plakat\Plakat18\awkst.sco
1128950589
1128950589
-1
Sceneryobjects\Szombathely\Plakat\Plakat20\awkst.sco
1128950959
1128950959
-1
Sceneryobjects\Szombathely\Plakat\Plakat21\awkst.sco
1128950969
1128950969
-1
Sceneryobjects\Szombathely\Plakat\Plakat3\awkst.sco
1128753287
1128753287
-1
Sceneryobjects\Szombathely\Plakat\Plakat48\awkst.sco
1413874347
1413874347
-1
Sceneryobjects\Szombathely\Plakat\Plakat8\awkst.sco
1128753650
1128753650
-1
Sceneryobjects\Szombathely\Stadion2\Stadion2.sco
1126980570
1126980570
-1
Sceneryobjects\tomass94\prosto-lewo.sco
1464236491
1464236491
-1
Sceneryobjects\tomass94\prosto-prawo.sco
1464236498
1464236498
-1
Sceneryobjects\Trees_MC\arbor_sixpack.sco
1230790319
1230790319
-1
Sceneryobjects\Trees_MC\shrubbery_01_20.sco
1230790319
1230790319
-1
Sceneryobjects\Trees_MC\shrubbery_04_10.sco
1230790323
1230790323
-1
Sceneryobjects\Trees_MC\shrubbery_04_20.sco
1230790321
1230790321
-1
Sceneryobjects\Trees_MC\ShrubberyBox_01.sco
1230790319
1230790319
-1
Sceneryobjects\Trees_MC\tree_medium_01.sco
1230790324
1230790324
-1
Sceneryobjects\Trees_MC\tree_medium_02.sco
1230790322
1230790322
-1
Sceneryobjects\Trees_MC\tree_medium_03.sco
1230790322
1230790322
-1
Sceneryobjects\Trees_MC\tree_medium_04.sco
1230790319
1230790319
-1
Sceneryobjects\Trees_MC\tree_medium_06.sco
1230790322
1230790322
-1
Sceneryobjects\Trees_MC\tree_medium_07.sco
1230790319
1230790319
-1
Sceneryobjects\Trees_MC\tree_medium_08.sco
1230790325
1230790325
-1
Sceneryobjects\Trees_MC\tree_medium_09.sco
1230790327
1230790327
-1
Sceneryobjects\Trees_MC\Tree_Small_01.sco
1230790322
1230790322
-1
Splines\ADDON_SimpleStreets\RQ_20_4_spur_15m_narrow_Sidewalk.sli
1048793734
-
-
Splines\ADDON_SimpleStreets\RQ_9,5_2spur_6,5m_Sidewalk.sli
1047221002
-
-
Splines\Marcel\invis_street.sli
1133251408
-
-
Splines\Ruede\sdwk_1.5m_DDR_Spandauer_Str.sli
1133251479
-
-
Splines\Szczecin\laty_drogowe_1,5.sli
1132969480
-
-
Splines\Terrain-Spline-V3_1\Splines\Terrain Spline\15mTerrain_Spline.sli
1089442855
-
-
Splines\Terrain-Spline-V3_1\Splines\Terrain Spline\20mTerrain_Spline.sli
1089443058
-
-
Splines\Terrain-Spline-V3_1\Splines\Terrain Spline\4mTerrain_Spline.sli
1079488945
-
-
Splines\VKL´s Splines\str_gruen_2m.sli
1083146864
-
-
