Sceneryobjects\More Trees Addon\FirTree3.sco
1124239120
1124239120
-1
Sceneryobjects\Ruede\forest_backdrop01.sco
1344340548
1344340548
-1
Sceneryobjects\Streetobjects_MC\bridge_heerstr.sco
1133251467
1133251467
-1
Sceneryobjects\Streetobjects_RUE\sodiumlight_L_break_L.sco
1133251410
1133251410
-1
Sceneryobjects\Trees_MC\tree_large_01.sco
1230790322
1230790322
-1
Sceneryobjects\Trees_MC\tree_large_04.sco
1230790324
1230790324
-1
Sceneryobjects\Trees_MC\tree_medium_01.sco
1230790324
1230790324
-1
Sceneryobjects\Trees_MC\tree_medium_02.sco
1230790322
1230790322
-1
Splines\ADDON_SimpleStreets\RQ_10,5_2spur_7,5m.sli
1048140836
-
-
