Sceneryobjects\ADDON_Hohenkirchen\Vegetation\Baum_klein_3.sco
1489503930
1489503930
-1
Sceneryobjects\ADDON_Hohenkirchen\Vegetation\Baum_mittel.sco
1489503930
1489503930
-1
Sceneryobjects\ADDON_Hohenkirchen\Vegetation\Baum_mittel_15.sco
1489503930
1489503930
-1
Sceneryobjects\ADDON_Hohenkirchen\Vegetation\Baum_mittel_7.sco
1489503930
1489503930
-1
Sceneryobjects\ADDON_Hohenkirchen\Vegetation\Baum_mittel_9.sco
1489503930
1489503930
-1
Sceneryobjects\ADDON_SimpleStreets\RQ_10,5_NoBankett_Junction.sco
1111922740
1111922740
-1
Sceneryobjects\ADDON_SimpleStreets\RQ_9,5_to_10,5.sco
1047945833
1047945833
-1
Sceneryobjects\Buildings_MC\bw_50s_03.sco
1344340128
1344340128
-1
Sceneryobjects\Buildings_MC\bw_50s_03A.sco
1344340128
1344340128
-1
Sceneryobjects\Buildings_MC\bw_hoch_03.sco
1344340133
1344340133
-1
Sceneryobjects\Buildings_MC\bw_hoch_04.sco
1344340133
1344340133
-1
Sceneryobjects\Buildings_MC\bw_hoch_23D.sco
1344340135
1344340135
-1
Splines\ADDON_SimpleStreets\RQ_10,5_2spur_7,5m.sli
1048140836
-
-
Splines\ADDON_SimpleStreets\RQ_20_4_spur_15m_narrow_Sidewalk.sli
1048793734
-
-
