Sceneryobjects\ADDON_gcW_fra\fra_haltestelle_haus_2.sco
1079543256
1079543256
-1
Sceneryobjects\ADDON_gcW_fra\muelleimer.sco
1079543256
1079543256
-1
Sceneryobjects\ADDON_SimpleStreets\RQ_20n_to_20.sco
1049121338
1049121338
-1
Sceneryobjects\ADDON_SimpleStreets\RQ_20n_w9,5_Sidew_Junct.sco
1049120562
1049120562
-1
Sceneryobjects\ADDON_SimpleStreets\RQ_9,5_to_10,5.sco
1047945833
1047945833
-1
Sceneryobjects\Buildings_Alex\ogra01.sco
1060131555
1060131555
-1
Sceneryobjects\Buildings_DDR_RUE\DDR_Falkensee_Kaufhalle02.sco
1532784853
1532784853
-1
Sceneryobjects\Buildings_DDR_RUE\DDR_House_l_02.sco
1532784853
1532784853
-1
Sceneryobjects\Buildings_DDR_RUE\DDR_House_m_01.sco
1532784853
1532784853
-1
Sceneryobjects\Buildings_DDR_RUE\DDR_House_m_02.sco
1532784853
1532784853
-1
Sceneryobjects\Buildings_DDR_RUE\DDR_House_m_03.sco
1532784853
1532784853
-1
Sceneryobjects\Buildings_DDR_RUE\DDR_House_m_05.sco
1532784855
1532784855
-1
Sceneryobjects\Buildings_DDR_RUE\DDR_House_m_07.sco
1532784853
1532784853
-1
Sceneryobjects\Buildings_DDR_RUE\DDR_House_m_09.sco
1532784852
1532784852
-1
Sceneryobjects\Buildings_DDR_RUE\DDR_House_m_10.sco
1532784859
1532784859
-1
Sceneryobjects\Buildings_DDR_RUE\DDR_House_s_03.sco
1532784853
1532784853
-1
Sceneryobjects\Buildings_DDR_RUE\DDR_House_s_08.sco
1532784853
1532784853
-1
Sceneryobjects\Buildings_MC\bw_beseler_C.sco
1532784855
1532784855
-1
Sceneryobjects\Buildings_MC\bw_beseler_D.sco
1532784852
1532784852
-1
Sceneryobjects\Buildings_MC\bw_beseler_F.sco
1532784859
1532784859
-1
Sceneryobjects\Buildings_MC\bw_hoch_03.sco
1532784859
1532784859
-1
Sceneryobjects\Buildings_MC\bw_hoch_05.sco
1532784852
1532784852
-1
Sceneryobjects\Buildings_MC\bw_ladengeschaeft_01.sco
1532784852
1532784852
-1
Sceneryobjects\Buildings_MC\bw_old_09.sco
1532784852
1532784852
-1
Sceneryobjects\Buildings_MC\bw_rowold_01.sco
1532784859
1532784859
-1
Sceneryobjects\Buildings_MC\kirche_ev_01.sco
1532784856
1532784856
-1
Sceneryobjects\Buildings_MC\muro_10m.sco
1046971181
1046971181
-1
Sceneryobjects\Buildings_MC\muro_20m.sco
1046910152
1046910152
-1
Sceneryobjects\Buildings_MC\Ubahn_Rsp_04.sco
1532784861
1532784861
-1
Sceneryobjects\Buildings_MC\wohn_04.sco
1532784853
1532784853
-1
Sceneryobjects\Construcao_FilipeRicardo\muro_40m.sco
1046981430
1046981430
-1
Sceneryobjects\DavidM-Objekte\Mastsilber.sco
1119383712
1119383712
-1
Sceneryobjects\DavidM-Objekte\Zebra-rechts.sco
1114198254
1114198254
-1
Sceneryobjects\folti\parkbank.sco
1291150086
1291150086
-1
Sceneryobjects\Generic\bus_stop.sco
1133255574
1133255574
-1
Sceneryobjects\Generic\car_park.sco
1133255499
1133255499
-1
Sceneryobjects\Generic\people_standing_small.sco
1133255496
1133255496
-1
Sceneryobjects\Generic\routearrow_dn.sco
1227266475
1227266475
-1
Sceneryobjects\Generic\routearrow_R.sco
1133255498
1133255498
-1
Sceneryobjects\Generic\routearrows_busstop.sco
1133255562
1133255562
-1
Sceneryobjects\HUN Objects\buszmegtabla.sco
1057266935
1057266935
-1
Sceneryobjects\HUN Objects\kek_menetrend.sco
1057266885
1057266885
-1
Sceneryobjects\Ljubljana\Zebrastreifen.sco
1058176679
1058176679
-1
Sceneryobjects\LVB Fan12 Objekte\Brücken\Steinbrücke.sco
1119580644
1119580644
-1
Sceneryobjects\Megallo_uj\m_nev.sco
1078543577
1078543577
-1
Sceneryobjects\Muur bruin\muro_10m.sco
1060008487
1060008487
-1
Sceneryobjects\Muur bruin\muro_20m.sco
1060008492
1060008492
-1
Sceneryobjects\Muur bruin\muro_40m.sco
1060008496
1060008496
-1
Sceneryobjects\NDBV-Objekte\kuebel_bepflanzt_Lila.sco
1082029088
1082029088
-1
Sceneryobjects\Nemolus Objekte\Verkehrszeichen\VZ_Mast_HalteverbotAbsolut.sco
1052211051
1052211051
-1
Sceneryobjects\Nemolus Objekte\Verkehrszeichen\VZ_Mast_HalteverbotEingeschraenkt.sco
1052211331
1052211331
-1
Sceneryobjects\Nemolus Objekte\Verkehrszeichen\VZ_Mast_VorfahrtGewaehren.sco
1052211494
1052211494
-1
Sceneryobjects\Nemolus Objekte\Verkehrszeichen\VZ_Mast_Vorfahrtstrasse.sco
1047755419
1047755419
-1
Sceneryobjects\Polskie sygnalizatory\S-3c\S-3c_Overhead.sco
1291150074
1291150074
-1
Sceneryobjects\Polskie sygnalizatory\S-3d\S-3d_Overhead.sco
1291150074
1291150074
-1
Sceneryobjects\Polskie sygnalizatory\S-3e\S-3e_Overhead.sco
1291150074
1291150074
-1
Sceneryobjects\Ruede\50er_aufbausiedlung01.sco
1133255563
1133255563
-1
Sceneryobjects\Streetobjects_MC\bridge_02.sco
1532784879
1532784879
-1
Sceneryobjects\Streetobjects_RUE\LBL-Tropfen_3.sco
1133255505
1133255505
-1
Sceneryobjects\Streetobjects_RUE\sodiumlight_L_break_L.sco
1133255506
1133255506
-1
Sceneryobjects\Streetobjects_RUE\sodiumlight_L_whip_L.sco
1133255501
1133255501
-1
Sceneryobjects\Streetobjects_RUE\sodiumlight_photpump.sco
1133255507
1133255507
-1
Sceneryobjects\Szombathely\Cikk\Cikk.sco
1131896369
1131896369
-1
Sceneryobjects\Szombathely\Kerek\Nagyk\Nagyk.sco
1155948728
1155948728
-1
Sceneryobjects\Szombathely\Korlat\Korlat.sco
1150506696
1150506696
-1
Sceneryobjects\Szombathely\Plakat\Plakat29\awkst.sco
1148677671
1148677671
-1
Sceneryobjects\Szombathely\Plakat\Plakat33\awkst.sco
1156995492
1156995492
-1
Sceneryobjects\Szombathely\Plakat\Plakat34\awkst.sco
1157127528
1157127528
-1
Sceneryobjects\Szombathely\Plakat\Plakat35\awkst.sco
1157127577
1157127577
-1
Sceneryobjects\Szombathely\S3\S3.sco
1130646041
1130646041
-1
Sceneryobjects\Szombathely\S4\S4.sco
1130646265
1130646265
-1
Sceneryobjects\Szombathely\S5\S5.sco
1130646703
1130646703
-1
Sceneryobjects\tomass94\lewo.sco
1291150089
1291150089
-1
Sceneryobjects\tomass94\prawo.sco
1291150089
1291150089
-1
Sceneryobjects\tomass94\prosto.sco
1291150089
1291150089
-1
Sceneryobjects\tomass94\prosto-lewo.sco
1291150089
1291150089
-1
Sceneryobjects\Trees_MC\shrubbery_01_10.sco
1532784859
1532784859
-1
Sceneryobjects\Trees_MC\shrubbery_01_20.sco
1532784858
1532784858
-1
Sceneryobjects\Trees_MC\shrubbery_03_20.sco
1532784855
1532784855
-1
Sceneryobjects\Trees_MC\ShrubberyBox_01.sco
1532784860
1532784860
-1
Sceneryobjects\Trees_MC\tree_large_01.sco
1532784860
1532784860
-1
Sceneryobjects\Trees_MC\tree_medium_01.sco
1532784864
1532784864
-1
Sceneryobjects\Trees_MC\tree_medium_02.sco
1532784868
1532784868
-1
Sceneryobjects\Trees_MC\tree_medium_03.sco
1532784866
1532784866
-1
Sceneryobjects\Trees_MC\tree_medium_04.sco
1532784864
1532784864
-1
Sceneryobjects\Trees_MC\tree_medium_05.sco
1532784861
1532784861
-1
Sceneryobjects\Trees_MC\Tree_Small_01.sco
1532784865
1532784865
-1
Sceneryobjects\Trees_MC\tree_tiny_01.sco
1532784858
1532784858
-1
Splines\ADDON_SimpleStreets\RQ_20_4_spur_15m_narrow_Sidewalk.sli
1048793734
-
-
Splines\ADDON_SimpleStreets\RQ_9,5_2spur_6,5m_Sidewalk.sli
1047218954
-
-
Splines\Freyfurt\11m_Damm.sli
1112250162
-
-
Splines\invis_sidewalk.sli
1185383465
-
-
Splines\Marcel\invis_street.sli
1133251408
-
-
Splines\Ruede\grenzmauer75_01.sli
1133253540
-
-
Splines\Szczecin\laty_drogowe_8,0.sli
1132969480
-
-
Splines\Szczecin\siec_odciag.sli
1132969481
-
-
Splines\Terrain-Spline-V3_1\Splines\Terrain Spline\10mTerrain_Spline.sli
1089438732
-
-
Splines\Terrain-Spline-V3_1\Splines\Terrain Spline\20mTerrain_Spline.sli
1089438962
-
-
Splines\Terrain-Spline-V3_1\Splines\Terrain Spline\4mTerrain_Spline.sli
1079484849
-
-
Splines\Terrain-Spline-V3_1\Splines\Terrain Spline\8mTerrain_Spline.sli
1089438664
-
-
Splines\VKL´s Splines\str_gruen_1m.sli
1083146895
-
-
Splines\Yufa\25cm_N_line.sli
1115850786
-
-
Splines\Yufa\bussteig003.sli
1066804307
-
-
Splines\Yufa\str_asphdrk_1line.sli
1063360700
-
-
