Sceneryobjects\ADDON_gcW_fra\fra_haltestelle_haus_2.sco
1079543256
1079543256
-1
Sceneryobjects\ADDON_gcW_fra\muelleimer.sco
1079543256
1079543256
-1
Sceneryobjects\ADDON_SimpleStreets\RQ_9,5_2spur_6,5m_Sidewalk_junct_forbus.sco
1047945795
1047945795
-1
Sceneryobjects\ADDON_SimpleStreets\RQ_9,5_2spur_6,5m_Sidewalk_Roundabout_normal_part0.sco
1048482870
1048482870
-1
Sceneryobjects\ADDON_SimpleStreets\RQ_9,5_2spur_6,5m_Sidewalk_Roundabout_normal_part1.sco
1052271128
1052271128
-1
Sceneryobjects\ADDON_SimpleStreets\RQ_9,5_to_X8.sco
1047945837
1047945837
-1
Sceneryobjects\ADDON_SimpleStreets\RQ_X8m_2spur_8,0m_Sidewalk_yunct.sco
1047945952
1047945952
-1
Sceneryobjects\Buildings_Alex\podium2.sco
1060131751
1060131751
-1
Sceneryobjects\Buildings_MC\bw_polizei01.sco
1532784852
1532784852
-1
Sceneryobjects\Buildings_MC\bw_supermarkt_3.sco
1532784852
1532784852
-1
Sceneryobjects\Buildings_RUE\Haus01a.sco
1532784853
1532784853
-1
Sceneryobjects\Buildings_RUE\Haus01b.sco
1532784854
1532784854
-1
Sceneryobjects\Buildings_RUE\Haus01c.sco
1532784854
1532784854
-1
Sceneryobjects\Buildings_RUE\Haus01c2.sco
1532784860
1532784860
-1
Sceneryobjects\Buildings_RUE\Haus01e.sco
1532784854
1532784854
-1
Sceneryobjects\Buildings_RUE\Haus02a.sco
1532784855
1532784855
-1
Sceneryobjects\Buildings_RUE\Haus02b.sco
1532784865
1532784865
-1
Sceneryobjects\Buildings_RUE\Haus02c.sco
1532784853
1532784853
-1
Sceneryobjects\Buildings_RUE\Haus02c2.sco
1532784864
1532784864
-1
Sceneryobjects\Buildings_RUE\Haus02e.sco
1532784865
1532784865
-1
Sceneryobjects\Buildings_RUE\Haus03a.sco
1532784855
1532784855
-1
Sceneryobjects\Buildings_RUE\Haus03b.sco
1532784858
1532784858
-1
Sceneryobjects\Buildings_RUE\Haus03c.sco
1532784853
1532784853
-1
Sceneryobjects\Buildings_RUE\Haus03c2.sco
1532784858
1532784858
-1
Sceneryobjects\Buildings_RUE\Haus03e.sco
1532784855
1532784855
-1
Sceneryobjects\BusdriversObjekte\hinweisright.sco
1083941636
1083941636
-1
Sceneryobjects\BusdriversObjekte\hinweisrightab.sco
1083941735
1083941735
-1
Sceneryobjects\DavidM-Objekte\Mastsilber.sco
1119383712
1119383712
-1
Sceneryobjects\DavidM-Objekte\Zebra-rechts.sco
1114198254
1114198254
-1
Sceneryobjects\Generic\bus_stop.sco
1133255574
1133255574
-1
Sceneryobjects\Generic\car_park.sco
1133255499
1133255499
-1
Sceneryobjects\Generic\people_standing_small.sco
1133255496
1133255496
-1
Sceneryobjects\Generic\routearrow_dn.sco
1227266475
1227266475
-1
Sceneryobjects\Generic\routearrow_L.sco
1133255546
1133255546
-1
Sceneryobjects\Generic\routearrow_R.sco
1133255498
1133255498
-1
Sceneryobjects\Generic\routearrows_busstop.sco
1133255562
1133255562
-1
Sceneryobjects\HUN Objects\buszmegtabla.sco
1057266935
1057266935
-1
Sceneryobjects\HUN Objects\kek_menetrend.sco
1057266885
1057266885
-1
Sceneryobjects\Kamaz_Objects\Hecke.sco
1291150063
1291150063
-1
Sceneryobjects\Kreuz_MC\Einm_Altonaer.sco
1532784858
1532784858
-1
Sceneryobjects\Kreuz_MC\Kreuz_Altonaer.sco
1532784854
1532784854
-1
Sceneryobjects\Kreuz_MC\Kreuz_Sedan.sco
1532784866
1532784866
-1
Sceneryobjects\Ljubljana\Zebrastreifen.sco
1058176679
1058176679
-1
Sceneryobjects\Megallo_uj\m_nev.sco
1078543577
1078543577
-1
Sceneryobjects\NDBV-Objekte\kuebel_bepflanzt.sco
1082029083
1082029083
-1
Sceneryobjects\Nemolus Objekte\Verkehrszeichen\VZ_Mast_Kreisverkehr.sco
1052211370
1052211370
-1
Sceneryobjects\Nemolus Objekte\Verkehrszeichen\VZ_Mast_Radfahrer.sco
1052211395
1052211395
-1
Sceneryobjects\Nemolus Objekte\Verkehrszeichen\VZ_Mast_RechtsVorbei.sco
1052211404
1052211404
-1
Sceneryobjects\Nemolus Objekte\Verkehrszeichen\VZ_Mast_Vorfahrt.sco
1052211492
1052211492
-1
Sceneryobjects\Nemolus Objekte\Verkehrszeichen\VZ_Mast_VorfahrtGewaehren.sco
1052211494
1052211494
-1
Sceneryobjects\Nemolus Objekte\Verkehrszeichen\VZ_Mast_Vorfahrtstrasse.sco
1047755419
1047755419
-1
Sceneryobjects\Pennermasters Objekte\Kreuz_RQ9.5_4x_ohne_Ampel.sco
1118543376
1118543376
-1
Sceneryobjects\Ruede\forest_backdrop01.sco
1133255562
1133255562
-1
Sceneryobjects\Ruede\trees_chestnut01.sco
1133255504
1133255504
-1
Sceneryobjects\Ruede\trees_chestnut02.sco
1133255505
1133255505
-1
Sceneryobjects\Ruede\trees_chestnut03.sco
1133255505
1133255505
-1
Sceneryobjects\Streetobjects_MC\bridge_04.sco
1532784856
1532784856
-1
Sceneryobjects\Streetobjects_MC\fountain_1.sco
1532784876
1532784876
-1
Sceneryobjects\Streetobjects_RUE\Gaslight_Whip_M.sco
1133255507
1133255507
-1
Sceneryobjects\Streetobjects_RUE\LBL-Brikett_wood.sco
1133255564
1133255564
-1
Sceneryobjects\Streetobjects_RUE\single_pole.sco
1133255574
1133255574
-1
Sceneryobjects\Streetobjects_RUE\sodiumlight_4L_break_L.sco
1133255501
1133255501
-1
Sceneryobjects\Streetobjects_RUE\sodiumlight_L_break_L.sco
1133255506
1133255506
-1
Sceneryobjects\Szombathely\Asztal\Asztal.sco
1127106563
1127106563
-1
Sceneryobjects\Szombathely\Plakat\Plakat10\awkst.sco
1128749645
1128749645
-1
Sceneryobjects\Szombathely\Plakat\Plakat2\awkst.sco
1128749185
1128749185
-1
Sceneryobjects\Szombathely\Plakat\Plakat48\awkst.sco
1212575197
1212575197
-1
Sceneryobjects\Szombathely\Plakat\Plakat6\awkst.sco
1128749472
1128749472
-1
Sceneryobjects\Szombathely\Plakat\Plakat8\awkst.sco
1128749554
1128749554
-1
Sceneryobjects\Szombathely\Szobor2\Szobor2.sco
1124291843
1124291843
-1
Sceneryobjects\Szombathely\Telefon\Telefon.sco
1130581555
1130581555
-1
Sceneryobjects\Trees_MC\arbor_1.sco
1532784860
1532784860
-1
Sceneryobjects\Trees_MC\arbor_2.sco
1532784859
1532784859
-1
Sceneryobjects\Trees_MC\arbor_3.sco
1532784860
1532784860
-1
Sceneryobjects\Trees_MC\arbor_5.sco
1532784872
1532784872
-1
Sceneryobjects\Trees_MC\arbor_sixpack.sco
1532784859
1532784859
-1
Sceneryobjects\Trees_MC\shrubbery_01_05.sco
1532784869
1532784869
-1
Sceneryobjects\Trees_MC\shrubbery_03_20.sco
1532784855
1532784855
-1
Sceneryobjects\Trees_MC\tree_large_06.sco
1532784865
1532784865
-1
Sceneryobjects\Trees_MC\tree_medium_01.sco
1532784864
1532784864
-1
Sceneryobjects\Trees_MC\tree_medium_02.sco
1532784868
1532784868
-1
Sceneryobjects\Trees_MC\tree_medium_03.sco
1532784866
1532784866
-1
Sceneryobjects\Trees_MC\tree_medium_04.sco
1532784864
1532784864
-1
Sceneryobjects\Trees_MC\tree_medium_05.sco
1532784861
1532784861
-1
Sceneryobjects\Trees_MC\tree_medium_06.sco
1532784860
1532784860
-1
Sceneryobjects\Trees_MC\tree_medium_07.sco
1532784861
1532784861
-1
Sceneryobjects\Trees_MC\tree_medium_08.sco
1532784866
1532784866
-1
Sceneryobjects\Trees_MC\tree_medium_09.sco
1532784861
1532784861
-1
Sceneryobjects\Trees_MC\Tree_Small_01.sco
1532784865
1532784865
-1
Sceneryobjects\Trees_MC\Tree_Small_05.sco
1532784869
1532784869
-1
Sceneryobjects\Trees_MC\Tree_Small_06.sco
1532784860
1532784860
-1
Sceneryobjects\Trees_MC\Tree_Small_08.sco
1532784856
1532784856
-1
Splines\ADDON_SimpleStreets\RQ_9,5_2spur_6,5m.sli
1047303190
-
-
Splines\ADDON_SimpleStreets\RQ_9,5_2spur_6,5m_Sidewalk.sli
1047218954
-
-
Splines\ADDON_SimpleStreets\str_2spur_8m_TypAltonaer_Emil.sli
1045671552
-
-
Splines\Marcel\str_2spur_8m_altonaer1.sli
1133251469
-
-
Splines\Marcel\str_2spur_8m_sedan1.sli
1133251468
-
-
Splines\Ruede\DDR_Zaun_02.sli
1133253499
-
-
Splines\Terrain-Spline-V3_1\Splines\Terrain Spline\4mTerrain_Spline.sli
1079484849
-
-
