Sceneryobjects\ADDON_SimpleStreets\RQ_20n_to_20.sco
1049121338
1049121338
-1
Sceneryobjects\Buildings_RUE\Haus01b.sco
1532784854
1532784854
-1
Sceneryobjects\Buildings_RUE\Haus01c.sco
1532784854
1532784854
-1
Sceneryobjects\Buildings_RUE\Haus01c2.sco
1532784860
1532784860
-1
Sceneryobjects\Buildings_RUE\Haus02c.sco
1532784853
1532784853
-1
Sceneryobjects\Buildings_RUE\Haus02c2.sco
1532784864
1532784864
-1
Sceneryobjects\Buildings_RUE\Haus02e.sco
1532784865
1532784865
-1
Sceneryobjects\Buildings_RUE\Haus03a.sco
1532784855
1532784855
-1
Sceneryobjects\Buildings_RUE\Haus03c.sco
1532784853
1532784853
-1
Sceneryobjects\Buildings_RUE\Haus03e.sco
1532784855
1532784855
-1
Sceneryobjects\Kamaz_Objects\Hecke.sco
1291150063
1291150063
-1
Sceneryobjects\Kreuz_MC\Kreuz_Altonaer.sco
1532784854
1532784854
-1
Sceneryobjects\Objects_RS\Zaun_6m_01.sco
1295144668
1295144668
-1
Sceneryobjects\Ruede\forest_backdrop01.sco
1133255562
1133255562
-1
Sceneryobjects\Ruede\trees_chestnut01.sco
1133255504
1133255504
-1
Sceneryobjects\Ruede\trees_chestnut02.sco
1133255505
1133255505
-1
Sceneryobjects\Ruede\trees_chestnut03.sco
1133255505
1133255505
-1
Sceneryobjects\Streetobjects_RUE\LBL-Tropfen_5.sco
1133255501
1133255501
-1
Sceneryobjects\Streetobjects_RUE\sodiumlight_L_break_L.sco
1133255506
1133255506
-1
Sceneryobjects\Szombathely\Spar\Spar.sco
1123637986
1123637986
-1
Sceneryobjects\Trees_MC\arbor_sixpack.sco
1532784859
1532784859
-1
Sceneryobjects\Trees_MC\shrubbery_01_20.sco
1532784858
1532784858
-1
Sceneryobjects\Trees_MC\ShrubberyBox_01.sco
1532784860
1532784860
-1
Sceneryobjects\Trees_MC\tree_large_04.sco
1532784865
1532784865
-1
Sceneryobjects\Trees_MC\tree_large_05.sco
1532784858
1532784858
-1
Sceneryobjects\Trees_MC\tree_large_06.sco
1532784865
1532784865
-1
Sceneryobjects\Trees_MC\tree_medium_01.sco
1532784864
1532784864
-1
Sceneryobjects\Trees_MC\tree_medium_02.sco
1532784868
1532784868
-1
Sceneryobjects\Trees_MC\tree_medium_03.sco
1532784866
1532784866
-1
Sceneryobjects\Trees_MC\tree_medium_04.sco
1532784864
1532784864
-1
Sceneryobjects\Trees_MC\tree_medium_05.sco
1532784861
1532784861
-1
Sceneryobjects\Trees_MC\tree_medium_06.sco
1532784860
1532784860
-1
Sceneryobjects\Trees_MC\tree_medium_08.sco
1532784866
1532784866
-1
Sceneryobjects\Trees_MC\tree_medium_09.sco
1532784861
1532784861
-1
Sceneryobjects\Trees_MC\Tree_Small_01.sco
1532784865
1532784865
-1
Splines\ADDON_SimpleStreets\RQ_20_4_spur_15m_narrow_Sidewalk.sli
1048793734
-
-
Splines\ADDON_SimpleStreets\str_2spur_8m_TypAltonaer_Emil.sli
1045671552
-
-
Splines\Marcel\str_2spur_8m_altonaer1.sli
1133251469
-
-
Splines\VKL´s Splines\str_gruen_1m.sli
1083146895
-
-
Splines\Yufa\bussteig003.sli
1066804307
-
-
