Sceneryobjects\ADDON_Hohenkirchen\Details\Strassenobjekte\Marktkarre_2.sco
1489503908
1489503908
-1
Sceneryobjects\ADDON_Hohenkirchen\Details\Strassenobjekte\Marktkarre_3.sco
1489503908
1489503908
-1
Sceneryobjects\ADDON_Hohenkirchen\Details\Strassenobjekte\Marktkarre_4.sco
1489503908
1489503908
-1
Sceneryobjects\ADDON_SimpleStreets\RQ_20n_to_10,5.sco
1049124267
1049124267
-1
Sceneryobjects\ADDON_SimpleStreets\RQ_9,5_2spur_6,5m_Sidewalk_Roundabout_normal_part0.sco
1048482870
1048482870
-1
Sceneryobjects\ADDON_SimpleStreets\RQ_9,5_2spur_6,5m_Sidewalk_Roundabout_normal_part1.sco
1052271128
1052271128
-1
Sceneryobjects\ADDON_SimpleStreets\RQ_9,5_to_10,5.sco
1047945833
1047945833
-1
Sceneryobjects\Muur bruin\muro_20m.sco
1060012588
1060012588
-1
Sceneryobjects\Nemolus Objekte\Verkehrszeichen\VZ_Mast_HGeschw_60 (2).sco
1047497154
1047497154
-1
Sceneryobjects\Ruede\forest_backdrop01.sco
1344340548
1344340548
-1
Sceneryobjects\X10 Objekte\VZ_Geschw70.sco
1230807283
1230807283
-1
Splines\DavidM 2412\2Stadt_2spur_8m_middle lane_NO SIDEWALk.sli
1211846304
-
-
