Sceneryobjects\ADDON_gcW_fra\fra_haltestelle_haus_2.sco
1079543256
1079543256
-1
Sceneryobjects\ADDON_gcW_fra\muelleimer.sco
1079543256
1079543256
-1
Sceneryobjects\ADDON_SimpleStreets\RQ_9,5_2spur_6,5m_Sidewalk_junct_forbus.sco
1047945795
1047945795
-1
Sceneryobjects\Buildings_RUE\Haus01a.sco
1532784853
1532784853
-1
Sceneryobjects\Buildings_RUE\Haus01b.sco
1532784854
1532784854
-1
Sceneryobjects\Buildings_RUE\Haus01c.sco
1532784854
1532784854
-1
Sceneryobjects\Buildings_RUE\Haus01c2.sco
1532784860
1532784860
-1
Sceneryobjects\Buildings_RUE\Haus01e.sco
1532784854
1532784854
-1
Sceneryobjects\Buildings_RUE\Haus02a.sco
1532784855
1532784855
-1
Sceneryobjects\Buildings_RUE\Haus02b.sco
1532784865
1532784865
-1
Sceneryobjects\Buildings_RUE\Haus02c.sco
1532784853
1532784853
-1
Sceneryobjects\Buildings_RUE\Haus02c2.sco
1532784864
1532784864
-1
Sceneryobjects\Buildings_RUE\Haus02e.sco
1532784865
1532784865
-1
Sceneryobjects\Buildings_RUE\Haus03a.sco
1532784855
1532784855
-1
Sceneryobjects\Buildings_RUE\Haus03b.sco
1532784858
1532784858
-1
Sceneryobjects\Buildings_RUE\Haus03c.sco
1532784853
1532784853
-1
Sceneryobjects\Buildings_RUE\Haus03c2.sco
1532784858
1532784858
-1
Sceneryobjects\Buildings_RUE\Haus03e.sco
1532784855
1532784855
-1
Sceneryobjects\Generic\bus_stop.sco
1133255574
1133255574
-1
Sceneryobjects\Generic\car_park.sco
1133255499
1133255499
-1
Sceneryobjects\Generic\entrypoint_bus.sco
1488156311
1488156311
-1
Sceneryobjects\Generic\people_standing_small.sco
1133255496
1133255496
-1
Sceneryobjects\Generic\routearrow_dn.sco
1227266475
1227266475
-1
Sceneryobjects\Generic\routearrow_L.sco
1133255546
1133255546
-1
Sceneryobjects\Generic\routearrows_busstop.sco
1133255562
1133255562
-1
Sceneryobjects\HUN Objects\buszmegtabla.sco
1057266935
1057266935
-1
Sceneryobjects\HUN Objects\kek_menetrend.sco
1057266885
1057266885
-1
Sceneryobjects\Kamaz_Objects\Hecke.sco
1291150063
1291150063
-1
Sceneryobjects\Kreuz_MC\Einm_Altonaer.sco
1532784858
1532784858
-1
Sceneryobjects\Kreuz_MC\Kreuz_Sedan.sco
1532784866
1532784866
-1
Sceneryobjects\Megallo_uj\m_nev.sco
1078543577
1078543577
-1
Sceneryobjects\Nemolus Objekte\Verkehrszeichen\VZ_Mast_Kreuzung.sco
1052211374
1052211374
-1
Sceneryobjects\Nemolus Objekte\Verkehrszeichen\VZ_Mast_Vorfahrt.sco
1052211492
1052211492
-1
Sceneryobjects\Nemolus Objekte\Verkehrszeichen\VZ_Mast_VorfahrtGewaehren.sco
1052211494
1052211494
-1
Sceneryobjects\Nemolus Objekte\Verkehrszeichen\VZ_Mast_Vorfahrtstrasse.sco
1047755419
1047755419
-1
Sceneryobjects\Ruede\trees_chestnut01.sco
1133255504
1133255504
-1
Sceneryobjects\Ruede\trees_chestnut02.sco
1133255505
1133255505
-1
Sceneryobjects\Ruede\trees_chestnut03.sco
1133255505
1133255505
-1
Sceneryobjects\Streetobjects_MC\bridge_04.sco
1532784856
1532784856
-1
Sceneryobjects\Streetobjects_RUE\LBL-Brikett_wood.sco
1133255564
1133255564
-1
Sceneryobjects\Streetobjects_RUE\single_pole.sco
1133255574
1133255574
-1
Sceneryobjects\Streetobjects_RUE\sodiumlight_L_break_L.sco
1133255506
1133255506
-1
Sceneryobjects\Szombathely\Haz1\Haz1.sco
1123633722
1123633722
-1
Sceneryobjects\Szombathely\Haz2\Haz2.sco
1123633755
1123633755
-1
Sceneryobjects\Szombathely\Tablak\TBE\TBE.sco
1131698735
1131698735
-1
Sceneryobjects\Szombathely\Tablak\TKI\TKI.sco
1131699126
1131699126
-1
Sceneryobjects\Trees_MC\arbor_sixpack.sco
1532784859
1532784859
-1
Sceneryobjects\Trees_MC\fir_medium_03.sco
1532784860
1532784860
-1
Sceneryobjects\Trees_MC\shrubbery_01_10.sco
1532784859
1532784859
-1
Sceneryobjects\Trees_MC\shrubbery_03_20.sco
1532784855
1532784855
-1
Sceneryobjects\Trees_MC\tree_large_06.sco
1532784865
1532784865
-1
Sceneryobjects\Trees_MC\tree_medium_01.sco
1532784864
1532784864
-1
Sceneryobjects\Trees_MC\tree_medium_02.sco
1532784868
1532784868
-1
Sceneryobjects\Trees_MC\tree_medium_03.sco
1532784866
1532784866
-1
Sceneryobjects\Trees_MC\tree_medium_04.sco
1532784864
1532784864
-1
Sceneryobjects\Trees_MC\tree_medium_05.sco
1532784861
1532784861
-1
Sceneryobjects\Trees_MC\tree_medium_06.sco
1532784860
1532784860
-1
Sceneryobjects\Trees_MC\tree_medium_07.sco
1532784861
1532784861
-1
Sceneryobjects\Trees_MC\tree_medium_08.sco
1532784866
1532784866
-1
Sceneryobjects\Trees_MC\tree_medium_09.sco
1532784861
1532784861
-1
Sceneryobjects\Trees_MC\Tree_Small_01.sco
1532784865
1532784865
-1
Sceneryobjects\Trees_MC\Tree_Small_02.sco
1532784868
1532784868
-1
Sceneryobjects\Trees_MC\Tree_Small_04.sco
1532784856
1532784856
-1
Sceneryobjects\Trees_MC\Tree_Small_05.sco
1532784869
1532784869
-1
Sceneryobjects\Trees_MC\Tree_Small_06.sco
1532784860
1532784860
-1
Sceneryobjects\Trees_MC\Tree_Small_07.sco
1532784858
1532784858
-1
Sceneryobjects\Trees_MC\Tree_Small_08.sco
1532784856
1532784856
-1
Sceneryobjects\Trees_MC\Tree_Small_09.sco
1532784866
1532784866
-1
Splines\ADDON_SimpleStreets\RQ_9,5_2spur_6,5m.sli
1047303190
-
-
Splines\Marcel\str_2spur_8m_altonaer1.sli
1133251469
-
-
Splines\Marcel\str_2spur_8m_sedan1.sli
1133251468
-
-
Splines\Terrain-Spline-V3_1\Splines\Terrain Spline\4mTerrain_Spline.sli
1079484849
-
-
Splines\Yufa\bussteig003.sli
1066804307
-
-
Sceneryobjects\Buildings_DDR_RUE\DDR_Falkensee_Kaufhalle02.sco
1532784853
1532784853
-1
Sceneryobjects\Szombathely\Plakat\Plakat29\awkst.sco
1148675623
1148675623
-1
Sceneryobjects\Szombathely\Plakat\Plakat30\awkst.sco
1148677679
1148677679
-1
Sceneryobjects\Buildings_DDR_RUE\DDR_Betonpfahl.sco
1532784853
1532784853
-1
Sceneryobjects\Szombathely\Plakat\Plakat47\awkst.sco
1212575124
1212575124
-1
Splines\Ruede\DDR_Zaun_02.sli
1133253499
-
-
