Sceneryobjects\ADDON_Hohenkirchen\Buildings\Commercial\Fressnapf.sco
1489503896
1489503896
-1
Sceneryobjects\ADDON_Hohenkirchen\Buildings\Commercial\GetraenkeHoffmann.sco
1489503896
1489503896
-1
Sceneryobjects\ADDON_Hohenkirchen\Buildings\Commercial\Rewe.sco
1489503896
1489503896
-1
Sceneryobjects\ADDON_SimpleStreets\RQ_9,5_2spur_6,5m_Sidewalk_junct.sco
1047945789
1047945789
-1
Sceneryobjects\ADDON_SimpleStreets\RQ_9,5_to_10,5.sco
1047945833
1047945833
-1
Sceneryobjects\Streetobjects_MC\bridge_04.sco
1532784856
1532784856
-1
Sceneryobjects\Trees_MC\shrubbery_04_20.sco
1532784854
1532784854
-1
Splines\Addon Modern Streets\Altoaner Überland.sli
1119379617
-
-
Splines\ADDON_SimpleStreets\RQ_9,5_2spur_6,5m_Sidewalk.sli
1047218954
-
-
Splines\VKL“s Splines\str_gruen_1m.sli
1083146895
-
-
