Sceneryobjects\ADDON_Hohenkirchen\Buildings\Land\Reihenhaus3.sco
1489503898
1489503898
-1
Sceneryobjects\ADDON_Hohenkirchen\Buildings\Land\Wohnhaus01.sco
1489503898
1489503898
-1
Sceneryobjects\ADDON_Hohenkirchen\Buildings\Land\Wohnhaus05.sco
1489503898
1489503898
-1
Sceneryobjects\ADDON_Hohenkirchen\Buildings\Land\Wohnhaus18.sco
1489503898
1489503898
-1
Sceneryobjects\ADDON_Hohenkirchen\Buildings\Land\Wohnhaus21.sco
1489503898
1489503898
-1
Sceneryobjects\ADDON_SimpleStreets\RQ_10,5_NoBankett_Junction.sco
1111922740
1111922740
-1
Sceneryobjects\Buildings_DDR_RUE\DDR_Barn_05.sco
1532784853
1532784853
-1
Splines\Terrain-Spline-V3_1\Splines\Terrain Spline\4mTerrain_Spline.sli
1079484849
-
-
Splines\Terrain-Spline-V3_1\Splines\Terrain Spline\8mTerrain_Spline.sli
1089438664
-
-
Splines\TH_Wald_Splines\Landstrasse_7,5m_07.sli
1530806936
-
-
