Sceneryobjects\backgroundsounds\nature_cube.sco
1087146671
1087146671
-1
Sceneryobjects\Buildings_RUE\Haus01e.sco
1133251465
1133251465
-1
Sceneryobjects\Buildings_RUE\Haus02b.sco
1133251465
1133251465
-1
Sceneryobjects\Buildings_RUE\Haus02e.sco
1133251466
1133251466
-1
Sceneryobjects\Buildings_RUE\Haus03a.sco
1133251401
1133251401
-1
Sceneryobjects\Buildings_RUE\Haus03b.sco
1133251403
1133251403
-1
Sceneryobjects\Buildings_RUE\Haus03c.sco
1133251403
1133251403
-1
Sceneryobjects\Buildings_RUE\Haus03c2.sco
1133251401
1133251401
-1
Sceneryobjects\Buildings_RUE\Haus03e.sco
1133251449
1133251449
-1
Sceneryobjects\Generic\bus_stop.sco
1259519163
1259519163
-1
Sceneryobjects\Kamaz_Objects\Hecke.sco
1085305874
1085305874
-1
Sceneryobjects\More Trees Addon\FirTree2.sco
1124236468
1124236468
-1
Sceneryobjects\More Trees Addon\TreeJustPlanted1.sco
1124236501
1124236501
-1
Sceneryobjects\More Trees Addon\TreeJustPlanted3.sco
1124239470
1124239470
-1
Sceneryobjects\More Trees Addon\TreeJustPlanted5.sco
1124300114
1124300114
-1
Sceneryobjects\More Trees Addon\TreeTrimmed1.sco
1124236507
1124236507
-1
Sceneryobjects\Objects_RS\Jaegerzaun_6m.sco
1063221302
1063221302
-1
Sceneryobjects\Ruede\forest_backdrop01.sco
1344340548
1344340548
-1
Sceneryobjects\Ruede\trees_chestnut02.sco
1344340576
1344340576
-1
Sceneryobjects\Streetobjects_RUE\sodiumlight_L_break_L.sco
1133251410
1133251410
-1
Sceneryobjects\Trees_MC\arbor_sixpack.sco
1230790319
1230790319
-1
Sceneryobjects\Trees_MC\Buttercup_01.sco
1111920228
1111920228
-1
Sceneryobjects\Trees_MC\shrubbery_01_20.sco
1230790319
1230790319
-1
Sceneryobjects\Trees_MC\tree_medium_02.sco
1230790322
1230790322
-1
Sceneryobjects\Trees_MC\tree_medium_03.sco
1230790322
1230790322
-1
Sceneryobjects\Trees_MC\tree_medium_05.sco
1230790322
1230790322
-1
Sceneryobjects\Trees_MC\tree_medium_09.sco
1230790327
1230790327
-1
Sceneryobjects\Trees_MC\Tree_Small_01.sco
1230790322
1230790322
-1
Sceneryobjects\Trees_MC\Tree_Small_Nrw_01.sco
1230790322
1230790322
-1
Splines\Addon Modern Streets\Altoaner ‹berland.sli
1095107680
-
-
Splines\Ruede\sdwk_1.5m_DDR_Spandauer_Str.sli
1133251479
-
-
Splines\Ruede\sdwk_2.5m_DDR_Spandauer_Str.sli
1133251408
-
-
Splines\Terrain-Spline-V3_1\Splines\Terrain Spline\8mTerrain_Spline.sli
1089442760
-
-
