Sceneryobjects\ADDON_gcW_fra\fra_haltestelle_haus_2.sco
1079543256
1079543256
-1
Sceneryobjects\ADDON_gcW_fra\muelleimer.sco
1079543256
1079543256
-1
Sceneryobjects\ADDON_SimpleStreets\RQ_9,5_2spur_6,5m_Sidewalk_busstop.sco
1047945728
1047945728
-1
Sceneryobjects\ADDON_SimpleStreets\RQ_9,5_2spur_6,5m_Sidewalk_busstop_double.sco
1047945757
1047945757
-1
Sceneryobjects\ADDON_SimpleStreets\RQ_9,5_2spur_6,5m_Sidewalk_junct.sco
1047945789
1047945789
-1
Sceneryobjects\ADDON_SimpleStreets\RQ_9,5_2spur_6,5m_Sidewalk_junct_forbus.sco
1047945795
1047945795
-1
Sceneryobjects\Buildings_MC\bw_hoch_05.sco
1532784852
1532784852
-1
Sceneryobjects\Buildings_MC\bw_row30s_03.sco
1532784855
1532784855
-1
Sceneryobjects\Buildings_MC\tank_2_esso.sco
1532784859
1532784859
-1
Sceneryobjects\Buildings_RUE\Haus01a.sco
1532784853
1532784853
-1
Sceneryobjects\Buildings_RUE\Haus01c.sco
1532784854
1532784854
-1
Sceneryobjects\Buildings_RUE\Haus01c2.sco
1532784860
1532784860
-1
Sceneryobjects\Buildings_RUE\Haus01e.sco
1532784854
1532784854
-1
Sceneryobjects\Buildings_RUE\Haus02a.sco
1532784855
1532784855
-1
Sceneryobjects\Buildings_RUE\Haus03c.sco
1532784853
1532784853
-1
Sceneryobjects\Buildings_RUE\Haus03c2.sco
1532784858
1532784858
-1
Sceneryobjects\Generic\bus_stop.sco
1133255574
1133255574
-1
Sceneryobjects\Generic\car_park.sco
1133255499
1133255499
-1
Sceneryobjects\Generic\entrypoint_bus.sco
1133255560
1133255560
-1
Sceneryobjects\Generic\people_standing_small.sco
1133255496
1133255496
-1
Sceneryobjects\Generic\routearrow_dn.sco
1227266475
1227266475
-1
Sceneryobjects\Generic\routearrow_L.sco
1133255546
1133255546
-1
Sceneryobjects\Generic\routearrow_R.sco
1133255498
1133255498
-1
Sceneryobjects\Generic\routearrows_busstop.sco
1133255562
1133255562
-1
Sceneryobjects\HUN Objects\buszmegtabla.sco
1057266935
1057266935
-1
Sceneryobjects\HUN Objects\kek_menetrend.sco
1057266885
1057266885
-1
Sceneryobjects\Kreuz_MC\Einm_Altonaer.sco
1532784858
1532784858
-1
Sceneryobjects\Megallo_uj\m_nev.sco
1078543577
1078543577
-1
Sceneryobjects\More Trees Addon\TreeJustPlanted1.sco
1503562427
1503562427
-1
Sceneryobjects\Nemolus Objekte\Verkehrszeichen\VZ_Mast_HalteverbotEingeschraenkt.sco
1052211331
1052211331
-1
Sceneryobjects\Nemolus Objekte\Verkehrszeichen\VZ_Mast_VorfahrtGewaehren.sco
1052211494
1052211494
-1
Sceneryobjects\Nemolus Objekte\Verkehrszeichen\VZ_Mast_Vorfahrtstrasse.sco
1047755419
1047755419
-1
Sceneryobjects\Objects_RS\Zaun_Tor_6m_01.sco
1295144668
1295144668
-1
Sceneryobjects\Ruede\forest_backdrop01.sco
1133255562
1133255562
-1
Sceneryobjects\Ruede\trees_chestnut01.sco
1133255504
1133255504
-1
Sceneryobjects\Ruede\trees_chestnut02.sco
1133255505
1133255505
-1
Sceneryobjects\Ruede\trees_chestnut03.sco
1133255505
1133255505
-1
Sceneryobjects\Streetobjects_RUE\neonlight_L_bend_L.sco
1133255546
1133255546
-1
Sceneryobjects\Streetobjects_RUE\neonlight_S_bend_S.sco
1133255506
1133255506
-1
Sceneryobjects\Streetobjects_RUE\sodiumlight_4L_break_L.sco
1133255501
1133255501
-1
Sceneryobjects\Streetobjects_RUE\sodiumlight_L_break_L.sco
1133255506
1133255506
-1
Sceneryobjects\Szombathely\Cikk\Cikk.sco
1131896369
1131896369
-1
Sceneryobjects\Szombathely\Kapcsol\Kapcsol.sco
1211982205
1211982205
-1
Sceneryobjects\Szombathely\Nyugat\Nyugat.sco
1211982230
1211982230
-1
Sceneryobjects\Szombathely\Penny\Penny.sco
1125139642
1125139642
-1
Sceneryobjects\Szombathely\Plakat\Plakat17\awkst.sco
1128946150
1128946150
-1
Sceneryobjects\Szombathely\Plakat\Plakat20\awkst.sco
1128946863
1128946863
-1
Sceneryobjects\Szombathely\Post\Post.sco
1131515387
1131515387
-1
Sceneryobjects\Szombathely\Telefon\Telefon.sco
1130581555
1130581555
-1
Sceneryobjects\Szombathely\Tesco2\Tesco.sco
1413874347
1413874347
-1
Sceneryobjects\Szombathely\Vonalak\2547.sco
1153521041
1153521041
-1
Sceneryobjects\Trees_MC\arbor_1.sco
1532784860
1532784860
-1
Sceneryobjects\Trees_MC\arbor_sixpack.sco
1532784859
1532784859
-1
Sceneryobjects\Trees_MC\shrubbery_01_05.sco
1532784869
1532784869
-1
Sceneryobjects\Trees_MC\shrubbery_01_10.sco
1532784859
1532784859
-1
Sceneryobjects\Trees_MC\shrubbery_01_20.sco
1532784858
1532784858
-1
Sceneryobjects\Trees_MC\shrubbery_03_10.sco
1532784854
1532784854
-1
Sceneryobjects\Trees_MC\shrubbery_03_20.sco
1532784855
1532784855
-1
Sceneryobjects\Trees_MC\ShrubberyBox_01.sco
1532784860
1532784860
-1
Sceneryobjects\Trees_MC\tree_large_01.sco
1532784860
1532784860
-1
Sceneryobjects\Trees_MC\tree_medium_01.sco
1532784864
1532784864
-1
Sceneryobjects\Trees_MC\tree_medium_02.sco
1532784868
1532784868
-1
Sceneryobjects\Trees_MC\tree_medium_03.sco
1532784866
1532784866
-1
Sceneryobjects\Trees_MC\tree_medium_04.sco
1532784864
1532784864
-1
Sceneryobjects\Trees_MC\tree_medium_05.sco
1532784861
1532784861
-1
Sceneryobjects\Trees_MC\tree_medium_06.sco
1532784860
1532784860
-1
Sceneryobjects\Trees_MC\tree_medium_07.sco
1532784861
1532784861
-1
Sceneryobjects\Trees_MC\tree_medium_08.sco
1532784866
1532784866
-1
Sceneryobjects\Trees_MC\tree_medium_09.sco
1532784861
1532784861
-1
Sceneryobjects\Trees_MC\Tree_Small_01.sco
1532784865
1532784865
-1
Sceneryobjects\Trees_MC\Tree_Small_04.sco
1532784856
1532784856
-1
Sceneryobjects\Trees_MC\Tree_Small_Nrw_01.sco
1532784864
1532784864
-1
Sceneryobjects\Trees_MC\tree_tiny_01.sco
1532784858
1532784858
-1
Splines\ADDON_SimpleStreets\RQ_9,5_2spur_6,5m_Sidewalk.sli
1047218954
-
-
Splines\Marcel\invis_street.sli
1133251408
-
-
Splines\Marcel\str_2spur_8m_altonaer1.sli
1133251469
-
-
Splines\Terrain-Spline-V3_1\Splines\Terrain Spline\10mTerrain_Spline.sli
1089438732
-
-
Splines\Terrain-Spline-V3_1\Splines\Terrain Spline\15mTerrain_Spline.sli
1089438759
-
-
Splines\Terrain-Spline-V3_1\Splines\Terrain Spline\20mTerrain_Spline.sli
1089438962
-
-
Splines\Terrain-Spline-V3_1\Splines\Terrain Spline\4mTerrain_Spline.sli
1079484849
-
-
Splines\Terrain-Spline-V3_1\Splines\Terrain Spline\8mTerrain_Spline.sli
1089438664
-
-
Splines\Terrain-Spline-V3_1\Splines\Terrain Spline\Terrain Spline_Other textures\Terrain-Spline_Asphalt2\4mTerrain_Spline_Asphalt2.sli
1079486897
-
-
Splines\Terrain-Spline-V3_1\Splines\Terrain Spline\Terrain Spline_Other textures\Terrain-Spline_Innenstadt\15mTerrain_Spline_Innenstadt.sli
1089440807
-
-
Splines\Terrain-Spline-V3_1\Splines\Terrain Spline\Terrain Spline_Other textures\Terrain-Spline_Innenstadt\8mTerrain_Spline_Innenstadt.sli
1089440712
-
-
Splines\VKL´s Splines\str_gruen_1m.sli
1083146895
-
-
Splines\VKL´s Splines\str_gruen_2m.sli
1083146864
-
-
Splines\Yufa\bussteig003.sli
1066804307
-
-
Splines\Yufa\bussteig004.sli
1077378173
-
-
Splines\Yufa\bussteig005.sli
1210599424
-
-
Splines\Yufa\str_asphdrk_1line.sli
1063360700
-
-
