Sceneryobjects\ADDON_gcW\leitpfosten.sco
1291150054
1291150054
-1
Sceneryobjects\ADDON_SimpleStreets\RQ_9,5_2spur_6,5m_Sidewalk_busstop_double.sco
1047945757
1047945757
-1
Sceneryobjects\Buildings_Alex\izgorod.sco
1058298189
1058298189
-1
Sceneryobjects\Buildings_MC\bw_50s_01.sco
1532784852
1532784852
-1
Sceneryobjects\Buildings_MC\CHGeb_01.sco
1532784860
1532784860
-1
Sceneryobjects\Buildings_MC\oth_greenh_6x6x50.sco
1532784856
1532784856
-1
Sceneryobjects\Buildings_RUE\Haus02c2.sco
1532784864
1532784864
-1
Sceneryobjects\Buildings_RUE\Haus03c.sco
1532784853
1532784853
-1
Sceneryobjects\Generic\bus_stop.sco
1133255574
1133255574
-1
Sceneryobjects\Generic\entrypoint_bus.sco
1133255560
1133255560
-1
Sceneryobjects\Generic\people_standing_small.sco
1133255496
1133255496
-1
Sceneryobjects\Generic\routearrow_dn.sco
1227266475
1227266475
-1
Sceneryobjects\Generic\routearrows_busstop.sco
1133255562
1133255562
-1
Sceneryobjects\HUN Objects\buszmegtabla.sco
1057266935
1057266935
-1
Sceneryobjects\HUN Objects\kek_menetrend.sco
1057266885
1057266885
-1
Sceneryobjects\Kamaz_Objects\Hecke.sco
1291150063
1291150063
-1
Sceneryobjects\Megallo_uj\m_nev.sco
1078543577
1078543577
-1
Sceneryobjects\More Trees Addon\FirTree3.sco
1503562427
1503562427
-1
Sceneryobjects\Nemolus Objekte\Verkehrszeichen\VZ_Mast_AllgUeberholverbot.sco
1052210960
1052210960
-1
Sceneryobjects\Nemolus Objekte\Verkehrszeichen\VZ_Mast_AllgUeberholverbotAufgeh.sco
1052210963
1052210963
-1
Sceneryobjects\Nemolus Objekte\Verkehrszeichen\VZ_Mast_HGeschw_50.sco
1052211339
1052211339
-1
Sceneryobjects\Nemolus Objekte\Verkehrszeichen\VZ_Mast_Radfahrer.sco
1052211395
1052211395
-1
Sceneryobjects\Nemolus Objekte\Verkehrszeichen\VZ_Mast_VorfahrtGewaehren.sco
1052211494
1052211494
-1
Sceneryobjects\Nemolus Objekte\Verkehrszeichen\VZ_Mast_Vorfahrtstrasse.sco
1047755419
1047755419
-1
Sceneryobjects\Objects_RS\Zaun_Tor_6m_01.sco
1295144668
1295144668
-1
Sceneryobjects\Ruede\forest_backdrop01.sco
1133255562
1133255562
-1
Sceneryobjects\Ruede\trees_chestnut02.sco
1133255505
1133255505
-1
Sceneryobjects\Ruede\trees_chestnut03.sco
1133255505
1133255505
-1
Sceneryobjects\Steven Objecten\SK_Telegraaf_mast_draad.sco
1086853744
1086853744
-1
Sceneryobjects\Steven Objecten\SK_Telegraaf_mast_ondersteuning.sco
1086821140
1086821140
-1
Sceneryobjects\Streetobjects_RUE\neonlight_S_bend_S.sco
1133255506
1133255506
-1
Sceneryobjects\Streetobjects_RUE\single_pole.sco
1133255574
1133255574
-1
Sceneryobjects\Streetobjects_RUE\sodiumlight_L_break_L.sco
1133255506
1133255506
-1
Sceneryobjects\Szombathely\Tablak\T2\T2.sco
1130513512
1130513512
-1
Sceneryobjects\Szombathely\Tablak\TBE\TBE.sco
1131698735
1131698735
-1
Sceneryobjects\Szombathely\Tablak\TKI\TKI.sco
1131699126
1131699126
-1
Sceneryobjects\Trees_MC\arbor_1.sco
1532784860
1532784860
-1
Sceneryobjects\Trees_MC\arbor_2.sco
1532784859
1532784859
-1
Sceneryobjects\Trees_MC\arbor_5.sco
1532784872
1532784872
-1
Sceneryobjects\Trees_MC\arbor_sixpack.sco
1532784859
1532784859
-1
Sceneryobjects\Trees_MC\fir_medium_01.sco
1532784868
1532784868
-1
Sceneryobjects\Trees_MC\fir_medium_03.sco
1532784860
1532784860
-1
Sceneryobjects\Trees_MC\shrubbery_01_20.sco
1532784858
1532784858
-1
Sceneryobjects\Trees_MC\shrubbery_04_05.sco
1532784869
1532784869
-1
Sceneryobjects\Trees_MC\shrubbery_04_20.sco
1532784854
1532784854
-1
Sceneryobjects\Trees_MC\tree_medium_01.sco
1532784864
1532784864
-1
Sceneryobjects\Trees_MC\tree_medium_02.sco
1532784868
1532784868
-1
Sceneryobjects\Trees_MC\tree_medium_03.sco
1532784866
1532784866
-1
Sceneryobjects\Trees_MC\tree_medium_04.sco
1532784864
1532784864
-1
Sceneryobjects\Trees_MC\tree_medium_05.sco
1532784861
1532784861
-1
Sceneryobjects\Trees_MC\tree_medium_06.sco
1532784860
1532784860
-1
Sceneryobjects\Trees_MC\tree_medium_07.sco
1532784861
1532784861
-1
Sceneryobjects\Trees_MC\tree_medium_08.sco
1532784866
1532784866
-1
Sceneryobjects\Trees_MC\tree_medium_09.sco
1532784861
1532784861
-1
Sceneryobjects\Trees_MC\Tree_Small_07.sco
1532784858
1532784858
-1
Sceneryobjects\Trees_MC\Tree_Small_08.sco
1532784856
1532784856
-1
Sceneryobjects\Trees_MC\Tree_Small_Nrw_01.sco
1532784864
1532784864
-1
Sceneryobjects\Trees_MC\tree_tiny_01.sco
1532784858
1532784858
-1
Splines\ADDON_SimpleStreets\RQ_9,5_2spur_6,5m.sli
1047303190
-
-
Splines\ADDON_SimpleStreets\RQ_9,5_2spur_6,5m_Sidewalk.sli
1047218954
-
-
Splines\Freyfurt\11m_Damm.sli
1112250162
-
-
Splines\Marcel\invis_street.sli
1133251408
-
-
Splines\Terrain-Spline-V3_1\Splines\Terrain Spline\10mTerrain_Spline.sli
1089438732
-
-
Splines\Terrain-Spline-V3_1\Splines\Terrain Spline\4mTerrain_Spline.sli
1079484849
-
-
Splines\Yufa\12cm_N_line.sli
1097629391
-
-
