Sceneryobjects\ADDON_gcW_fra\muelleimer.sco
1079545304
1079545304
-1
Sceneryobjects\backgroundsounds\nature_cube.sco
1156623772
1156623772
-1
Sceneryobjects\BMO Objekte\HausZaun 2.sco
1064732726
1064732726
-1
Sceneryobjects\BMO Objekte\Hauszaun.sco
1064677806
1064677806
-1
Sceneryobjects\BMO Objekte\Holzzaun Garten.sco
1064727553
1064727553
-1
Sceneryobjects\Buildings_Alex\izgorod.sco
1058298189
1058298189
-1
Sceneryobjects\Buildings_Alex\kovka1.sco
1054496893
1054496893
-1
Sceneryobjects\Buildings_Alex\ogra03.sco
1060131567
1060131567
-1
Sceneryobjects\Buildings_Alex\podium2.sco
1060131751
1060131751
-1
Sceneryobjects\Buildings_Alex\zabb02.sco
1056465889
1056465889
-1
Sceneryobjects\Buildings_DDR_RUE\DDR_House_s_01.sco
1532784866
1532784866
-1
Sceneryobjects\Buildings_DDR_RUE\DDR_Storage_01.sco
1532784858
1532784858
-1
Sceneryobjects\Buildings_JHY\seegzepp1.sco
1532784854
1532784854
-1
Sceneryobjects\Buildings_RUE\Haus01a.sco
1532784853
1532784853
-1
Sceneryobjects\Buildings_RUE\Haus01b.sco
1532784854
1532784854
-1
Sceneryobjects\Buildings_RUE\Haus01c.sco
1532784854
1532784854
-1
Sceneryobjects\Buildings_RUE\Haus01c2.sco
1532784860
1532784860
-1
Sceneryobjects\Buildings_RUE\Haus01e.sco
1532784854
1532784854
-1
Sceneryobjects\Buildings_RUE\Haus02a.sco
1532784855
1532784855
-1
Sceneryobjects\Buildings_RUE\Haus02b.sco
1532784865
1532784865
-1
Sceneryobjects\Buildings_RUE\Haus02c.sco
1532784853
1532784853
-1
Sceneryobjects\Buildings_RUE\Haus02c2.sco
1532784864
1532784864
-1
Sceneryobjects\Buildings_RUE\Haus02e.sco
1532784865
1532784865
-1
Sceneryobjects\Buildings_RUE\Haus03a.sco
1532784855
1532784855
-1
Sceneryobjects\Buildings_RUE\Haus03b.sco
1532784858
1532784858
-1
Sceneryobjects\Buildings_RUE\Haus03c.sco
1532784853
1532784853
-1
Sceneryobjects\Buildings_RUE\Haus03e.sco
1532784855
1532784855
-1
Sceneryobjects\folti\parkbank.sco
1094552135
1094552135
-1
Sceneryobjects\Generic\bus_stop.sco
1133255574
1133255574
-1
Sceneryobjects\Generic\car_park.sco
1133255499
1133255499
-1
Sceneryobjects\Generic\entrypoint_bus.sco
1133255560
1133255560
-1
Sceneryobjects\Generic\people_standing_small.sco
1133255496
1133255496
-1
Sceneryobjects\Generic\routearrow_R.sco
1133255498
1133255498
-1
Sceneryobjects\Generic\routearrows_busstop.sco
1133255562
1133255562
-1
Sceneryobjects\HUN Objects\buszmegtabla.sco
1057266935
1057266935
-1
Sceneryobjects\HUN Objects\kek_menetrend.sco
1057266885
1057266885
-1
Sceneryobjects\Kreuz_MC\Einm_see_johanna.sco
1532784855
1532784855
-1
Sceneryobjects\Megallo_uj\m_nev.sco
1078543577
1078543577
-1
Sceneryobjects\Muur bruin\muro_40m.sco
1060008496
1060008496
-1
Sceneryobjects\NDBV-Objekte\kuebel_bepflanzt_Lila.sco
1082029088
1082029088
-1
Sceneryobjects\Nemolus Objekte\Verkehrszeichen\VZ_Mast_Vorfahrt.sco
1052211492
1052211492
-1
Sceneryobjects\Nemolus Objekte\Verkehrszeichen\VZ_Mast_VorfahrtGewaehren.sco
1052211494
1052211494
-1
Sceneryobjects\Objects_RS\Zaun_6m_01.sco
1295144668
1295144668
-1
Sceneryobjects\Ruede\forest_backdrop01.sco
1133255562
1133255562
-1
Sceneryobjects\Ruede\trees_chestnut01.sco
1133255504
1133255504
-1
Sceneryobjects\Ruede\trees_chestnut02.sco
1133255505
1133255505
-1
Sceneryobjects\Ruede\trees_chestnut03.sco
1133255505
1133255505
-1
Sceneryobjects\Streetobjects_RUE\DDR_1xBG_S_wood_cable.sco
1133255577
1133255577
-1
Sceneryobjects\Streetobjects_RUE\DDR_Pole_doubleWood_cable.sco
1133255507
1133255507
-1
Sceneryobjects\Streetobjects_RUE\DDR_RSL1_Green_3m.sco
1133255575
1133255575
-1
Sceneryobjects\Streetobjects_RUE\gibbet_beam.sco
1133255581
1133255581
-1
Sceneryobjects\Streetobjects_RUE\sodiumlight_L_break_L.sco
1133255506
1133255506
-1
Sceneryobjects\Streetobjects_RUE\sodiumlight_L_whip_L.sco
1133255501
1133255501
-1
Sceneryobjects\Szombathely\S2\S2.sco
1130606277
1130606277
-1
Sceneryobjects\Szombathely\Vonalak\2547.sco
1153521041
1153521041
-1
Sceneryobjects\Trees_MC\arbor_sixpack.sco
1532784859
1532784859
-1
Sceneryobjects\Trees_MC\shrubbery_01_10_nocollision.sco
1077120331
1077120331
-1
Sceneryobjects\Trees_MC\shrubbery_03_05.sco
1532784868
1532784868
-1
Sceneryobjects\Trees_MC\shrubbery_03_10.sco
1532784854
1532784854
-1
Sceneryobjects\Trees_MC\shrubbery_03_20.sco
1532784855
1532784855
-1
Sceneryobjects\Trees_MC\shrubbery_04_05.sco
1532784869
1532784869
-1
Sceneryobjects\Trees_MC\shrubbery_04_10.sco
1532784867
1532784867
-1
Sceneryobjects\Trees_MC\shrubbery_04_20.sco
1532784854
1532784854
-1
Sceneryobjects\Trees_MC\tree_large_01.sco
1532784860
1532784860
-1
Sceneryobjects\Trees_MC\tree_large_02.sco
1532784858
1532784858
-1
Sceneryobjects\Trees_MC\tree_large_03.sco
1532784868
1532784868
-1
Sceneryobjects\Trees_MC\tree_large_04.sco
1532784865
1532784865
-1
Sceneryobjects\Trees_MC\tree_large_05.sco
1532784858
1532784858
-1
Sceneryobjects\Trees_MC\tree_large_06.sco
1532784865
1532784865
-1
Sceneryobjects\Trees_MC\tree_medium_01.sco
1532784864
1532784864
-1
Sceneryobjects\Trees_MC\tree_medium_02.sco
1532784868
1532784868
-1
Sceneryobjects\Trees_MC\tree_medium_03.sco
1532784866
1532784866
-1
Sceneryobjects\Trees_MC\tree_medium_04.sco
1532784864
1532784864
-1
Sceneryobjects\Trees_MC\tree_medium_05.sco
1532784861
1532784861
-1
Sceneryobjects\Trees_MC\tree_medium_06.sco
1532784860
1532784860
-1
Sceneryobjects\Trees_MC\tree_medium_07.sco
1532784861
1532784861
-1
Sceneryobjects\Trees_MC\tree_medium_08.sco
1532784866
1532784866
-1
Sceneryobjects\Trees_MC\tree_medium_09.sco
1532784861
1532784861
-1
Sceneryobjects\Trees_MC\Tree_Small_05.sco
1532784869
1532784869
-1
Sceneryobjects\Trees_MC\Tree_Small_Nrw_01.sco
1532784864
1532784864
-1
Sceneryobjects\Trees_MC\tree_tiny_01.sco
1532784858
1532784858
-1
Sceneryobjects\wooder\odpoc.sco
1291150090
1291150090
-1
Splines\Addon Modern Streets\Altoaner Überland.sli
1119379617
-
-
Splines\ADDON_Freyfurt\UL11m.sli
1089362025
-
-
Splines\ADDON_SimpleStreets\RQ_20_4_spur_15m_narrow_Sidewalk.sli
1048793734
-
-
Splines\Freyfurt\11m_Damm.sli
1112250162
-
-
Splines\Freyfurt\3,25Meter_gw0asphalt.sli
1112901435
-
-
Splines\Marcel\gw_1.sli
1133251458
-
-
Splines\Marcel\invis_street.sli
1133251408
-
-
Splines\Marcel\rail_typ001.sli
1133251469
-
-
Splines\Marcel\str_2spur_8m_altonaer1.sli
1133251469
-
-
Splines\Ruede\Kabel_holzmast_6m.sli
1133253499
-
-
Splines\Ruede\sdwk_1.5m_DDR_Spandauer_Str.sli
1532784858
-
-
Splines\Terrain-Spline-V3_1\Splines\Terrain Spline\10mTerrain_Spline.sli
1089438732
-
-
Splines\Terrain-Spline-V3_1\Splines\Terrain Spline\4mTerrain_Spline.sli
1079484849
-
-
Splines\Terrain-Spline-V3_1\Splines\Terrain Spline\8mTerrain_Spline.sli
1089438664
-
-
Splines\Yufa\12cm_N_line.sli
1097629391
-
-
Splines\Yufa\bussteig005.sli
1210599424
-
-
Splines\Yufa\str_asphdrk_1line.sli
1063360700
-
-
Sceneryobjects\Szombathely\Pad\padpiros.sco
1087544845
1087544845
-1
