Sceneryobjects\ADDON_gcW_fra\muelleimer.sco
1079547352
1079547352
-1
Sceneryobjects\ADDON_SimpleStreets\RQ_15,5_3spur_11,5m_Sidewalk_cross_SRP_L.sco
1048094266
1048094266
-1
Sceneryobjects\ADDON_SimpleStreets\RQ_X8m_2spur_8,0m_Sidewalk_busstop_double.sco
1047957639
1047957639
-1
Sceneryobjects\ADDON_SimpleStreets\RQ_X8m_to_15,5_Start.sco
1047945968
1047945968
-1
Sceneryobjects\Buildings_DDR_RUE\DDR_Bretterbude.sco
1344340079
1344340079
-1
Sceneryobjects\Buildings_MC\ddr_wachturm_bt9.sco
1344340149
1344340149
-1
Sceneryobjects\Buildings_MC\schul_freiherr.sco
1344340186
1344340186
-1
Sceneryobjects\Buildings_RUE\Haus01a.sco
1133251401
1133251401
-1
Sceneryobjects\Buildings_RUE\Haus01b.sco
1133251403
1133251403
-1
Sceneryobjects\Buildings_RUE\Haus01c.sco
1133251399
1133251399
-1
Sceneryobjects\Buildings_RUE\Haus01c2.sco
1133251399
1133251399
-1
Sceneryobjects\Buildings_RUE\Haus01e.sco
1133251465
1133251465
-1
Sceneryobjects\Buildings_RUE\Haus02a.sco
1133251491
1133251491
-1
Sceneryobjects\Buildings_RUE\Haus02c.sco
1133251399
1133251399
-1
Sceneryobjects\Buildings_RUE\Haus02e.sco
1133251466
1133251466
-1
Sceneryobjects\Buildings_RUE\Haus03a.sco
1133251401
1133251401
-1
Sceneryobjects\Buildings_RUE\Haus03c.sco
1133251403
1133251403
-1
Sceneryobjects\Buildings_RUE\Haus03c2.sco
1133251401
1133251401
-1
Sceneryobjects\Buildings_RUE\Haus03e.sco
1133251449
1133251449
-1
Sceneryobjects\DavidM-Objekte\Mastsilber.sco
1119383712
1119383712
-1
Sceneryobjects\DavidM-Objekte\Zebra-rechts.sco
1119381664
1119381664
-1
Sceneryobjects\Generic\bus_stop.sco
1259519163
1259519163
-1
Sceneryobjects\Generic\car_park.sco
1259519163
1259519163
-1
Sceneryobjects\Generic\people_standing_small.sco
1259519151
1259519151
-1
Sceneryobjects\Generic\routearrow_dn.sco
1259519163
1259519163
-1
Sceneryobjects\Generic\routearrow_L.sco
1259519151
1259519151
-1
Sceneryobjects\Generic\routearrow_R.sco
1259519219
1259519219
-1
Sceneryobjects\Generic\routearrows_busstop.sco
1259519151
1259519151
-1
Sceneryobjects\HUN Objects\buszmegtabla.sco
1057271031
1057271031
-1
Sceneryobjects\HUN Objects\kek_menetrend.sco
1057270981
1057270981
-1
Sceneryobjects\Kamaz_Objects\Hecke.sco
1085305874
1085305874
-1
Sceneryobjects\Kreuz_MC\Einm_Altonaer.sco
1133270416
1133270416
-1
Sceneryobjects\Kreuz_MC\Kreuz_Altonaer.sco
1133270408
1133270408
-1
Sceneryobjects\Kreuz_MC\RQ_9,5_to_X8.sco
1047947885
1047947885
-1
Sceneryobjects\Ljubljana\Zebrastreifen.sco
1058180775
1058180775
-1
Sceneryobjects\Megallo_uj\m_nev.sco
1078547673
1078547673
-1
Sceneryobjects\Nemolus Objekte\Verkehrszeichen\VZ_Mast_AllgUeberholverbot.sco
1052210960
1052210960
-1
Sceneryobjects\Nemolus Objekte\Verkehrszeichen\VZ_Mast_HalteverbotAbsolut.sco
1052211051
1052211051
-1
Sceneryobjects\Nemolus Objekte\Verkehrszeichen\VZ_Mast_HalteverbotEingeschraenkt.sco
1052211331
1052211331
-1
Sceneryobjects\Nemolus Objekte\Verkehrszeichen\VZ_Mast_Radfahrer.sco
1052211395
1052211395
-1
Sceneryobjects\Nemolus Objekte\Verkehrszeichen\VZ_Mast_RadUGehweg.sco
1052211397
1052211397
-1
Sceneryobjects\Nemolus Objekte\Verkehrszeichen\VZ_Mast_StopVorfahrtGewaehren.sco
1052211428
1052211428
-1
Sceneryobjects\Nemolus Objekte\Verkehrszeichen\VZ_Mast_Vorfahrt.sco
1052211492
1052211492
-1
Sceneryobjects\Nemolus Objekte\Verkehrszeichen\VZ_Mast_VorfahrtGewaehren.sco
1052211494
1052211494
-1
Sceneryobjects\Nemolus Objekte\Verkehrszeichen\VZ_Mast_Vorfahrtstrasse.sco
1047755419
1047755419
-1
Sceneryobjects\Nemolus Objekte\Verkehrszeichen\VZ_OhneMast_HalteverbotAbsolut.sco
1052211558
1052211558
-1
Sceneryobjects\Nemolus Objekte\Verkehrszeichen\VZ_OhneMast_HGeschw_30.sco
1052211562
1052211562
-1
Sceneryobjects\Nemolus Objekte\Verkehrszeichen\VZ_OhneMast_VerbotFuerFahrraeder.sco
1052211685
1052211685
-1
Sceneryobjects\Objects_RS\Jaegerzaun_6m.sco
1063221302
1063221302
-1
Sceneryobjects\Ruede\forest_backdrop01.sco
1344340548
1344340548
-1
Sceneryobjects\Ruede\trees_chestnut01.sco
1344340576
1344340576
-1
Sceneryobjects\Ruede\trees_chestnut02.sco
1344340576
1344340576
-1
Sceneryobjects\Ruede\trees_chestnut03.sco
1344340576
1344340576
-1
Sceneryobjects\Steven Objecten\SK_Telegraaf_mast.sco
1086817040
1086817040
-1
Sceneryobjects\Steven Objecten\SK_Telegraaf_mast_ondersteuning.sco
1086817044
1086817044
-1
Sceneryobjects\Streetobjects_RUE\Gaslight_Whip_M.sco
1133251411
1133251411
-1
Sceneryobjects\Streetobjects_RUE\LBL-Brikett_wood.sco
1133251468
1133251468
-1
Sceneryobjects\Streetobjects_RUE\sodiumlight_L_break_L.sco
1133251410
1133251410
-1
Sceneryobjects\Szombathely\Tankenyer\Tankenyer.sco
1147297536
1147297536
-1
Sceneryobjects\Szombathely\Telefon\Telefon.sco
1130585651
1130585651
-1
Sceneryobjects\tomass94\prosto-prawo.sco
1464236498
1464236498
-1
Sceneryobjects\Trees_MC\arbor_sixpack.sco
1230790319
1230790319
-1
Sceneryobjects\Trees_MC\shrubbery_01_05.sco
1183556451
1183556451
-1
Sceneryobjects\Trees_MC\shrubbery_01_10.sco
1230790321
1230790321
-1
Sceneryobjects\Trees_MC\shrubbery_01_10_nocollision.sco
1077120331
1077120331
-1
Sceneryobjects\Trees_MC\shrubbery_01_20.sco
1230790319
1230790319
-1
Sceneryobjects\Trees_MC\shrubbery_03_05.sco
1230790321
1230790321
-1
Sceneryobjects\Trees_MC\shrubbery_03_10.sco
1230790321
1230790321
-1
Sceneryobjects\Trees_MC\shrubbery_03_20.sco
1230790323
1230790323
-1
Sceneryobjects\Trees_MC\shrubbery_04_05.sco
1230790326
1230790326
-1
Sceneryobjects\Trees_MC\shrubbery_04_10.sco
1230790323
1230790323
-1
Sceneryobjects\Trees_MC\shrubbery_04_20.sco
1230790321
1230790321
-1
Sceneryobjects\Trees_MC\tree_large_01.sco
1230790322
1230790322
-1
Sceneryobjects\Trees_MC\tree_large_02.sco
1230790322
1230790322
-1
Sceneryobjects\Trees_MC\tree_large_03.sco
1230790322
1230790322
-1
Sceneryobjects\Trees_MC\tree_large_05.sco
1230790319
1230790319
-1
Sceneryobjects\Trees_MC\tree_large_06.sco
1230790327
1230790327
-1
Sceneryobjects\Trees_MC\tree_medium_01.sco
1230790324
1230790324
-1
Sceneryobjects\Trees_MC\tree_medium_02.sco
1230790322
1230790322
-1
Sceneryobjects\Trees_MC\tree_medium_03.sco
1230790322
1230790322
-1
Sceneryobjects\Trees_MC\tree_medium_04.sco
1230790319
1230790319
-1
Sceneryobjects\Trees_MC\tree_medium_05.sco
1230790322
1230790322
-1
Sceneryobjects\Trees_MC\tree_medium_06.sco
1230790322
1230790322
-1
Sceneryobjects\Trees_MC\tree_medium_07.sco
1230790319
1230790319
-1
Sceneryobjects\Trees_MC\tree_medium_08.sco
1230790325
1230790325
-1
Sceneryobjects\Trees_MC\tree_medium_09.sco
1230790327
1230790327
-1
Sceneryobjects\Trees_MC\Tree_Small_Nrw_01.sco
1230790322
1230790322
-1
Splines\ADDON_SimpleStreets\str_2spur_8m_TypAltonaer_Emil.sli
1045667456
-
-
Splines\Freyfurt\11m_Damm.sli
1112254258
-
-
Splines\Marcel\str_2spur_8m_altonaer1.sli
1133251469
-
-
Splines\Steven\SK_Telegraaf_draad.sli
1096912675
-
-
Splines\Szczecin\laty_drogowe_2,0.sli
1132969480
-
-
Splines\Terrain-Spline-V3_1\Splines\Terrain Spline\20mTerrain_Spline.sli
1089443058
-
-
Splines\Terrain-Spline-V3_1\Splines\Terrain Spline\4mTerrain_Spline.sli
1079488945
-
-
Splines\Yufa\bussteig003.sli
1066804307
-
-
Splines\Addon Modern Streets\Altoaner Überland.sli
1095107680
-
-
Splines\Terrain-Spline-V3_1\Splines\Terrain Spline\8mTerrain_Spline.sli
1089442760
-
-
