Sceneryobjects\ADDON_Hohenkirchen\Details\Strassenobjekte\Moderne_Laterne.sco
1489503908
1489503908
-1
Sceneryobjects\Generic\car_park.sco
1133255499
1133255499
-1
Sceneryobjects\Muur bruin\muro_10m.sco
1060008487
1060008487
-1
Sceneryobjects\Trees_MC\shrubbery_04_20.sco
1532784854
1532784854
-1
Splines\ADDON_SimpleStreets\RQ_20_4_spur_15m_narrow_Sidewalk.sli
1048793734
-
-
Splines\Terrain-Spline-V3_1\Splines\Terrain Spline\4mTerrain_Spline.sli
1079484849
-
-
Splines\VKL“s Splines\str_gruen_1m.sli
1083146895
-
-
