Sceneryobjects\ADDON_SimpleStreets\RQ_9,5_2spur_6,5m_Sidewalk_Roundabout_normal_part0.sco
1048482870
1048482870
-1
Sceneryobjects\ADDON_SimpleStreets\RQ_9,5_2spur_6,5m_Sidewalk_Roundabout_normal_part1.sco
1052271128
1052271128
-1
Sceneryobjects\ADDON_SimpleStreets\RQ_X8m_2spur_8,0m_Sidewalk_yunct.sco
1047945952
1047945952
-1
Sceneryobjects\ADDON_SimpleStreets\RQ_X8m_2spur_8,0m_Sidewalk_yunct_invers.sco
1049401395
1049401395
-1
Sceneryobjects\Barierka uliczna\Barierka.sco
1065586044
1065586044
-1
Sceneryobjects\Buildings_Alex\ogra02.sco
1060131564
1060131564
-1
Sceneryobjects\Buildings_DDR_RUE\DDR_House_l_07.sco
1532784859
1532784859
-1
Sceneryobjects\Buildings_DDR_RUE\DDR_House_m_01.sco
1532784853
1532784853
-1
Sceneryobjects\Buildings_DDR_RUE\DDR_House_m_02.sco
1532784853
1532784853
-1
Sceneryobjects\Buildings_DDR_RUE\DDR_House_m_04.sco
1532784853
1532784853
-1
Sceneryobjects\Buildings_DDR_RUE\DDR_House_m_05.sco
1532784855
1532784855
-1
Sceneryobjects\Buildings_DDR_RUE\DDR_House_m_07.sco
1532784853
1532784853
-1
Sceneryobjects\Buildings_DDR_RUE\DDR_House_m_09.sco
1532784852
1532784852
-1
Sceneryobjects\Buildings_DDR_RUE\DDR_House_m_10.sco
1532784859
1532784859
-1
Sceneryobjects\Buildings_DDR_RUE\DDR_House_m_11.sco
1532784853
1532784853
-1
Sceneryobjects\Buildings_DDR_RUE\DDR_Stellwerk_Fks.sco
1532784855
1532784855
-1
Sceneryobjects\Buildings_MC\bw_50s_07.sco
1532784859
1532784859
-1
Sceneryobjects\Buildings_MC\bw_50s_08.sco
1532784852
1532784852
-1
Sceneryobjects\Buildings_MC\bw_50s_09.sco
1532784856
1532784856
-1
Sceneryobjects\Buildings_MC\bw_50s_10.sco
1532784852
1532784852
-1
Sceneryobjects\Buildings_MC\bw_60s_01.sco
1532784852
1532784852
-1
Sceneryobjects\Buildings_MC\bw_80s_02.sco
1532784859
1532784859
-1
Sceneryobjects\Buildings_MC\bw_beseler_A.sco
1532784859
1532784859
-1
Sceneryobjects\Buildings_MC\bw_beseler_C.sco
1532784855
1532784855
-1
Sceneryobjects\Buildings_MC\bw_beseler_F.sco
1532784859
1532784859
-1
Sceneryobjects\Buildings_MC\bw_ladengeschaeft_01.sco
1532784852
1532784852
-1
Sceneryobjects\Buildings_MC\bw_row30s_01_B.sco
1532784852
1532784852
-1
Sceneryobjects\Buildings_MC\bw_row30s_07.sco
1532784870
1532784870
-1
Sceneryobjects\Buildings_MC\bw_row50s_04.sco
1532784852
1532784852
-1
Sceneryobjects\Buildings_MC\bw_rowold_11.sco
1532784855
1532784855
-1
Sceneryobjects\Buildings_MC\bw_rowold_18.sco
1532784852
1532784852
-1
Sceneryobjects\Buildings_MC\bw_rowold_31.sco
1532784855
1532784855
-1
Sceneryobjects\BusdriversObjekte\Stangerund.sco
1084006874
1084006874
-1
Sceneryobjects\Construcao_FilipeRicardo\muro_40m.sco
1046981430
1046981430
-1
Sceneryobjects\DavidM-Objekte\Mastsilber.sco
1119383712
1119383712
-1
Sceneryobjects\DavidM-Objekte\Parken-Bordstein.sco
1114198254
1114198254
-1
Sceneryobjects\DavidM-Objekte\Parken-Bordstein-Ende.sco
1114198254
1114198254
-1
Sceneryobjects\DavidM-Objekte\Zebra-rechts.sco
1114198254
1114198254
-1
Sceneryobjects\Generic\bus_stop.sco
1133255574
1133255574
-1
Sceneryobjects\Generic\car_park.sco
1133255499
1133255499
-1
Sceneryobjects\Generic\routearrow_dn.sco
1227266475
1227266475
-1
Sceneryobjects\Generic\routearrow_L.sco
1133255546
1133255546
-1
Sceneryobjects\Generic\routearrow_R.sco
1133255498
1133255498
-1
Sceneryobjects\HUN Objects\buszmegtabla.sco
1057266935
1057266935
-1
Sceneryobjects\HUN Objects\kek_menetrend.sco
1057266885
1057266885
-1
Sceneryobjects\Kreuz_MC\RQ_9,5_to_X8.sco
1047943789
1047943789
-1
Sceneryobjects\Ljubljana\Zebrastreifen.sco
1058176679
1058176679
-1
Sceneryobjects\Nemolus Objekte\Verkehrszeichen\VZ_Mast_HalteverbotAbsolut.sco
1052211051
1052211051
-1
Sceneryobjects\Nemolus Objekte\Verkehrszeichen\VZ_Mast_Kreisverkehr.sco
1052211370
1052211370
-1
Sceneryobjects\Nemolus Objekte\Verkehrszeichen\VZ_Mast_RechtsVorbei.sco
1052211404
1052211404
-1
Sceneryobjects\Nemolus Objekte\Verkehrszeichen\VZ_Mast_StopVorfahrtGewaehren.sco
1052211428
1052211428
-1
Sceneryobjects\Nemolus Objekte\Verkehrszeichen\VZ_Mast_VorfahrtGewaehren.sco
1052211494
1052211494
-1
Sceneryobjects\Nemolus Objekte\Verkehrszeichen\VZ_Mast_Vorfahrtstrasse.sco
1047755419
1047755419
-1
Sceneryobjects\Nemolus Objekte\Verkehrszeichen\VZ_Mast_VorfahrtstrasseEnde.sco
1047894688
1047894688
-1
Sceneryobjects\Objects_RS\Zaun_Tor_6m_01.sco
1295144668
1295144668
-1
Sceneryobjects\Ruede\30er_reihensiedlung01.sco
1133255503
1133255503
-1
Sceneryobjects\Ruede\forest_backdrop01.sco
1133255562
1133255562
-1
Sceneryobjects\Streetobjects_RUE\LBL-Brikett_wood.sco
1133255564
1133255564
-1
Sceneryobjects\Streetobjects_RUE\sodiumlight_L_break_L.sco
1133255506
1133255506
-1
Sceneryobjects\Szombathely\Korlat\Korlat.sco
1150506696
1150506696
-1
Sceneryobjects\Szombathely\Tablak\T14\T14.sco
1130514099
1130514099
-1
Sceneryobjects\tomass94\prosto.sco
1291150089
1291150089
-1
Sceneryobjects\Trees_MC\shrubbery_01_20.sco
1532784858
1532784858
-1
Sceneryobjects\Trees_MC\ShrubberyBox_01.sco
1532784860
1532784860
-1
Sceneryobjects\Trees_MC\tree_medium_01.sco
1532784864
1532784864
-1
Sceneryobjects\Trees_MC\Tree_Small_01.sco
1532784865
1532784865
-1
Sceneryobjects\Trees_MC\tree_tiny_01.sco
1532784858
1532784858
-1
Splines\ADDON_SimpleStreets\RQ_9,5_2spur_6,5m.sli
1047303190
-
-
Splines\ADDON_SimpleStreets\RQ_9,5_2spur_6,5m_Sidewalk.sli
1047218954
-
-
Splines\ADDON_SimpleStreets\str_2spur_8m_TypAltonaer_Emil.sli
1045671552
-
-
Splines\Freyfurt\11m_Damm.sli
1112250162
-
-
Splines\Marcel\str_2spur_8m_altonaer1.sli
1133251469
-
-
Splines\Szczecin\laty_drogowe_1,0.sli
1132969480
-
-
Splines\Szczecin\laty_drogowe_8,0.sli
1132969480
-
-
Splines\Terrain-Spline-V3_1\Splines\Terrain Spline\20mTerrain_Spline.sli
1089438962
-
-
Splines\Terrain-Spline-V3_1\Splines\Terrain Spline\4mTerrain_Spline.sli
1079484849
-
-
Splines\Yufa\bussteig003.sli
1066804307
-
-
