Sceneryobjects\ADDON_SimpleStreets\RQ_20n_to_10,5.sco
1049124267
1049124267
-1
Sceneryobjects\ADDON_SimpleStreets\RQ_9,5_2spur_6,5m_Sidewalk_Roundabout_normal_part0.sco
1048482870
1048482870
-1
Sceneryobjects\ADDON_SimpleStreets\RQ_9,5_2spur_6,5m_Sidewalk_Roundabout_normal_part1.sco
1052271128
1052271128
-1
Sceneryobjects\ADDON_SimpleStreets\RQ_9,5_to_10,5.sco
1047945833
1047945833
-1
Sceneryobjects\ADDON_SimpleStreets\RQ_9,5_to_X8.sco
1047945837
1047945837
-1
Sceneryobjects\ADDON_SimpleStreets\RQ_X8_to_X11_Seeburger.sco
1047945873
1047945873
-1
Sceneryobjects\Buildings_Alex\ogra01.sco
1060131555
1060131555
-1
Sceneryobjects\Buildings_DDR_RUE\DDR_Falkensee_Schule.sco
1532784853
1532784853
-1
Sceneryobjects\Buildings_DDR_RUE\DDR_House_m_03.sco
1532784853
1532784853
-1
Sceneryobjects\Buildings_DDR_RUE\DDR_House_m_07.sco
1532784853
1532784853
-1
Sceneryobjects\Buildings_DDR_RUE\DDR_House_m_09.sco
1532784852
1532784852
-1
Sceneryobjects\Buildings_DDR_RUE\DDR_House_m_10.sco
1532784859
1532784859
-1
Sceneryobjects\Buildings_DDR_RUE\DDR_House_m_11.sco
1532784853
1532784853
-1
Sceneryobjects\Buildings_DDR_RUE\DDR_Memorial.sco
1532784855
1532784855
-1
Sceneryobjects\Buildings_MC\bw_50s_02.sco
1532784855
1532784855
-1
Sceneryobjects\Buildings_MC\bw_50s_09.sco
1532784856
1532784856
-1
Sceneryobjects\Buildings_MC\bw_80s_01.sco
1532784859
1532784859
-1
Sceneryobjects\Buildings_MC\bw_amtsgericht_spandau.sco
1532784852
1532784852
-1
Sceneryobjects\Buildings_MC\bw_hoch_03.sco
1532784859
1532784859
-1
Sceneryobjects\Buildings_MC\bw_hoch_23A.sco
1532784859
1532784859
-1
Sceneryobjects\Buildings_MC\bw_hoch_23C.sco
1532784852
1532784852
-1
Sceneryobjects\Buildings_MC\bw_polizei01.sco
1532784852
1532784852
-1
Sceneryobjects\Buildings_MC\bw_row30s_04.sco
1532784852
1532784852
-1
Sceneryobjects\Buildings_MC\bw_row80s_01.sco
1532784860
1532784860
-1
Sceneryobjects\Buildings_MC\bw_row80s_03.sco
1532784852
1532784852
-1
Sceneryobjects\Buildings_MC\bw_row80s_16.sco
1532784852
1532784852
-1
Sceneryobjects\Buildings_MC\bw_rowold_14.sco
1532784859
1532784859
-1
Sceneryobjects\Buildings_MC\bw_rowold_30.sco
1532784859
1532784859
-1
Sceneryobjects\Buildings_MC\bw_rowold_49.sco
1532784859
1532784859
-1
Sceneryobjects\Buildings_MC\bw_rowold_50.sco
1532784852
1532784852
-1
Sceneryobjects\Buildings_MC\bw_rowold_52.sco
1532784855
1532784855
-1
Sceneryobjects\Buildings_MC\bw_rowold_53.sco
1532784859
1532784859
-1
Sceneryobjects\Buildings_MC\bw_rowold_54.sco
1532784852
1532784852
-1
Sceneryobjects\Buildings_MC\bw_rowold_55.sco
1532784852
1532784852
-1
Sceneryobjects\Buildings_MC\bw_rowold_56.sco
1532784852
1532784852
-1
Sceneryobjects\Buildings_MC\bw_rowold_57.sco
1532784852
1532784852
-1
Sceneryobjects\Buildings_MC\wohn_04.sco
1532784853
1532784853
-1
Sceneryobjects\DavidM-Objekte\Mastsilber.sco
1119383712
1119383712
-1
Sceneryobjects\DavidM-Objekte\Zebra-rechts.sco
1114198254
1114198254
-1
Sceneryobjects\Generic\routearrow_dn.sco
1227266475
1227266475
-1
Sceneryobjects\Generic\routearrow_R.sco
1133255498
1133255498
-1
Sceneryobjects\Generic\routearrows_busstop.sco
1133255562
1133255562
-1
Sceneryobjects\Kamaz_Objects\Hecke.sco
1291150063
1291150063
-1
Sceneryobjects\Kreuz_MC\Einm_see_johanna.sco
1532784855
1532784855
-1
Sceneryobjects\Ljubljana\Zebrastreifen.sco
1058176679
1058176679
-1
Sceneryobjects\More Trees Addon\Bush3.sco
1503562427
1503562427
-1
Sceneryobjects\More Trees Addon\FirTree3.sco
1503562427
1503562427
-1
Sceneryobjects\More Trees Addon\Flower1.sco
1503562427
1503562427
-1
Sceneryobjects\More Trees Addon\Flower2.sco
1503562427
1503562427
-1
Sceneryobjects\More Trees Addon\TreeJustPlanted5.sco
1503562428
1503562428
-1
Sceneryobjects\More Trees Addon\TreeTrimmed1.sco
1503562428
1503562428
-1
Sceneryobjects\Nemolus Objekte\Verkehrszeichen\VZ_Mast_Kreisverkehr.sco
1052211370
1052211370
-1
Sceneryobjects\Nemolus Objekte\Verkehrszeichen\VZ_Mast_RechtsVorbei.sco
1052211404
1052211404
-1
Sceneryobjects\Nemolus Objekte\Verkehrszeichen\VZ_Mast_VorfahrtGewaehren.sco
1052211494
1052211494
-1
Sceneryobjects\Nemolus Objekte\Verkehrszeichen\VZ_Mast_Vorfahrtstrasse.sco
1047755419
1047755419
-1
Sceneryobjects\Ruede\forest_backdrop01.sco
1133255562
1133255562
-1
Sceneryobjects\Streetobjects_MC\bridge_02.sco
1532784879
1532784879
-1
Sceneryobjects\Streetobjects_RUE\gibbet_beam.sco
1133255581
1133255581
-1
Sceneryobjects\Streetobjects_RUE\single_pole.sco
1133255574
1133255574
-1
Sceneryobjects\Streetobjects_RUE\sodiumlight_L_break_L.sco
1133255506
1133255506
-1
Sceneryobjects\Streetobjects_RUE\sodiumlight_L_whip_L.sco
1133255501
1133255501
-1
Sceneryobjects\Szombathely\Plakat\Plakat33\awkst.sco
1156995492
1156995492
-1
Sceneryobjects\Szombathely\Tablak\T9\T9.sco
1130469729
1130469729
-1
Sceneryobjects\Szombathely\Telefon\Telefon.sco
1130581555
1130581555
-1
Sceneryobjects\Trees_MC\shrubbery_01_05.sco
1532784869
1532784869
-1
Sceneryobjects\Trees_MC\shrubbery_03_10.sco
1532784854
1532784854
-1
Sceneryobjects\Trees_MC\shrubbery_04_20.sco
1532784854
1532784854
-1
Sceneryobjects\Trees_MC\ShrubberyBox_01.sco
1532784860
1532784860
-1
Sceneryobjects\Trees_MC\tree_medium_01.sco
1532784864
1532784864
-1
Sceneryobjects\Trees_MC\tree_medium_02.sco
1532784868
1532784868
-1
Sceneryobjects\Trees_MC\tree_medium_05.sco
1532784861
1532784861
-1
Sceneryobjects\Trees_MC\Tree_Small_01.sco
1532784865
1532784865
-1
Sceneryobjects\Trees_MC\Tree_Small_05.sco
1532784869
1532784869
-1
Sceneryobjects\Verkehrszeichen_MC\Ampel_Kfz_Oh_1.sco
1532784857
1532784857
-1
Sceneryobjects\Verkehrszeichen_MC\Ampel_Kfz_OhBlind_1.sco
1532784859
1532784859
-1
Sceneryobjects\Verkehrszeichen_MC\Ampel_Mensch_1.sco
1532784860
1532784860
-1
Splines\ADDON_SimpleStreets\RQ_20_4_spur_15m_narrow_Sidewalk.sli
1048793734
-
-
Splines\ADDON_SimpleStreets\RQ_9,5_2spur_6,5m_Sidewalk.sli
1047218954
-
-
Splines\Freyfurt\11m_Damm.sli
1112250162
-
-
Splines\Marcel\str_2spur_11m_SeeburgerStr1.sli
1133251416
-
-
Splines\Marcel\str_2spur_8m_altonaer1.sli
1133251469
-
-
Splines\Terrain-Spline-V3_1\Splines\Terrain Spline\10mTerrain_Spline.sli
1089438732
-
-
Splines\Terrain-Spline-V3_1\Splines\Terrain Spline\15mTerrain_Spline.sli
1089438759
-
-
Splines\Terrain-Spline-V3_1\Splines\Terrain Spline\20mTerrain_Spline.sli
1089438962
-
-
Splines\Terrain-Spline-V3_1\Splines\Terrain Spline\4mTerrain_Spline.sli
1079484849
-
-
Splines\VKL´s Splines\str_gruen_1m.sli
1083146895
-
-
Splines\Yufa\12cm_N_line.sli
1097629391
-
-
Splines\Yufa\25cm_N_line.sli
1115850786
-
-
Splines\Yufa\Asphalt_line.sli
1058582057
-
-
