Sceneryobjects\ADDON_gcW_fra\muelleimer.sco
1079543256
1079543256
-1
Sceneryobjects\ADDON_SimpleStreets\RQ_9,5_2spur_6,5m_Sidewalk_cross_forbus.sco
1047945773
1047945773
-1
Sceneryobjects\Buildings_RUE\Haus01a.sco
1532784853
1532784853
-1
Sceneryobjects\Buildings_RUE\Haus01b.sco
1532784854
1532784854
-1
Sceneryobjects\Buildings_RUE\Haus01c.sco
1532784854
1532784854
-1
Sceneryobjects\Buildings_RUE\Haus01c2.sco
1532784860
1532784860
-1
Sceneryobjects\Buildings_RUE\Haus01e.sco
1532784854
1532784854
-1
Sceneryobjects\Buildings_RUE\Haus02a.sco
1532784855
1532784855
-1
Sceneryobjects\Buildings_RUE\Haus02b.sco
1532784865
1532784865
-1
Sceneryobjects\Buildings_RUE\Haus02c.sco
1532784853
1532784853
-1
Sceneryobjects\Buildings_RUE\Haus02c2.sco
1532784864
1532784864
-1
Sceneryobjects\Buildings_RUE\Haus02e.sco
1532784865
1532784865
-1
Sceneryobjects\Buildings_RUE\Haus03b.sco
1532784858
1532784858
-1
Sceneryobjects\Buildings_RUE\Haus03c.sco
1532784853
1532784853
-1
Sceneryobjects\Buildings_RUE\Haus03c2.sco
1532784858
1532784858
-1
Sceneryobjects\Buildings_RUE\Haus03e.sco
1532784855
1532784855
-1
Sceneryobjects\Generic\bus_stop.sco
1133255574
1133255574
-1
Sceneryobjects\Generic\routearrows_busstop.sco
1133255562
1133255562
-1
Sceneryobjects\HUN Objects\buszmegtabla.sco
1057266935
1057266935
-1
Sceneryobjects\HUN Objects\kek_menetrend.sco
1057266885
1057266885
-1
Sceneryobjects\Megallo_uj\m_nev.sco
1078543577
1078543577
-1
Sceneryobjects\Nemolus Objekte\Verkehrszeichen\VZ_Mast_VorfahrtGewaehren.sco
1052211494
1052211494
-1
Sceneryobjects\Ruede\forest_backdrop01.sco
1133255562
1133255562
-1
Sceneryobjects\Ruede\trees_chestnut01.sco
1133255504
1133255504
-1
Sceneryobjects\Ruede\trees_chestnut02.sco
1133255505
1133255505
-1
Sceneryobjects\Ruede\trees_chestnut03.sco
1133255505
1133255505
-1
Sceneryobjects\Streetobjects_MC\glaskontainer_b.sco
1532784856
1532784856
-1
Sceneryobjects\Streetobjects_MC\glaskontainer_g.sco
1532784868
1532784868
-1
Sceneryobjects\Streetobjects_MC\glaskontainer_w.sco
1532784855
1532784855
-1
Sceneryobjects\Streetobjects_RUE\sodiumlight_L_whip_L.sco
1133255501
1133255501
-1
Sceneryobjects\Trees_MC\arbor_sixpack.sco
1532784859
1532784859
-1
Sceneryobjects\Trees_MC\shrubbery_01_10.sco
1532784859
1532784859
-1
Sceneryobjects\Trees_MC\tree_large_01.sco
1532784860
1532784860
-1
Sceneryobjects\Trees_MC\tree_large_02.sco
1532784858
1532784858
-1
Sceneryobjects\Trees_MC\tree_large_05.sco
1532784858
1532784858
-1
Sceneryobjects\Trees_MC\tree_medium_01.sco
1532784864
1532784864
-1
Sceneryobjects\Trees_MC\tree_medium_02.sco
1532784868
1532784868
-1
Sceneryobjects\Trees_MC\tree_medium_03.sco
1532784866
1532784866
-1
Sceneryobjects\Trees_MC\tree_medium_04.sco
1532784864
1532784864
-1
Sceneryobjects\Trees_MC\tree_medium_05.sco
1532784861
1532784861
-1
Sceneryobjects\Trees_MC\tree_medium_06.sco
1532784860
1532784860
-1
Sceneryobjects\Trees_MC\tree_medium_07.sco
1532784861
1532784861
-1
Sceneryobjects\Trees_MC\tree_medium_08.sco
1532784866
1532784866
-1
Sceneryobjects\Trees_MC\tree_medium_09.sco
1532784861
1532784861
-1
Splines\ADDON_SimpleStreets\RQ_9,5_2spur_6,5m.sli
1047303190
-
-
Splines\ADDON_SimpleStreets\RQ_9,5_2spur_6,5m_Sidewalk.sli
1047218954
-
-
Splines\invis_sidewalk.sli
1185383465
-
-
Splines\Terrain-Spline-V3_1\Splines\Terrain Spline\4mTerrain_Spline.sli
1079484849
-
-
