Sceneryobjects\Buildings_RUE\Haus01a.sco
1532784853
1532784853
-1
Sceneryobjects\Buildings_RUE\Haus01b.sco
1532784854
1532784854
-1
Sceneryobjects\Buildings_RUE\Haus01c.sco
1532784854
1532784854
-1
Sceneryobjects\Buildings_RUE\Haus01c2.sco
1532784860
1532784860
-1
Sceneryobjects\Buildings_RUE\Haus02a.sco
1532784855
1532784855
-1
Sceneryobjects\Buildings_RUE\Haus02c2.sco
1532784864
1532784864
-1
Sceneryobjects\Buildings_RUE\Haus02e.sco
1532784865
1532784865
-1
Sceneryobjects\Buildings_RUE\Haus03b.sco
1532784858
1532784858
-1
Sceneryobjects\Buildings_RUE\Haus03c.sco
1532784853
1532784853
-1
Sceneryobjects\Buildings_RUE\Haus03c2.sco
1532784858
1532784858
-1
Sceneryobjects\Buildings_RUE\Haus03e.sco
1532784855
1532784855
-1
Sceneryobjects\Generic\bus_stop.sco
1133255574
1133255574
-1
Sceneryobjects\Generic\car_park.sco
1133255499
1133255499
-1
Sceneryobjects\Generic\people_standing_small.sco
1133255496
1133255496
-1
Sceneryobjects\Generic\routearrow_L.sco
1133255546
1133255546
-1
Sceneryobjects\Generic\routearrow_R.sco
1133255498
1133255498
-1
Sceneryobjects\Generic\routearrows_busstop.sco
1133255562
1133255562
-1
Sceneryobjects\HUN Objects\buszmegtabla.sco
1057266935
1057266935
-1
Sceneryobjects\Kamaz_Objects\Hecke.sco
1291150063
1291150063
-1
Sceneryobjects\More Trees Addon\Bush4.sco
1503562427
1503562427
-1
Sceneryobjects\More Trees Addon\FirTree2.sco
1503562427
1503562427
-1
Sceneryobjects\More Trees Addon\Flower1.sco
1503562427
1503562427
-1
Sceneryobjects\More Trees Addon\TreeJustPlanted1.sco
1503562427
1503562427
-1
Sceneryobjects\Nemolus Objekte\Verkehrszeichen\VZ_Mast_Fussgaenger.sco
1052211032
1052211032
-1
Sceneryobjects\Nemolus Objekte\Verkehrszeichen\VZ_Mast_HGeschw_30.sco
1052211334
1052211334
-1
Sceneryobjects\Nemolus Objekte\Verkehrszeichen\VZ_Mast_Vorfahrt.sco
1052211492
1052211492
-1
Sceneryobjects\Nemolus Objekte\Verkehrszeichen\VZ_Mast_VorfahrtGewaehren.sco
1052211494
1052211494
-1
Sceneryobjects\Objects_RS\Jaegerzaun_6m.sco
1295144668
1295144668
-1
Sceneryobjects\Objects_RS\Zaun_6m_01.sco
1295144668
1295144668
-1
Sceneryobjects\Objects_RS\Zaun_Tor_6m_01.sco
1295144668
1295144668
-1
Sceneryobjects\Ruede\forest_backdrop01.sco
1133255562
1133255562
-1
Sceneryobjects\Ruede\trees_chestnut01.sco
1133255504
1133255504
-1
Sceneryobjects\Ruede\trees_chestnut03.sco
1133255505
1133255505
-1
Sceneryobjects\Steven Objecten\SK_Telegraaf_mast_draad.sco
1086853744
1086853744
-1
Sceneryobjects\Steven Objecten\SK_Telegraaf_mast_ondersteuning_draad.sco
1086853750
1086853750
-1
Sceneryobjects\Streetobjects_MC\bridge_04.sco
1532784856
1532784856
-1
Sceneryobjects\Streetobjects_RUE\LBL-Brikett_wood.sco
1133255564
1133255564
-1
Sceneryobjects\Szombathely\Haz1\Haz1.sco
1123633722
1123633722
-1
Sceneryobjects\Szombathely\Skanzen1\Skanzen1.sco
1131629736
1131629736
-1
Sceneryobjects\Szombathely\Skanzen2\Skanzen2.sco
1131630058
1131630058
-1
Sceneryobjects\Trees_MC\fir_medium_01.sco
1532784868
1532784868
-1
Sceneryobjects\Trees_MC\fir_medium_03.sco
1532784860
1532784860
-1
Sceneryobjects\Trees_MC\MM_Gras.sco
1109768949
1109768949
-1
Sceneryobjects\Trees_MC\shrubbery_01_05.sco
1532784869
1532784869
-1
Sceneryobjects\Trees_MC\shrubbery_01_20.sco
1532784858
1532784858
-1
Sceneryobjects\Trees_MC\shrubbery_03_20.sco
1532784855
1532784855
-1
Sceneryobjects\Trees_MC\shrubbery_04_05.sco
1532784869
1532784869
-1
Sceneryobjects\Trees_MC\shrubbery_04_20.sco
1532784854
1532784854
-1
Sceneryobjects\Trees_MC\tree_large_04.sco
1532784865
1532784865
-1
Sceneryobjects\Trees_MC\tree_medium_01.sco
1532784864
1532784864
-1
Sceneryobjects\Trees_MC\tree_medium_02.sco
1532784868
1532784868
-1
Sceneryobjects\Trees_MC\tree_medium_04.sco
1532784864
1532784864
-1
Sceneryobjects\Trees_MC\tree_medium_05.sco
1532784861
1532784861
-1
Sceneryobjects\Trees_MC\tree_medium_07.sco
1532784861
1532784861
-1
Sceneryobjects\Trees_MC\tree_medium_08.sco
1532784866
1532784866
-1
Sceneryobjects\Trees_MC\tree_medium_09.sco
1532784861
1532784861
-1
Sceneryobjects\Trees_MC\Tree_Small_03.sco
1532784868
1532784868
-1
Sceneryobjects\Trees_MC\Tree_Small_05.sco
1532784869
1532784869
-1
Sceneryobjects\Trees_MC\Tree_Small_06.sco
1532784860
1532784860
-1
Sceneryobjects\Trees_MC\Tree_Small_07.sco
1532784858
1532784858
-1
Sceneryobjects\Trees_MC\Tree_Small_08.sco
1532784856
1532784856
-1
Sceneryobjects\Trees_MC\Tree_Small_09.sco
1532784866
1532784866
-1
Splines\Addon Modern Streets\Altoaner Überland.sli
1119379617
-
-
Splines\Freyfurt\11m_Damm.sli
1112250162
-
-
Splines\Marcel\invis_street.sli
1133251408
-
-
Splines\Terrain-Spline-V3_1\Splines\Terrain Spline\4mTerrain_Spline.sli
1079484849
-
-
Splines\Terrain-Spline-V3_1\Splines\Terrain Spline\8mTerrain_Spline.sli
1089438664
-
-
