Sceneryobjects\Buildings_Alex\izgorod.sco
1058296141
1058296141
-1
Sceneryobjects\Buildings_RUE\Haus01a.sco
1532782805
1532782805
-1
Sceneryobjects\Buildings_RUE\Haus02b.sco
1532782817
1532782817
-1
Sceneryobjects\Kreuz_MC\Einm_Borkumer.sco
1532782810
1532782810
-1
Sceneryobjects\Ruede\forest_backdrop01.sco
1532782806
1532782806
-1
Sceneryobjects\Ruede\trees_chestnut01.sco
1532782807
1532782807
-1
Sceneryobjects\Ruede\trees_chestnut02.sco
1532782810
1532782810
-1
Sceneryobjects\Ruede\trees_chestnut03.sco
1532782820
1532782820
-1
Sceneryobjects\Streetobjects_RUE\LBL-Tropfen_3.sco
1532782820
1532782820
-1
Sceneryobjects\Trees_MC\arbor_sixpack.sco
1532782811
1532782811
-1
Sceneryobjects\Trees_MC\shrubbery_03_20.sco
1532782807
1532782807
-1
Sceneryobjects\Trees_MC\tree_medium_01.sco
1532782816
1532782816
-1
Sceneryobjects\Trees_MC\tree_medium_02.sco
1532782820
1532782820
-1
Sceneryobjects\Trees_MC\tree_medium_03.sco
1532782818
1532782818
-1
Sceneryobjects\Trees_MC\tree_medium_04.sco
1532782816
1532782816
-1
Sceneryobjects\Trees_MC\tree_medium_05.sco
1532782813
1532782813
-1
Sceneryobjects\Trees_MC\tree_medium_06.sco
1532782812
1532782812
-1
Sceneryobjects\Trees_MC\tree_medium_07.sco
1532782813
1532782813
-1
Sceneryobjects\Trees_MC\tree_medium_08.sco
1532782818
1532782818
-1
Sceneryobjects\Trees_MC\tree_medium_09.sco
1532782813
1532782813
-1
Sceneryobjects\Trees_MC\Tree_Small_01.sco
1532782817
1532782817
-1
Splines\Addon Modern Streets\str_2spur_8m_borkumer1-‹berland.sli
1095085152
-
-
Splines\ADDON_SimpleStreets\RQ_9,5_2spur_6,5m.sli
1047303190
-
-
Splines\Marcel\str_2spur_8m_borkumer1.sli
1532782810
-
-
Splines\Terrain-Spline-V3_1\Splines\Terrain Spline\4mTerrain_Spline.sli
1079482801
-
-
