Sceneryobjects\ADDON_gcW_fra\muelleimer.sco
1079543256
1079543256
-1
Sceneryobjects\ADDON_SimpleStreets\RQ_9,5_2spur_6,5m_Sidewalk_busstop_asph.sco
1047945735
1047945735
-1
Sceneryobjects\ADDON_SimpleStreets\RQ_9,5_2spur_6,5m_Sidewalk_junct.sco
1047945789
1047945789
-1
Sceneryobjects\ADDON_SimpleStreets\RQ_9,5_2spur_6,5m_Sidewalk_junct_forbus.sco
1047945795
1047945795
-1
Sceneryobjects\Buildings_DDR_RUE\DDR_Betonpfahl.sco
1532784853
1532784853
-1
Sceneryobjects\Buildings_MC\bw_row30s_04.sco
1532784852
1532784852
-1
Sceneryobjects\Buildings_MC\bw_supermarkt_1B.sco
1532784860
1532784860
-1
Sceneryobjects\Buildings_MC\wohn_04.sco
1532784853
1532784853
-1
Sceneryobjects\DavidM-Objekte\Mastsilber.sco
1119383712
1119383712
-1
Sceneryobjects\DavidM-Objekte\Zebra-rechts.sco
1114198254
1114198254
-1
Sceneryobjects\Generic\bus_stop.sco
1133255574
1133255574
-1
Sceneryobjects\Generic\car_park.sco
1133255499
1133255499
-1
Sceneryobjects\Generic\routearrow_R.sco
1133255498
1133255498
-1
Sceneryobjects\Generic\routearrows_busstop.sco
1133255562
1133255562
-1
Sceneryobjects\HUN Objects\buszmegtabla.sco
1057266935
1057266935
-1
Sceneryobjects\HUN Objects\kek_menetrend.sco
1057266885
1057266885
-1
Sceneryobjects\HUN Objects\sarga_menetrend.sco
1057266894
1057266894
-1
Sceneryobjects\Kamaz_Objects\Hecke.sco
1291150063
1291150063
-1
Sceneryobjects\Ljubljana\Zebrastreifen.sco
1058176679
1058176679
-1
Sceneryobjects\Megallo_uj\m_nev.sco
1078543577
1078543577
-1
Sceneryobjects\Nemolus Objekte\Verkehrszeichen\VZ_Mast_AllgUeberholverbot.sco
1052210960
1052210960
-1
Sceneryobjects\Nemolus Objekte\Verkehrszeichen\VZ_Mast_Fussgaengerueberweg.sco
1052211036
1052211036
-1
Sceneryobjects\Nemolus Objekte\Verkehrszeichen\VZ_Mast_HGeschw_60.sco
1052211344
1052211344
-1
Sceneryobjects\Nemolus Objekte\Verkehrszeichen\VZ_Mast_Kreisverkehr.sco
1052211370
1052211370
-1
Sceneryobjects\Nemolus Objekte\Verkehrszeichen\VZ_Mast_RechtsVorbei.sco
1052211404
1052211404
-1
Sceneryobjects\Nemolus Objekte\Verkehrszeichen\VZ_Mast_VorfahrtGewaehren.sco
1052211494
1052211494
-1
Sceneryobjects\Nemolus Objekte\Verkehrszeichen\VZ_Mast_Vorfahrtstrasse.sco
1047755419
1047755419
-1
Sceneryobjects\Ruede\forest_backdrop01.sco
1133255562
1133255562
-1
Sceneryobjects\Ruede\trees_chestnut01.sco
1133255504
1133255504
-1
Sceneryobjects\Ruede\trees_chestnut02.sco
1133255505
1133255505
-1
Sceneryobjects\Ruede\trees_chestnut03.sco
1133255505
1133255505
-1
Sceneryobjects\Streetobjects_MC\bridge_04.sco
1532784856
1532784856
-1
Sceneryobjects\Streetobjects_RUE\single_pole.sco
1133255574
1133255574
-1
Sceneryobjects\Streetobjects_RUE\sodiumlight_4L_break_L.sco
1133255501
1133255501
-1
Sceneryobjects\Streetobjects_RUE\sodiumlight_L_break_L.sco
1133255506
1133255506
-1
Sceneryobjects\Szombathely\Lidl2\Lidl2.sco
1123633824
1123633824
-1
Sceneryobjects\Szombathely\Plakat\Plakat4\awkst.sco
1128749341
1128749341
-1
Sceneryobjects\Szombathely\Plakat\Plakat9\awkst.sco
1128749590
1128749590
-1
Sceneryobjects\Szombathely\Tablak\T26\T26.sco
1130477924
1130477924
-1
Sceneryobjects\Szombathely\Tablak\T27\T27.sco
1130476261
1130476261
-1
Sceneryobjects\Szombathely\Tablak\TBE\TBE.sco
1131698735
1131698735
-1
Sceneryobjects\Szombathely\Tablak\TKI\TKI.sco
1131699126
1131699126
-1
Sceneryobjects\Trees_MC\arbor_sixpack.sco
1532784859
1532784859
-1
Sceneryobjects\Trees_MC\shrubbery_03_20.sco
1532784855
1532784855
-1
Sceneryobjects\Trees_MC\ShrubberyBox_01.sco
1532784860
1532784860
-1
Sceneryobjects\Trees_MC\tree_medium_01.sco
1532784864
1532784864
-1
Sceneryobjects\Trees_MC\tree_medium_02.sco
1532784868
1532784868
-1
Sceneryobjects\Trees_MC\tree_medium_03.sco
1532784866
1532784866
-1
Sceneryobjects\Trees_MC\tree_medium_04.sco
1532784864
1532784864
-1
Sceneryobjects\Trees_MC\tree_medium_05.sco
1532784861
1532784861
-1
Sceneryobjects\Trees_MC\tree_medium_06.sco
1532784860
1532784860
-1
Sceneryobjects\Trees_MC\tree_medium_09.sco
1532784861
1532784861
-1
Sceneryobjects\Trees_MC\Tree_Small_01.sco
1532784865
1532784865
-1
Sceneryobjects\Trees_MC\Tree_Small_09.sco
1532784866
1532784866
-1
Splines\ADDON_SimpleStreets\RQ_9,5_2spur_6,5m.sli
1047303190
-
-
Splines\ADDON_SimpleStreets\RQ_9,5_2spur_6,5m_Sidewalk.sli
1047218954
-
-
Splines\Routeres\invis_sidewalk_fixed.sli
1287823829
-
-
Splines\Ruede\DDR_Zaun_02.sli
1133253499
-
-
Splines\Terrain-Spline-V3_1\Splines\Terrain Spline\4mTerrain_Spline.sli
1079484849
-
-
Splines\VKL´s Splines\str_gruen_1m.sli
1083146895
-
-
Splines\Yufa\bussteig003.sli
1066804307
-
-
Sceneryobjects\Generic\people_standing_small.sco
1133255496
1133255496
-1
