Sceneryobjects\BMO Objekte\Holzzaun Garten.sco
1064727553
1064727553
-1
Sceneryobjects\Buildings_MC\bw_hoch_17.sco
1532784852
1532784852
-1
Sceneryobjects\Buildings_MC\bw_hoch_19.sco
1532784856
1532784856
-1
Sceneryobjects\DavidM-Objekte\Mastsilber.sco
1119383712
1119383712
-1
Sceneryobjects\DavidM-Objekte\Zebra-rechts.sco
1114198254
1114198254
-1
Sceneryobjects\folti\parkbank.sco
1291150086
1291150086
-1
Sceneryobjects\Generic\car_park.sco
1133255499
1133255499
-1
Sceneryobjects\Generic\routearrow_dn.sco
1227266475
1227266475
-1
Sceneryobjects\Generic\routearrow_L.sco
1133255546
1133255546
-1
Sceneryobjects\Generic\routearrow_R.sco
1133255498
1133255498
-1
Sceneryobjects\Kamaz_Objects\Hecke.sco
1291150063
1291150063
-1
Sceneryobjects\Ljubljana\Zebrastreifen.sco
1058176679
1058176679
-1
Sceneryobjects\More Trees Addon\Flower1.sco
1503562427
1503562427
-1
Sceneryobjects\More Trees Addon\Flower2.sco
1503562427
1503562427
-1
Sceneryobjects\NDBV-Objekte\kuebel_bepflanzt_Lila.sco
1082029088
1082029088
-1
Sceneryobjects\Plakat1\awkst.sco
1066097737
1066097737
-1
Sceneryobjects\Plakat3\awkst.sco
1066098756
1066098756
-1
Sceneryobjects\Plakat4\awkst.sco
1066099109
1066099109
-1
Sceneryobjects\Plakat5\awkst.sco
1066099458
1066099458
-1
Sceneryobjects\Plakat7\awkst.sco
1066099717
1066099717
-1
Sceneryobjects\Ruede\forest_backdrop01.sco
1133255562
1133255562
-1
Sceneryobjects\Streetobjects_MC\fountain_1.sco
1532784876
1532784876
-1
Sceneryobjects\Streetobjects_RUE\single_pole.sco
1133255574
1133255574
-1
Sceneryobjects\Streetobjects_RUE\sodiumlight_4L_break_L.sco
1133255501
1133255501
-1
Sceneryobjects\Streetobjects_RUE\sodiumlight_L_break_L.sco
1133255506
1133255506
-1
Sceneryobjects\Streetobjects_RUE\whip_beam.sco
1133255559
1133255559
-1
Sceneryobjects\Szombathely\Kerek\Hall\Hall.sco
1212442468
1212442468
-1
Sceneryobjects\Szombathely\Plakat\Plakat25\awkst.sco
1129077093
1129077093
-1
Sceneryobjects\Szombathely\Plakat\Plakat43\awkst.sco
1187467949
1187467949
-1
Sceneryobjects\Szombathely\Plakat\Plakat46\awkst.sco
1212574531
1212574531
-1
Sceneryobjects\Szombathely\Plakat\Plakat47\awkst.sco
1212575124
1212575124
-1
Sceneryobjects\tomass94\prawo.sco
1291150089
1291150089
-1
Sceneryobjects\tomass94\prosto.sco
1291150089
1291150089
-1
Sceneryobjects\tomass94\prosto-lewo.sco
1291150089
1291150089
-1
Sceneryobjects\tomass94\prosto-prawo.sco
1291150089
1291150089
-1
Sceneryobjects\Trees_MC\shrubbery_01_05.sco
1532784869
1532784869
-1
Sceneryobjects\Trees_MC\shrubbery_04_10.sco
1532784867
1532784867
-1
Sceneryobjects\Trees_MC\shrubbery_04_20.sco
1532784854
1532784854
-1
Sceneryobjects\Trees_MC\tree_large_01.sco
1532784860
1532784860
-1
Sceneryobjects\Trees_MC\tree_medium_02.sco
1532784868
1532784868
-1
Sceneryobjects\Trees_MC\tree_medium_09.sco
1532784861
1532784861
-1
Sceneryobjects\Trees_MC\Tree_Small_01.sco
1532784865
1532784865
-1
Sceneryobjects\Trees_MC\Tree_Small_04.sco
1532784856
1532784856
-1
Sceneryobjects\Trees_MC\Tree_Small_09.sco
1532784866
1532784866
-1
Sceneryobjects\Verkehrszeichen_MC\Ampel_Kfz_Oh_1.sco
1532784857
1532784857
-1
Sceneryobjects\Verkehrszeichen_MC\Ampel_Kfz_OhBlind_1.sco
1532784859
1532784859
-1
Sceneryobjects\Verkehrszeichen_MC\Ampel_Mensch_1.sco
1532784860
1532784860
-1
Splines\ADDON_SimpleStreets\RQ_10,5_2spur_7,5m.sli
1048140836
-
-
Splines\Marcel\invis_street.sli
1133251408
-
-
Splines\Szczecin\laty_drogowe_3,0.sli
1132969480
-
-
Splines\Terrain-Spline-V3_1\Splines\Terrain Spline\20mTerrain_Spline.sli
1089438962
-
-
Splines\Terrain-Spline-V3_1\Splines\Terrain Spline\4mTerrain_Spline.sli
1079484849
-
-
Splines\Terrain-Spline-V3_1\Splines\Terrain Spline\8mTerrain_Spline.sli
1089438664
-
-
Splines\Yufa\12cm_N_line.sli
1097629391
-
-
Splines\Yufa\25cm_N_line.sli
1115850786
-
-
Splines\Yufa\bikeline.sli
1059281985
-
-
Splines\Yufa\bussteig003.sli
1066804307
-
-
Splines\Yufa\bussteig005.sli
1210599424
-
-
Splines\Yufa\str_asphdrk_1line.sli
1063360700
-
-
