Sceneryobjects\Buildings_MC\schul_turn_01.sco
1344340186
1344340186
-1
Sceneryobjects\Buildings_RUE\Tennis-Center.sco
1133251449
1133251449
-1
Sceneryobjects\Generic\car_park.sco
1259519163
1259519163
-1
Sceneryobjects\Nemolus Objekte\Verkehrszeichen\VZ_Mast_VorfahrtGewaehren.sco
1052211494
1052211494
-1
Sceneryobjects\Nemolus Objekte\Verkehrszeichen\VZ_Mast_Vorfahrtstrasse.sco
1047755419
1047755419
-1
Sceneryobjects\Ruede\forest_backdrop01.sco
1344340548
1344340548
-1
Sceneryobjects\Streetobjects_RUE\neonlight_2L_bend_L.sco
1133251405
1133251405
-1
Sceneryobjects\Streetobjects_RUE\neonlight_L_bend_L.sco
1133251450
1133251450
-1
Sceneryobjects\Trees_MC\shrubbery_03_20.sco
1230790323
1230790323
-1
Sceneryobjects\Trees_MC\tree_medium_01.sco
1230790324
1230790324
-1
Sceneryobjects\Trees_MC\tree_medium_02.sco
1230790322
1230790322
-1
Sceneryobjects\Trees_MC\tree_medium_06.sco
1230790322
1230790322
-1
Sceneryobjects\Trees_MC\Tree_Small_01.sco
1230790322
1230790322
-1
Sceneryobjects\Trees_MC\Tree_Small_05.sco
1230790322
1230790322
-1
Splines\Terrain-Spline-V3_1\Splines\Terrain Spline\10mTerrain_Spline.sli
1089442828
-
-
Splines\Terrain-Spline-V3_1\Splines\Terrain Spline\20mTerrain_Spline.sli
1089443058
-
-
Splines\VKL´s Splines\str_gruen_1m.sli
1083146895
-
-
Splines\Yufa\bussteig003.sli
1066804307
-
-
