Sceneryobjects\ADDON_gcW_fra\fra_haltestelle_haus_2.sco
1079547352
1079547352
-1
Sceneryobjects\ADDON_gcW_fra\muelleimer.sco
1079547352
1079547352
-1
Sceneryobjects\ADDON_SimpleStreets\RQ_20n_Busstop001.sco
1053004007
1053004007
-1
Sceneryobjects\ADDON_SimpleStreets\RQ_20n_Busstop002.sco
1053003867
1053003867
-1
Sceneryobjects\ADDON_SimpleStreets\RQ_20n_to_heerstrasse1.sco
1049122420
1049122420
-1
Sceneryobjects\Buildings_Alex\podium2.sco
1060131751
1060131751
-1
Sceneryobjects\Buildings_MC\buro_01.sco
1344340125
1344340125
-1
Sceneryobjects\Buildings_MC\buro_02.sco
1344340125
1344340125
-1
Sceneryobjects\Buildings_MC\bw_business_01.sco
1344340132
1344340132
-1
Sceneryobjects\Buildings_MC\bw_nervenklinik_A.sco
1344340136
1344340136
-1
Sceneryobjects\Buildings_MC\bw_nervenklinik_B.sco
1344340136
1344340136
-1
Sceneryobjects\Buildings_MC\bw_row30s_01_B.sco
1344340138
1344340138
-1
Sceneryobjects\Buildings_MC\bw_row30s_01_C.sco
1344340138
1344340138
-1
Sceneryobjects\DavidM-Objekte\Mastsilber.sco
1119383712
1119383712
-1
Sceneryobjects\DavidM-Objekte\Zebra-rechts.sco
1119381664
1119381664
-1
Sceneryobjects\Generic\bus_stop.sco
1259519163
1259519163
-1
Sceneryobjects\Generic\car_park.sco
1259519163
1259519163
-1
Sceneryobjects\Generic\entrypoint_bus.sco
1259519163
1259519163
-1
Sceneryobjects\Generic\people_standing_small.sco
1259519151
1259519151
-1
Sceneryobjects\Generic\routearrow_dn.sco
1259519163
1259519163
-1
Sceneryobjects\Generic\routearrow_L.sco
1259519151
1259519151
-1
Sceneryobjects\Generic\routearrow_R.sco
1259519219
1259519219
-1
Sceneryobjects\Generic\routearrows_busstop.sco
1259519151
1259519151
-1
Sceneryobjects\HUN Objects\buszmegtabla.sco
1057271031
1057271031
-1
Sceneryobjects\HUN Objects\kek_menetrend.sco
1057270981
1057270981
-1
Sceneryobjects\Kamaz_Objects\Hecke.sco
1085305874
1085305874
-1
Sceneryobjects\Ljubljana\Zebrastreifen.sco
1058180775
1058180775
-1
Sceneryobjects\Megallo_uj\m_nev.sco
1078547673
1078547673
-1
Sceneryobjects\More Trees Addon\Flower1.sco
1124304934
1124304934
-1
Sceneryobjects\Nemolus Objekte\Verkehrszeichen\VZ_Mast_VorfahrtGewaehren.sco
1052211494
1052211494
-1
Sceneryobjects\Nemolus Objekte\Verkehrszeichen\VZ_Mast_Vorfahrtstrasse.sco
1047755419
1047755419
-1
Sceneryobjects\Nemolus Objekte\Verkehrszeichen\VZ_Mast_VorfahrtstrasseEnde.sco
1047894688
1047894688
-1
Sceneryobjects\Objects_RS\Jaegerzaun_6m.sco
1063221302
1063221302
-1
Sceneryobjects\Polskie sygnalizatory\S-3e\S-3e_Overhead.sco
1076461089
1076461089
-1
Sceneryobjects\Ruede\forest_backdrop01.sco
1344340548
1344340548
-1
Sceneryobjects\Ruede\trees_chestnut01.sco
1344340576
1344340576
-1
Sceneryobjects\Ruede\trees_chestnut03.sco
1344340576
1344340576
-1
Sceneryobjects\Static_EAG\E9460_LOD.sco
1114275517
1114275517
-1
Sceneryobjects\Streetobjects_RUE\neonlight_2L_bend_L.sco
1133251405
1133251405
-1
Sceneryobjects\Streetobjects_RUE\single_pole.sco
1133251478
1133251478
-1
Sceneryobjects\Streetobjects_RUE\sodiumlight_L_break_L.sco
1133251410
1133251410
-1
Sceneryobjects\Streetobjects_RUE\whip_beam.sco
1133251463
1133251463
-1
Sceneryobjects\Szombathely\Kerek\Akacs\Akacs.sco
1413874370
1413874370
-1
Sceneryobjects\Szombathely\Kerek\Buszpu\Buszpu.sco
1413874370
1413874370
-1
Sceneryobjects\Szombathely\Multi\Multi.sco
1413874371
1413874371
-1
Sceneryobjects\Szombathely\Multi\Multi_2.sco
1413874346
1413874346
-1
Sceneryobjects\Szombathely\Multi\Multi_2-nevtabla.sco
1413874346
1413874346
-1
Sceneryobjects\tomass94\lewo.sco
1464236475
1464236475
-1
Sceneryobjects\tomass94\prawo.sco
1464236488
1464236488
-1
Sceneryobjects\tomass94\prosto.sco
1464236489
1464236489
-1
Sceneryobjects\tomass94\prosto-prawo.sco
1464236498
1464236498
-1
Sceneryobjects\Trees_MC\fir_medium_01.sco
1230790321
1230790321
-1
Sceneryobjects\Trees_MC\fir_medium_02.sco
1230790321
1230790321
-1
Sceneryobjects\Trees_MC\shrubbery_01_05.sco
1183556451
1183556451
-1
Sceneryobjects\Trees_MC\shrubbery_01_20.sco
1230790319
1230790319
-1
Sceneryobjects\Trees_MC\shrubbery_03_05.sco
1230790321
1230790321
-1
Sceneryobjects\Trees_MC\shrubbery_03_10.sco
1230790321
1230790321
-1
Sceneryobjects\Trees_MC\shrubbery_03_20.sco
1230790323
1230790323
-1
Sceneryobjects\Trees_MC\shrubbery_04_10.sco
1230790323
1230790323
-1
Sceneryobjects\Trees_MC\shrubbery_04_20.sco
1230790321
1230790321
-1
Sceneryobjects\Trees_MC\ShrubberyBox_01.sco
1230790319
1230790319
-1
Sceneryobjects\Trees_MC\tree_medium_01.sco
1230790324
1230790324
-1
Sceneryobjects\Trees_MC\tree_medium_02.sco
1230790322
1230790322
-1
Sceneryobjects\Trees_MC\tree_medium_09.sco
1230790327
1230790327
-1
Sceneryobjects\Trees_MC\Tree_Small_01.sco
1230790322
1230790322
-1
Sceneryobjects\Trees_MC\Tree_Small_04.sco
1230790319
1230790319
-1
Sceneryobjects\Trees_MC\Tree_Small_Nrw_01.sco
1230790322
1230790322
-1
Sceneryobjects\Trees_MC\tree_tiny_01.sco
1230790322
1230790322
-1
Sceneryobjects\Verkehrszeichen_MC\Ampel_Kfz_Oh_1.sco
1344340714
1344340714
-1
Sceneryobjects\Verkehrszeichen_MC\Ampel_Kfz_OhBlind_1.sco
1344340713
1344340713
-1
Sceneryobjects\Verkehrszeichen_MC\Ampel_Mensch_1.sco
1344340714
1344340714
-1
Splines\ADDON_SimpleStreets\RQ_20_4_spur_15m_narrow_Sidewalk.sli
1048793734
-
-
Splines\invis_sidewalk.sli
1185383465
-
-
Splines\Marcel\invis_street.sli
1133251408
-
-
Splines\Ruede\DDR_Zaun_01.sli
1133251459
-
-
Splines\Ruede\sdwk_2.5m_DDR_Spandauer_Str.sli
1133251408
-
-
Splines\Szczecin\laty_drogowe_1,5.sli
1132969480
-
-
Splines\Terrain-Spline-V3_1\Splines\Terrain Spline\10mTerrain_Spline.sli
1089442828
-
-
Splines\Terrain-Spline-V3_1\Splines\Terrain Spline\15mTerrain_Spline.sli
1089442855
-
-
Splines\Terrain-Spline-V3_1\Splines\Terrain Spline\20mTerrain_Spline.sli
1089443058
-
-
Splines\Terrain-Spline-V3_1\Splines\Terrain Spline\4mTerrain_Spline.sli
1079488945
-
-
Splines\Terrain-Spline-V3_1\Splines\Terrain Spline\8mTerrain_Spline.sli
1089442760
-
-
Splines\Terrain-Spline-V3_1\Splines\Terrain Spline\Terrain Spline_Other textures\Terrain-Spline_Innenstadt2\4mTerrain_Spline_Innenstadt2.sli
1079488945
-
-
Splines\VKL´s Splines\str_gruen_1m.sli
1083146895
-
-
Splines\VKL´s Splines\str_gruen_2m.sli
1083146864
-
-
Splines\Yufa\25cm_N_line.sli
1115850786
-
-
Splines\Yufa\bussteig003.sli
1066804307
-
-
Splines\Yufa\bussteig005.sli
1210599424
-
-
Splines\Yufa\str_asphdrk_1line.sli
1063360700
-
-
