Sceneryobjects\ADDON_gcW_fra\muelleimer.sco
1079547352
1079547352
-1
Sceneryobjects\Buildings_Alex\podium2.sco
1060131751
1060131751
-1
Sceneryobjects\Buildings_Alex\zabb02.sco
1056465889
1056465889
-1
Sceneryobjects\Buildings_RUE\Haus01a.sco
1133251401
1133251401
-1
Sceneryobjects\Buildings_RUE\Haus01c.sco
1133251399
1133251399
-1
Sceneryobjects\Buildings_RUE\Haus01c2.sco
1133251399
1133251399
-1
Sceneryobjects\Buildings_RUE\Haus01e.sco
1133251465
1133251465
-1
Sceneryobjects\Buildings_RUE\Haus02b.sco
1133251465
1133251465
-1
Sceneryobjects\Buildings_RUE\Haus02c.sco
1133251399
1133251399
-1
Sceneryobjects\Buildings_RUE\Haus02c2.sco
1133251399
1133251399
-1
Sceneryobjects\Buildings_RUE\Haus02e.sco
1133251466
1133251466
-1
Sceneryobjects\Buildings_RUE\Haus03a.sco
1133251401
1133251401
-1
Sceneryobjects\Buildings_RUE\Haus03b.sco
1133251403
1133251403
-1
Sceneryobjects\Buildings_RUE\Haus03c.sco
1133251403
1133251403
-1
Sceneryobjects\Buildings_RUE\Haus03c2.sco
1133251401
1133251401
-1
Sceneryobjects\Buildings_RUE\Haus03e.sco
1133251449
1133251449
-1
Sceneryobjects\Generic\bus_stop.sco
1259519163
1259519163
-1
Sceneryobjects\Generic\car_park.sco
1259519163
1259519163
-1
Sceneryobjects\Generic\people_standing_small.sco
1259519151
1259519151
-1
Sceneryobjects\Generic\routearrows_busstop.sco
1259519151
1259519151
-1
Sceneryobjects\HUN Objects\buszmegtabla.sco
1057271031
1057271031
-1
Sceneryobjects\HUN Objects\kek_menetrend.sco
1057270981
1057270981
-1
Sceneryobjects\Kamaz_Objects\Hecke.sco
1085305874
1085305874
-1
Sceneryobjects\Megallo_uj\m_nev.sco
1078547673
1078547673
-1
Sceneryobjects\Nemolus Objekte\Verkehrszeichen\VZ_Mast_HalteverbotAbsolut.sco
1052211051
1052211051
-1
Sceneryobjects\Nemolus Objekte\Verkehrszeichen\VZ_Mast_VerbotEinfahrt.sco
1052211461
1052211461
-1
Sceneryobjects\Nemolus Objekte\Verkehrszeichen\VZ_Mast_Vorfahrt.sco
1052211492
1052211492
-1
Sceneryobjects\Nemolus Objekte\Verkehrszeichen\VZ_Mast_VorfahrtGewaehren.sco
1052211494
1052211494
-1
Sceneryobjects\Objects_RS\Jaegerzaun_6m.sco
1063221302
1063221302
-1
Sceneryobjects\Objects_RS\Zaun_6m_01.sco
1063221266
1063221266
-1
Sceneryobjects\Ruede\forest_backdrop01.sco
1344340548
1344340548
-1
Sceneryobjects\Streetobjects_RUE\DDR_1xBG_S_wood_cable.sco
1133251481
1133251481
-1
Sceneryobjects\Streetobjects_RUE\LBL-Brikett_wood.sco
1133251468
1133251468
-1
Sceneryobjects\Trees_MC\arbor_sixpack.sco
1230790319
1230790319
-1
Sceneryobjects\Trees_MC\shrubbery_01_10.sco
1230790321
1230790321
-1
Sceneryobjects\Trees_MC\shrubbery_03_05.sco
1230790321
1230790321
-1
Sceneryobjects\Trees_MC\shrubbery_03_20.sco
1230790323
1230790323
-1
Sceneryobjects\Trees_MC\shrubbery_04_10.sco
1230790323
1230790323
-1
Sceneryobjects\Trees_MC\shrubbery_04_20.sco
1230790321
1230790321
-1
Sceneryobjects\Trees_MC\tree_large_01.sco
1230790322
1230790322
-1
Sceneryobjects\Trees_MC\tree_large_02.sco
1230790322
1230790322
-1
Sceneryobjects\Trees_MC\tree_large_03.sco
1230790322
1230790322
-1
Sceneryobjects\Trees_MC\tree_large_04.sco
1230790324
1230790324
-1
Sceneryobjects\Trees_MC\tree_large_05.sco
1230790319
1230790319
-1
Sceneryobjects\Trees_MC\tree_large_06.sco
1230790327
1230790327
-1
Sceneryobjects\Trees_MC\tree_medium_04.sco
1230790319
1230790319
-1
Sceneryobjects\Trees_MC\tree_medium_05.sco
1230790322
1230790322
-1
Sceneryobjects\Trees_MC\tree_medium_06.sco
1230790322
1230790322
-1
Sceneryobjects\Trees_MC\tree_medium_09.sco
1230790327
1230790327
-1
Sceneryobjects\Trees_MC\Tree_Small_05.sco
1230790322
1230790322
-1
Splines\Addon Modern Streets\Altoaner Überland.sli
1095107680
-
-
Splines\Marcel\gw_1.sli
1133251458
-
-
Splines\Marcel\invis_street.sli
1133251408
-
-
Splines\Ruede\Kabel_holzmast_6m.sli
1133251451
-
-
Splines\Steven\SK_Telegraaf_draad.sli
1096914723
-
-
Splines\Terrain-Spline-V3_1\Splines\Terrain Spline\4mTerrain_Spline.sli
1079488945
-
-
Splines\Terrain-Spline-V3_1\Splines\Terrain Spline\8mTerrain_Spline.sli
1089442760
-
-
