Sceneryobjects\Buildings_DDR_RUE\DDR_House_m_02.sco
1532784853
1532784853
-1
Sceneryobjects\Buildings_DDR_RUE\DDR_House_m_07.sco
1532784853
1532784853
-1
Sceneryobjects\Buildings_DDR_RUE\DDR_House_s_01.sco
1532784866
1532784866
-1
Sceneryobjects\Buildings_DDR_RUE\DDR_House_s_03.sco
1532784853
1532784853
-1
Sceneryobjects\Buildings_DDR_RUE\DDR_House_s_05.sco
1532784856
1532784856
-1
Sceneryobjects\Buildings_MC\bw_beseler_C.sco
1532784855
1532784855
-1
Sceneryobjects\Buildings_MC\bw_old_07.sco
1532784854
1532784854
-1
Sceneryobjects\Buildings_MC\bw_secondhandcars.sco
1532784852
1532784852
-1
Sceneryobjects\Buildings_MC\Post01.sco
1532784854
1532784854
-1
Sceneryobjects\Buildings_RUE\Haus01e.sco
1532784854
1532784854
-1
Sceneryobjects\Buildings_RUE\Haus02c2.sco
1532784864
1532784864
-1
Sceneryobjects\Buildings_RUE\Haus03b.sco
1532784858
1532784858
-1
Sceneryobjects\Generic\car_park.sco
1133255499
1133255499
-1
Sceneryobjects\Generic\routearrow_L.sco
1133255546
1133255546
-1
Sceneryobjects\Generic\routearrow_R.sco
1133255498
1133255498
-1
Sceneryobjects\MAV\Oszlop\veztart_oszlop.sco
1115530379
1115530379
-1
Sceneryobjects\NDBV-Objekte\kuebel_bepflanzt.sco
1082029083
1082029083
-1
Sceneryobjects\Nemolus Objekte\Verkehrszeichen\VZ_Mast_VerbotEinfahrt.sco
1052211461
1052211461
-1
Sceneryobjects\Nemolus Objekte\Verkehrszeichen\VZ_Mast_VorfahrtGewaehren.sco
1052211494
1052211494
-1
Sceneryobjects\Objects_RS\Zaun_6m_01.sco
1295144668
1295144668
-1
Sceneryobjects\Railroad_RUE\EW190_L_Beton.sco
1532784859
1532784859
-1
Sceneryobjects\Railroad_RUE\EW190_R_Beton.sco
1532784855
1532784855
-1
Sceneryobjects\Ruede\trees_chestnut02.sco
1133255505
1133255505
-1
Sceneryobjects\Streetobjects_RUE\neonlight_S_bend_S.sco
1133255506
1133255506
-1
Sceneryobjects\Streetobjects_RUE\sodiumlight_L_whip_L.sco
1133255501
1133255501
-1
Sceneryobjects\Szombathely\Vonalak\2547.sco
1153521041
1153521041
-1
Sceneryobjects\Trees_MC\shrubbery_04_20.sco
1532784854
1532784854
-1
Sceneryobjects\Trees_MC\tree_medium_03.sco
1532784866
1532784866
-1
Sceneryobjects\Trees_MC\tree_medium_04.sco
1532784864
1532784864
-1
Sceneryobjects\Trees_MC\tree_medium_07.sco
1532784861
1532784861
-1
Sceneryobjects\Trees_MC\tree_medium_08.sco
1532784866
1532784866
-1
Sceneryobjects\Trees_MC\Tree_Small_07.sco
1532784858
1532784858
-1
Splines\LMG\sin_felsovezetekkel.sli
1117082866
-
-
Splines\Marcel\str_2spur_11m_SeeburgerStr1.sli
1133251416
-
-
Splines\Platforms\platform_01.sli
1053128999
-
-
Splines\Platforms\platform_01_small.sli
1053128999
-
-
Splines\Terrain-Spline-V3_1\Splines\Terrain Spline\10mTerrain_Spline.sli
1089438732
-
-
Splines\Terrain-Spline-V3_1\Splines\Terrain Spline\4mTerrain_Spline.sli
1079484849
-
-
Splines\VKL´s Splines\str_gruen_2m.sli
1083146864
-
-
Splines\Yufa\bussteig004.sli
1077378173
-
-
