Splines\Marcel\rail_typ001.sli
1133251469
-
-
Sceneryobjects\Generic\bus_stop.sco
1133255574
1133255574
-1
Sceneryobjects\Generic\people_standing_small.sco
1133255496
1133255496
-1
Sceneryobjects\Generic\routearrows_busstop.sco
1133255562
1133255562
-1
Sceneryobjects\HUN Objects\buszmegtabla.sco
1057266935
1057266935
-1
Sceneryobjects\HUN Objects\sarga_menetrend.sco
1057266894
1057266894
-1
Sceneryobjects\Megallo_uj\m_nev.sco
1078543577
1078543577
-1
Splines\ADDON_SimpleStreets\RQ_9,5_2spur_6,5m.sli
1047303190
-
-
Splines\Yufa\bussteig003.sli
1066804307
-
-
