Sceneryobjects\ADDON_gcW_fra\muelleimer.sco
1079547352
1079547352
-1
Sceneryobjects\ADDON_SimpleStreets\RQ_X8m_2spur_8,0m_Sidewalk_gabel.sco
1047945895
1047945895
-1
Sceneryobjects\ADDON_SimpleStreets\RQ_X8m_2spur_8,0m_Sidewalk_yunct.sco
1047945952
1047945952
-1
Sceneryobjects\Buildings_DDR_RUE\DDR_Stadthalle_Falkensee.sco
1344340083
1344340083
-1
Sceneryobjects\Buildings_MC\bw_school_2.sco
1344340148
1344340148
-1
Sceneryobjects\Buildings_RUE\Haus01a.sco
1133251401
1133251401
-1
Sceneryobjects\Buildings_RUE\Haus01b.sco
1133251403
1133251403
-1
Sceneryobjects\Buildings_RUE\Haus01c.sco
1133251399
1133251399
-1
Sceneryobjects\Buildings_RUE\Haus02a.sco
1133251491
1133251491
-1
Sceneryobjects\Buildings_RUE\Haus02b.sco
1133251465
1133251465
-1
Sceneryobjects\Buildings_RUE\Haus02c.sco
1133251399
1133251399
-1
Sceneryobjects\Buildings_RUE\Haus03c2.sco
1133251401
1133251401
-1
Sceneryobjects\Buildings_RUE\Haus03e.sco
1133251449
1133251449
-1
Sceneryobjects\Buildings_RUE\Schulzentrum.sco
1133251404
1133251404
-1
Sceneryobjects\DavidM-Objekte\Mastsilber.sco
1119383712
1119383712
-1
Sceneryobjects\DavidM-Objekte\Zebra-rechts.sco
1119381664
1119381664
-1
Sceneryobjects\Generic\bus_stop.sco
1259519163
1259519163
-1
Sceneryobjects\Generic\car_park.sco
1259519163
1259519163
-1
Sceneryobjects\Generic\people_standing_small.sco
1259519151
1259519151
-1
Sceneryobjects\Generic\routearrow_L.sco
1259519151
1259519151
-1
Sceneryobjects\Generic\routearrow_R.sco
1259519219
1259519219
-1
Sceneryobjects\Generic\routearrows_busstop.sco
1259519151
1259519151
-1
Sceneryobjects\HUN Objects\buszmegtabla.sco
1057271031
1057271031
-1
Sceneryobjects\HUN Objects\kek_menetrend.sco
1057270981
1057270981
-1
Sceneryobjects\Kamaz_Objects\Hecke.sco
1085305874
1085305874
-1
Sceneryobjects\Kreuz_MC\Einm_Altonaer.sco
1133270416
1133270416
-1
Sceneryobjects\Kreuz_MC\Kreuz_Altonaer.sco
1133270408
1133270408
-1
Sceneryobjects\Ljubljana\Zebrastreifen.sco
1058180775
1058180775
-1
Sceneryobjects\Megallo_uj\m_nev.sco
1078547673
1078547673
-1
Sceneryobjects\Nemolus Objekte\Verkehrszeichen\VZ_1002-23_Vorfahrtstrasse_MitMast.sco
1052944449
1052944449
-1
Sceneryobjects\Nemolus Objekte\Verkehrszeichen\VZ_Mast_AllgUeberholverbot.sco
1052210960
1052210960
-1
Sceneryobjects\Nemolus Objekte\Verkehrszeichen\VZ_Mast_DoppelkurveLinks.sco
1052210979
1052210979
-1
Sceneryobjects\Nemolus Objekte\Verkehrszeichen\VZ_Mast_HGeschw_30.sco
1052211334
1052211334
-1
Sceneryobjects\Nemolus Objekte\Verkehrszeichen\VZ_Mast_VorfahrtGewaehren.sco
1052211494
1052211494
-1
Sceneryobjects\Nemolus Objekte\Verkehrszeichen\VZ_Mast_Vorfahrtstrasse.sco
1047755419
1047755419
-1
Sceneryobjects\Objects_RS\Zaun_6m_01.sco
1063221266
1063221266
-1
Sceneryobjects\Ruede\forest_backdrop01.sco
1344340548
1344340548
-1
Sceneryobjects\Ruede\trees_chestnut01.sco
1344340576
1344340576
-1
Sceneryobjects\Ruede\trees_chestnut02.sco
1344340576
1344340576
-1
Sceneryobjects\Ruede\trees_chestnut03.sco
1344340576
1344340576
-1
Sceneryobjects\Streetobjects_MC\bridge_04.sco
1133251409
1133251409
-1
Sceneryobjects\Streetobjects_RUE\sodiumlight_L_break_L.sco
1133251410
1133251410
-1
Sceneryobjects\Szombathely\Cikk\Cikk.sco
1131896369
1131896369
-1
Sceneryobjects\Szombathely\Korlat\Korlat.sco
1150508744
1150508744
-1
Sceneryobjects\Szombathely\Plakat\Plakat13\awkst.sco
1128948512
1128948512
-1
Sceneryobjects\Szombathely\Plakat\Plakat33\awkst.sco
1156997540
1156997540
-1
Sceneryobjects\Szombathely\Plakat\Plakat34\awkst.sco
1157129576
1157129576
-1
Sceneryobjects\Szombathely\SEK\SEK.sco
1157320494
1157320494
-1
Sceneryobjects\Trees_MC\arbor_sixpack.sco
1230790319
1230790319
-1
Sceneryobjects\Trees_MC\fir_medium_01.sco
1230790321
1230790321
-1
Sceneryobjects\Trees_MC\fir_medium_03.sco
1230790321
1230790321
-1
Sceneryobjects\Trees_MC\shrubbery_04_10.sco
1230790323
1230790323
-1
Sceneryobjects\Trees_MC\shrubbery_04_20.sco
1230790321
1230790321
-1
Sceneryobjects\Trees_MC\tree_avenue_04.sco
1230790327
1230790327
-1
Sceneryobjects\Trees_MC\tree_large_06.sco
1230790327
1230790327
-1
Sceneryobjects\Trees_MC\tree_medium_01.sco
1230790324
1230790324
-1
Sceneryobjects\Trees_MC\tree_medium_02.sco
1230790322
1230790322
-1
Sceneryobjects\Trees_MC\tree_medium_04.sco
1230790319
1230790319
-1
Sceneryobjects\Trees_MC\tree_medium_05.sco
1230790322
1230790322
-1
Sceneryobjects\Trees_MC\tree_medium_06.sco
1230790322
1230790322
-1
Sceneryobjects\Trees_MC\tree_medium_08.sco
1230790325
1230790325
-1
Sceneryobjects\Trees_MC\tree_medium_09.sco
1230790327
1230790327
-1
Splines\Freyfurt\11m_Damm.sli
1112254258
-
-
Splines\Marcel\str_2spur_8m_altonaer1.sli
1133251469
-
-
Splines\Ruede\sdwk_1.5m_DDR_Spandauer_Str.sli
1133251479
-
-
Splines\Ruede\str_2spur_8m_DDR_Spandauer_Str_1990.sli
1133251469
-
-
Splines\Terrain-Spline-V3_1\Splines\Terrain Spline\10mTerrain_Spline.sli
1089442828
-
-
Splines\Terrain-Spline-V3_1\Splines\Terrain Spline\20mTerrain_Spline.sli
1089443058
-
-
Splines\Terrain-Spline-V3_1\Splines\Terrain Spline\4mTerrain_Spline.sli
1079488945
-
-
Splines\Terrain-Spline-V3_1\Splines\Terrain Spline\8mTerrain_Spline.sli
1089442760
-
-
Splines\Yufa\bussteig004.sli
1077378173
-
-
