Sceneryobjects\ADDON_Hohenkirchen\Buildings\Commercial\Rewe.sco
1489503896
1489503896
-1
Sceneryobjects\ADDON_Hohenkirchen\Buildings\Industrie\Bus_Tankstelle.sco
1489503896
1489503896
-1
Sceneryobjects\ADDON_Hohenkirchen\Buildings\Industrie\Bus_Waschhalle.sco
1489503896
1489503896
-1
Sceneryobjects\ADDON_Hohenkirchen\Buildings\Industrie\Tanke_Aral.sco
1489503896
1489503896
-1
Sceneryobjects\ADDON_Hohenkirchen\Buildings\Land\Carport03.sco
1489503897
1489503897
-1
Sceneryobjects\ADDON_Hohenkirchen\Details\Strassenobjekte\Cafe_Stuhl_Grau.sco
1489503908
1489503908
-1
Sceneryobjects\ADDON_Hohenkirchen\Details\Strassenobjekte\Cafe_Stuhl_Grau_Holz.sco
1489503908
1489503908
-1
Sceneryobjects\ADDON_Hohenkirchen\Details\Strassenobjekte\Cafe_Tisch_Grau.sco
1489503908
1489503908
-1
Sceneryobjects\ADDON_Hohenkirchen\Details\Strassenobjekte\Ehrentafel_MM3D.sco
1489503908
1489503908
-1
Sceneryobjects\ADDON_Hohenkirchen\Details\Strassenobjekte\MuellContainer_blau.sco
1489503908
1489503908
-1
Sceneryobjects\ADDON_Hohenkirchen\Details\Strassenobjekte\MuellContainer_gelb.sco
1489503908
1489503908
-1
Sceneryobjects\ADDON_Hohenkirchen\Details\Strassenobjekte\MuellContainer_metall.sco
1489503908
1489503908
-1
Sceneryobjects\ADDON_Hohenkirchen\Details\Strassenobjekte\MuellContainer_schwarz.sco
1489503908
1489503908
-1
Sceneryobjects\ADDON_Hohenkirchen\Details\Strassenobjekte\muelltonnenboxen_gross.sco
1489503909
1489503909
-1
Sceneryobjects\ADDON_Hohenkirchen\Details\Strassenobjekte\Pfoertnerhaus.sco
1489503908
1489503908
-1
Sceneryobjects\ADDON_Hohenkirchen\Details\Strassenobjekte\reisebus_tourismo_weiss.sco
1489503909
1489503909
-1
Sceneryobjects\ADDON_Hohenkirchen\Details\Strassenobjekte\schranke01.sco
1489503909
1489503909
-1
Sceneryobjects\ADDON_Hohenkirchen\Details\Strassenobjekte\Statur_Vegesack.sco
1489503908
1489503908
-1
Sceneryobjects\ADDON_Hohenkirchen\Details\Strassenobjekte\Toilettenhaus_alt.sco
1489503908
1489503908
-1
Sceneryobjects\ADDON_Hohenkirchen\Details\Strassenobjekte\Trafohaus.sco
1489503908
1489503908
-1
Sceneryobjects\Buildings_DDR_RUE\DDR_Barn_04.sco
1344340078
1344340078
-1
Sceneryobjects\Buildings_DDR_RUE\DDR_ConcreteBarracks45-2.sco
1344340079
1344340079
-1
Sceneryobjects\Buildings_MC\bw_polizei01.sco
1344340137
1344340137
-1
Sceneryobjects\Generic\bus_stop.sco
1259519163
1259519163
-1
Sceneryobjects\Generic\car_park.sco
1259519163
1259519163
-1
Sceneryobjects\Generic\entrypoint_bus.sco
1259519163
1259519163
-1
Sceneryobjects\HUN Objects\buszmegtabla.sco
1057271031
1057271031
-1
Sceneryobjects\LMG123_kukak\kuka_fem.sco
1413874344
1413874344
-1
Sceneryobjects\Muur bruin\muro_20m.sco
1060012588
1060012588
-1
Sceneryobjects\Muur bruin\muro_40m.sco
1060012592
1060012592
-1
Sceneryobjects\NDBV-Objekte\kuebel_bepflanzt.sco
1082033179
1082033179
-1
Sceneryobjects\Ruede\forest_backdrop01.sco
1344340548
1344340548
-1
Sceneryobjects\Static_EAG\E9460_LOD.sco
1114275517
1114275517
-1
Sceneryobjects\Szombathely\dohanybolt\dohanybolt.sco
1123857895
1123857895
-1
Sceneryobjects\Szombathely\Pad\padpiros.sco
1413874346
1413874346
-1
Sceneryobjects\Szombathely\Telefon\Telefon.sco
1130585651
1130585651
-1
Sceneryobjects\Trees_MC\shrubbery_03_10.sco
1230790321
1230790321
-1
Sceneryobjects\Trees_MC\tree_medium_01.sco
1230790324
1230790324
-1
Splines\ADDON_SimpleStreets\RQ_20_4_spur_15m_narrow_Sidewalk.sli
1048793734
-
-
Splines\DavidM 2412\2Stadt_2spur_8m_middle lane_NO SIDEWALk.sli
1211846304
-
-
Splines\Terrain-Spline-V3_1\Splines\Terrain Spline\8mTerrain_Spline.sli
1089442760
-
-
