Sceneryobjects\ADDON_gcW\schranke_rechts.sco
1291150054
1291150054
-1
Sceneryobjects\ADDON_gcW_fra\muelleimer.sco
1079543256
1079543256
-1
Sceneryobjects\Buildings_DDR_RUE\DDR_Barn_01.sco
1532784853
1532784853
-1
Sceneryobjects\Buildings_DDR_RUE\DDR_Barn_04.sco
1532784853
1532784853
-1
Sceneryobjects\Buildings_DDR_RUE\DDR_Barn_05.sco
1532784853
1532784853
-1
Sceneryobjects\Buildings_DDR_RUE\DDR_Barn_07.sco
1532784853
1532784853
-1
Sceneryobjects\Buildings_DDR_RUE\DDR_Bretterbude.sco
1532784853
1532784853
-1
Sceneryobjects\Buildings_DDR_RUE\DDR_ConcreteBarracks45-2.sco
1532784855
1532784855
-1
Sceneryobjects\Buildings_DDR_RUE\DDR_ConcreteBarracks70-2.sco
1532784853
1532784853
-1
Sceneryobjects\Buildings_DDR_RUE\DDR_Falkensee_Schlosserei.sco
1532784853
1532784853
-1
Sceneryobjects\Buildings_DDR_RUE\DDR_House_m_01.sco
1532784853
1532784853
-1
Sceneryobjects\Buildings_DDR_RUE\DDR_House_m_02.sco
1532784853
1532784853
-1
Sceneryobjects\Buildings_DDR_RUE\DDR_House_m_05.sco
1532784855
1532784855
-1
Sceneryobjects\Buildings_DDR_RUE\DDR_House_m_10.sco
1532784859
1532784859
-1
Sceneryobjects\Buildings_DDR_RUE\DDR_House_s_01.sco
1532784866
1532784866
-1
Sceneryobjects\Buildings_DDR_RUE\DDR_House_s_03.sco
1532784853
1532784853
-1
Sceneryobjects\Buildings_DDR_RUE\DDR_House_s_08.sco
1532784853
1532784853
-1
Sceneryobjects\Buildings_DDR_RUE\DDR_Industrial_01.sco
1532784853
1532784853
-1
Sceneryobjects\Buildings_MC\bw_beseler_C.sco
1532784855
1532784855
-1
Sceneryobjects\Buildings_MC\bw_old_10.sco
1532784857
1532784857
-1
Sceneryobjects\Buildings_MC\bw_row50s_05.sco
1532784860
1532784860
-1
Sceneryobjects\Buildings_MC\muro_20m.sco
1046910152
1046910152
-1
Sceneryobjects\Buildings_MC\Ubahn_Rsp_03_roof.sco
1532784853
1532784853
-1
Sceneryobjects\Buildings_MC\wohn_04.sco
1532784853
1532784853
-1
Sceneryobjects\Buildings_RUE\Haus01b.sco
1532784854
1532784854
-1
Sceneryobjects\Buildings_RUE\Haus02e.sco
1532784865
1532784865
-1
Sceneryobjects\BusdriversObjekte\Stange senkrecht.sco
1054319404
1054319404
-1
Sceneryobjects\DavidM-Objekte\Mastsilber.sco
1119383712
1119383712
-1
Sceneryobjects\DavidM-Objekte\Zebra-rechts.sco
1114198254
1114198254
-1
Sceneryobjects\folti\parkbank.sco
1291150086
1291150086
-1
Sceneryobjects\Generic\bus_stop.sco
1133255574
1133255574
-1
Sceneryobjects\Generic\car_park.sco
1133255499
1133255499
-1
Sceneryobjects\Generic\entrypoint_bus.sco
1133255560
1133255560
-1
Sceneryobjects\Generic\people_standing_small.sco
1133255496
1133255496
-1
Sceneryobjects\Generic\routearrows_busstop.sco
1133255562
1133255562
-1
Sceneryobjects\GySEV\5047\5047.sco
1126065708
1126065708
-1
Sceneryobjects\GySEV\Bpz\Bpz.sco
1126066522
1126066522
-1
Sceneryobjects\HUN Objects\buszmegtabla.sco
1057266935
1057266935
-1
Sceneryobjects\HUN Objects\kek_menetrend.sco
1057266885
1057266885
-1
Sceneryobjects\Kamaz_Objects\Hecke.sco
1291150063
1291150063
-1
Sceneryobjects\Kreuz_MC\Einm_Altonaer.sco
1532784858
1532784858
-1
Sceneryobjects\Ljubljana\Zebrastreifen.sco
1058176679
1058176679
-1
Sceneryobjects\MAV\Oszlop\veztart_oszlop.sco
1115530379
1115530379
-1
Sceneryobjects\Megallo_uj\m_nev.sco
1078543577
1078543577
-1
Sceneryobjects\More Trees Addon\Bush1.sco
1503562427
1503562427
-1
Sceneryobjects\More Trees Addon\Bush4.sco
1503562427
1503562427
-1
Sceneryobjects\More Trees Addon\FirTree3.sco
1503562427
1503562427
-1
Sceneryobjects\More Trees Addon\Flower1.sco
1503562427
1503562427
-1
Sceneryobjects\Muur bruin\muro_10m.sco
1060008487
1060008487
-1
Sceneryobjects\Muur bruin\muro_20m.sco
1060008492
1060008492
-1
Sceneryobjects\Muur bruin\muro_40m.sco
1060008496
1060008496
-1
Sceneryobjects\NDBV-Objekte\kuebel_bepflanzt.sco
1082029083
1082029083
-1
Sceneryobjects\Nemolus Objekte\Verkehrszeichen\VZ_1002-23_Vorfahrtstrasse_MitMast.sco
1052944449
1052944449
-1
Sceneryobjects\Nemolus Objekte\Verkehrszeichen\VZ_Mast_VorfahrtGewaehren.sco
1052211494
1052211494
-1
Sceneryobjects\Nemolus Objekte\Verkehrszeichen\VZ_Mast_Vorfahrtstrasse.sco
1047755419
1047755419
-1
Sceneryobjects\Objects_RS\Zaun_6m_01.sco
1295144668
1295144668
-1
Sceneryobjects\Ruede\forest_backdrop01.sco
1133255562
1133255562
-1
Sceneryobjects\Ruede\trees_chestnut01.sco
1133255504
1133255504
-1
Sceneryobjects\Ruede\trees_chestnut02.sco
1133255505
1133255505
-1
Sceneryobjects\Ruede\trees_chestnut03.sco
1133255505
1133255505
-1
Sceneryobjects\Static_EAG\E9460_LOD.sco
1114275517
1114275517
-1
Sceneryobjects\Streetobjects_RUE\single_pole.sco
1133255574
1133255574
-1
Sceneryobjects\Streetobjects_RUE\sodiumlight_L_break_L.sco
1133255506
1133255506
-1
Sceneryobjects\Streetobjects_RUE\sodiumlight_L_whip_L.sco
1133255501
1133255501
-1
Sceneryobjects\Szombathely\B1\B1.sco
1132047223
1132047223
-1
Sceneryobjects\Szombathely\B4\B4.sco
1132093985
1132093985
-1
Sceneryobjects\Szombathely\Korlat\Korlat.sco
1150506696
1150506696
-1
Sceneryobjects\Szombathely\Peron2\Peron2.sco
1126472720
1126472720
-1
Sceneryobjects\Szombathely\Plakat\Plakat28\awkst.sco
1129472524
1129472524
-1
Sceneryobjects\Szombathely\Plakat\Plakat33\awkst.sco
1156995492
1156995492
-1
Sceneryobjects\Szombathely\Vonalak\2540.sco
1153521035
1153521035
-1
Sceneryobjects\Szombathely\Vonalak\2547.sco
1153521041
1153521041
-1
Sceneryobjects\Trees_MC\arbor_sixpack.sco
1532784859
1532784859
-1
Sceneryobjects\Trees_MC\shrubbery_01_10.sco
1532784859
1532784859
-1
Sceneryobjects\Trees_MC\shrubbery_01_20.sco
1532784858
1532784858
-1
Sceneryobjects\Trees_MC\shrubbery_03_20.sco
1532784855
1532784855
-1
Sceneryobjects\Trees_MC\shrubbery_04_20.sco
1532784854
1532784854
-1
Sceneryobjects\Trees_MC\tree_medium_02.sco
1532784868
1532784868
-1
Sceneryobjects\Trees_MC\tree_medium_03.sco
1532784866
1532784866
-1
Sceneryobjects\Trees_MC\tree_medium_06.sco
1532784860
1532784860
-1
Sceneryobjects\Trees_MC\tree_medium_07.sco
1532784861
1532784861
-1
Sceneryobjects\Trees_MC\tree_medium_08.sco
1532784866
1532784866
-1
Sceneryobjects\Trees_MC\Tree_Small_01.sco
1532784865
1532784865
-1
Sceneryobjects\Trees_MC\Tree_Small_05.sco
1532784869
1532784869
-1
Sceneryobjects\Trees_MC\Tree_Small_07.sco
1532784858
1532784858
-1
Sceneryobjects\Verkehrszeichen_MC\Ampel_Mensch_1.sco
1532784860
1532784860
-1
Splines\ADDON_SimpleStreets\str_2spur_8m_TypAltonaer_Emil.sli
1045671552
-
-
Splines\LMG\sin_felsovezetekkel.sli
1117082866
-
-
Splines\Marcel\invis_street.sli
1133251408
-
-
Splines\Marcel\rail_typ001.sli
1133251469
-
-
Splines\Marcel\str_2spur_11m_SeeburgerStr1.sli
1133251416
-
-
Splines\Marcel\str_2spur_8m_altonaer1.sli
1133251469
-
-
Splines\Platforms\platform_01.sli
1053128999
-
-
Splines\Ruede\DDR_Brick_Wall_01.sli
1133253456
-
-
Splines\Szczecin\laty_drogowe_1,0.sli
1132969480
-
-
Splines\Szczecin\laty_drogowe_1,5.sli
1132969480
-
-
Splines\Szczecin\laty_drogowe_2,0.sli
1132969480
-
-
Splines\Terrain-Spline-V3_1\Splines\Terrain Spline\10mTerrain_Spline.sli
1089438732
-
-
Splines\Terrain-Spline-V3_1\Splines\Terrain Spline\15mTerrain_Spline.sli
1089438759
-
-
Splines\Terrain-Spline-V3_1\Splines\Terrain Spline\20mTerrain_Spline.sli
1089438962
-
-
Splines\Terrain-Spline-V3_1\Splines\Terrain Spline\4mTerrain_Spline.sli
1079484849
-
-
Splines\Terrain-Spline-V3_1\Splines\Terrain Spline\8mTerrain_Spline.sli
1089438664
-
-
Splines\Terrain-Spline-V3_1\Splines\Terrain Spline\Terrain Spline_Other textures\Terrain-Spline_Acker\15mTerrain_Spline_Acker.sli
1089440807
-
-
Splines\Terrain-Spline-V3_1\Splines\Terrain Spline\Terrain Spline_Other textures\Terrain-Spline_Acker\20mTerrain_Spline_Acker.sli
1089441010
-
-
Splines\VKL´s Splines\str_gruen_1m.sli
1083146895
-
-
Splines\VKL´s Splines\str_gruen_2m.sli
1083146864
-
-
Splines\Yufa\12cm_N_line.sli
1097629391
-
-
Splines\Yufa\25cm_N_line.sli
1115850786
-
-
Splines\Yufa\bussteig003.sli
1066804307
-
-
Splines\Yufa\bussteig004.sli
1077378173
-
-
Splines\Yufa\str_asphdrk_1line.sli
1063360700
-
-
Sceneryobjects\Szombathely\Plakat\Plakat43\awkst.sco
1187467949
1187467949
-1
