Sceneryobjects\ADDON_gcW_fra\fra_haltestelle_haus_2.sco
1079543256
1079543256
-1
Sceneryobjects\ADDON_gcW_fra\muelleimer.sco
1079543256
1079543256
-1
Sceneryobjects\ADDON_SimpleStreets\RQ_20n_to_10,5.sco
1049124267
1049124267
-1
Sceneryobjects\ADDON_SimpleStreets\RQ_20n_w9,5_Sidew_Junct.sco
1049120562
1049120562
-1
Sceneryobjects\ADDON_SimpleStreets\RQ_9,5_to_10,5.sco
1047945833
1047945833
-1
Sceneryobjects\ADDON_SimpleStreets\RQ_9,5_to_X8.sco
1047945837
1047945837
-1
Sceneryobjects\Buildings_MC\bw_hoch_19.sco
1532784856
1532784856
-1
Sceneryobjects\Buildings_MC\bw_hoch_22.sco
1532784852
1532784852
-1
Sceneryobjects\Buildings_MC\wohn_05.sco
1532784865
1532784865
-1
Sceneryobjects\DavidM-Objekte\Mastsilber.sco
1119383712
1119383712
-1
Sceneryobjects\DavidM-Objekte\Zebra-rechts.sco
1114198254
1114198254
-1
Sceneryobjects\Generic\bus_stop.sco
1133255574
1133255574
-1
Sceneryobjects\Generic\car_park.sco
1133255499
1133255499
-1
Sceneryobjects\Generic\people_standing_small.sco
1133255496
1133255496
-1
Sceneryobjects\Generic\routearrow_dn.sco
1227266475
1227266475
-1
Sceneryobjects\Generic\routearrow_R.sco
1133255498
1133255498
-1
Sceneryobjects\Generic\routearrows_busstop.sco
1133255562
1133255562
-1
Sceneryobjects\HUN Objects\buszmegtabla.sco
1057266935
1057266935
-1
Sceneryobjects\HUN Objects\kek_menetrend.sco
1057266885
1057266885
-1
Sceneryobjects\Kamaz_Objects\Hecke.sco
1291150063
1291150063
-1
Sceneryobjects\Kreuz_MC\Einm_Altonaer.sco
1532784858
1532784858
-1
Sceneryobjects\Ljubljana\Zebrastreifen.sco
1058176679
1058176679
-1
Sceneryobjects\Megallo_uj\m_nev.sco
1078543577
1078543577
-1
Sceneryobjects\NDBV-Objekte\kuebel_bepflanzt_Lila.sco
1082029088
1082029088
-1
Sceneryobjects\Nemolus Objekte\Verkehrszeichen\VZ_Mast_VorfahrtGewaehren.sco
1052211494
1052211494
-1
Sceneryobjects\Nemolus Objekte\Verkehrszeichen\VZ_Mast_Vorfahrtstrasse.sco
1047755419
1047755419
-1
Sceneryobjects\Nemolus Objekte\Verkehrszeichen\VZ_Mast_VorfahrtstrasseEnde.sco
1047894688
1047894688
-1
Sceneryobjects\Ruede\forest_backdrop01.sco
1133255562
1133255562
-1
Sceneryobjects\Streetobjects_MC\bridge_02.sco
1532784879
1532784879
-1
Sceneryobjects\Streetobjects_RUE\sodiumlight_L_break_L.sco
1133255506
1133255506
-1
Sceneryobjects\Szombathely\Korlat\Korlat.sco
1150506696
1150506696
-1
Sceneryobjects\Szombathely\Plakat\Plakat2\awkst.sco
1128749185
1128749185
-1
Sceneryobjects\Szombathely\Plakat\Plakat27\awkst.sco
1129077134
1129077134
-1
Sceneryobjects\Szombathely\Plakat\Plakat44\awkst.sco
1187467977
1187467977
-1
Sceneryobjects\Szombathely\Plakat\Plakat48\awkst.sco
1212575197
1212575197
-1
Sceneryobjects\Trees_MC\fir_medium_02.sco
1532784878
1532784878
-1
Sceneryobjects\Trees_MC\shrubbery_01_20.sco
1532784858
1532784858
-1
Sceneryobjects\Trees_MC\shrubbery_04_20.sco
1532784854
1532784854
-1
Sceneryobjects\Trees_MC\tree_large_04.sco
1532784865
1532784865
-1
Sceneryobjects\Trees_MC\tree_medium_01.sco
1532784864
1532784864
-1
Sceneryobjects\Trees_MC\tree_medium_02.sco
1532784868
1532784868
-1
Sceneryobjects\Trees_MC\tree_medium_09.sco
1532784861
1532784861
-1
Sceneryobjects\Trees_MC\Tree_Small_01.sco
1532784865
1532784865
-1
Splines\ADDON_SimpleStreets\RQ_20_4_spur_15m_narrow_Sidewalk.sli
1048793734
-
-
Splines\ADDON_SimpleStreets\str_2spur_8m_TypAltonaer_Emil.sli
1045671552
-
-
Splines\Freyfurt\11m_Damm.sli
1112250162
-
-
Splines\Marcel\str_2spur_8m_altonaer1.sli
1133251469
-
-
Splines\Ruede\sdwk_1.5m_DDR_Spandauer_Str.sli
1532784858
-
-
Splines\Szczecin\laty_drogowe_1,5.sli
1132969480
-
-
Splines\Terrain-Spline-V3_1\Splines\Terrain Spline\15mTerrain_Spline.sli
1089438759
-
-
Splines\Terrain-Spline-V3_1\Splines\Terrain Spline\20mTerrain_Spline.sli
1089438962
-
-
Splines\Terrain-Spline-V3_1\Splines\Terrain Spline\4mTerrain_Spline.sli
1079484849
-
-
Splines\Yufa\bussteig003.sli
1066804307
-
-
