Sceneryobjects\Ruede\forest_backdrop01.sco
1133255562
1133255562
-1
Sceneryobjects\Trees_MC\Tree_Small_01.sco
1532784865
1532784865
-1
Sceneryobjects\Buildings_MC\bw_50s_03.sco
1532784852
1532784852
-1
Sceneryobjects\Buildings_MC\bw_row30s_03.sco
1532784855
1532784855
-1
Sceneryobjects\Generic\car_park.sco
1133255499
1133255499
-1
Sceneryobjects\Streetobjects_RUE\neonlight_L_bend_L.sco
1133255546
1133255546
-1
Splines\Marcel\str_2spur_8m_altonaer1.sli
1133251469
-
-
Splines\Yufa\bussteig003.sli
1066804307
-
-
Sceneryobjects\Trees_MC\shrubbery_03_20.sco
1532784855
1532784855
-1
Splines\Marcel\invis_street.sli
1133251408
-
-
