Sceneryobjects\Buildings_Alex\izgorod.sco
1058298189
1058298189
-1
Sceneryobjects\Buildings_MC\CHGeb_01.sco
1344340149
1344340149
-1
Sceneryobjects\Buildings_RUE\Haus01c.sco
1133251399
1133251399
-1
Sceneryobjects\Buildings_RUE\Haus02a.sco
1133251491
1133251491
-1
Sceneryobjects\Buildings_RUE\Haus02b.sco
1133251465
1133251465
-1
Sceneryobjects\Buildings_RUE\Haus02c2.sco
1133251399
1133251399
-1
Sceneryobjects\Buildings_RUE\Haus03c.sco
1133251403
1133251403
-1
Sceneryobjects\Buildings_RUE\Haus03c2.sco
1133251401
1133251401
-1
Sceneryobjects\Generic\bus_stop.sco
1259519163
1259519163
-1
Sceneryobjects\Generic\people_standing_small.sco
1259519151
1259519151
-1
Sceneryobjects\Generic\routearrow_dn.sco
1259519163
1259519163
-1
Sceneryobjects\Generic\routearrow_L.sco
1259519151
1259519151
-1
Sceneryobjects\Generic\routearrows_busstop.sco
1259519151
1259519151
-1
Sceneryobjects\HUN Objects\buszmegtabla.sco
1057271031
1057271031
-1
Sceneryobjects\HUN Objects\kek_menetrend.sco
1057270981
1057270981
-1
Sceneryobjects\Kamaz_Objects\Hecke.sco
1085305874
1085305874
-1
Sceneryobjects\Megallo_uj\m_nev.sco
1078547673
1078547673
-1
Sceneryobjects\More Trees Addon\Bush4.sco
1124299939
1124299939
-1
Sceneryobjects\More Trees Addon\FirTree2.sco
1124236468
1124236468
-1
Sceneryobjects\Nemolus Objekte\Verkehrszeichen\VZ_357_Sackgasse_MitMast.sco
1052944220
1052944220
-1
Sceneryobjects\Nemolus Objekte\Verkehrszeichen\VZ_Mast_Fussgaenger.sco
1052211032
1052211032
-1
Sceneryobjects\Nemolus Objekte\Verkehrszeichen\VZ_Mast_HGeschw_30.sco
1052211334
1052211334
-1
Sceneryobjects\Nemolus Objekte\Verkehrszeichen\VZ_Mast_RadUGehwegGetr.sco
1052211400
1052211400
-1
Sceneryobjects\Nemolus Objekte\Verkehrszeichen\VZ_Mast_StopVorfahrtGewaehren.sco
1052211428
1052211428
-1
Sceneryobjects\Nemolus Objekte\Verkehrszeichen\VZ_Mast_Vorfahrt.sco
1052211492
1052211492
-1
Sceneryobjects\Nemolus Objekte\Verkehrszeichen\VZ_Mast_VorfahrtGewaehren.sco
1052211494
1052211494
-1
Sceneryobjects\Objects_RS\Jaegerzaun_6m.sco
1063221302
1063221302
-1
Sceneryobjects\Objects_RS\Zaun_6m_01.sco
1063221266
1063221266
-1
Sceneryobjects\Ruede\forest_backdrop01.sco
1344340548
1344340548
-1
Sceneryobjects\Ruede\trees_chestnut01.sco
1344340576
1344340576
-1
Sceneryobjects\Ruede\trees_chestnut02.sco
1344340576
1344340576
-1
Sceneryobjects\Ruede\trees_chestnut03.sco
1344340576
1344340576
-1
Sceneryobjects\Steven Objecten\SK_Telegraaf_mast_draad.sco
1086851696
1086851696
-1
Sceneryobjects\Steven Objecten\SK_Telegraaf_mast_ondersteuning_draad.sco
1086851702
1086851702
-1
Sceneryobjects\Streetobjects_MC\bridge_04.sco
1133251409
1133251409
-1
Sceneryobjects\Streetobjects_RUE\LBL-Brikett_wood.sco
1133251468
1133251468
-1
Sceneryobjects\Streetobjects_RUE\sodiumlight_L_break_L.sco
1133251410
1133251410
-1
Sceneryobjects\Szombathely\Kilato\Kilato.sco
1131960456
1131960456
-1
Sceneryobjects\Szombathely\Skanzen3\Skanzen3.sco
1131634251
1131634251
-1
Sceneryobjects\Trees_MC\fir_medium_02.sco
1230790321
1230790321
-1
Sceneryobjects\Trees_MC\fir_medium_03.sco
1230790321
1230790321
-1
Sceneryobjects\Trees_MC\shrubbery_01_20.sco
1230790319
1230790319
-1
Sceneryobjects\Trees_MC\shrubbery_04_20.sco
1230790321
1230790321
-1
Sceneryobjects\Trees_MC\tree_large_04.sco
1230790324
1230790324
-1
Sceneryobjects\Trees_MC\tree_medium_01.sco
1230790324
1230790324
-1
Sceneryobjects\Trees_MC\tree_medium_02.sco
1230790322
1230790322
-1
Sceneryobjects\Trees_MC\tree_medium_03.sco
1230790322
1230790322
-1
Sceneryobjects\Trees_MC\tree_medium_05.sco
1230790322
1230790322
-1
Sceneryobjects\Trees_MC\tree_medium_06.sco
1230790322
1230790322
-1
Sceneryobjects\Trees_MC\tree_medium_09.sco
1230790327
1230790327
-1
Sceneryobjects\Trees_MC\Tree_Small_03.sco
1230790319
1230790319
-1
Sceneryobjects\Trees_MC\Tree_Small_04.sco
1230790319
1230790319
-1
Sceneryobjects\Trees_MC\Tree_Small_05.sco
1230790322
1230790322
-1
Sceneryobjects\Trees_MC\Tree_Small_07.sco
1230790322
1230790322
-1
Sceneryobjects\Trees_MC\Tree_Small_08.sco
1230790319
1230790319
-1
Sceneryobjects\Trees_MC\Tree_Small_09.sco
1230790322
1230790322
-1
Splines\Addon Modern Streets\Altoaner Überland.sli
1095107680
-
-
Splines\Freyfurt\11m_Damm.sli
1112254258
-
-
Splines\invis_sidewalk.sli
1185383465
-
-
Splines\Marcel\invis_street.sli
1133251408
-
-
Splines\Terrain-Spline-V3_1\Splines\Terrain Spline\4mTerrain_Spline.sli
1079488945
-
-
Splines\Terrain-Spline-V3_1\Splines\Terrain Spline\8mTerrain_Spline.sli
1089442760
-
-
