Sceneryobjects\Ruede\forest_backdrop01.sco
1133255562
1133255562
-1
Sceneryobjects\Trees_MC\shrubbery_01_20.sco
1532784858
1532784858
-1
Sceneryobjects\Trees_MC\tree_large_01.sco
1532784860
1532784860
-1
Sceneryobjects\Trees_MC\tree_medium_01.sco
1532784864
1532784864
-1
Sceneryobjects\Trees_MC\tree_medium_02.sco
1532784868
1532784868
-1
Sceneryobjects\Trees_MC\tree_medium_09.sco
1532784861
1532784861
-1
Splines\Freyfurt\11m_Damm.sli
1112250162
-
-
Splines\Terrain-Spline-V3_1\Splines\Terrain Spline\4mTerrain_Spline.sli
1079484849
-
-
