Sceneryobjects\ADDON_SimpleStreets\RQ_9,5_2spur_6,5m_Sidewalk_junct.sco
1047945789
1047945789
-1
Sceneryobjects\Buildings_RUE\Haus01a.sco
1133251401
1133251401
-1
Sceneryobjects\Buildings_RUE\Haus01b.sco
1133251403
1133251403
-1
Sceneryobjects\Buildings_RUE\Haus01c.sco
1133251399
1133251399
-1
Sceneryobjects\Buildings_RUE\Haus01e.sco
1133251465
1133251465
-1
Sceneryobjects\Buildings_RUE\Haus02b.sco
1133251465
1133251465
-1
Sceneryobjects\Buildings_RUE\Haus02c.sco
1133251399
1133251399
-1
Sceneryobjects\Buildings_RUE\Haus02c2.sco
1133251399
1133251399
-1
Sceneryobjects\Buildings_RUE\Haus03a.sco
1133251401
1133251401
-1
Sceneryobjects\Buildings_RUE\Haus03b.sco
1133251403
1133251403
-1
Sceneryobjects\Buildings_RUE\Haus03c2.sco
1133251401
1133251401
-1
Sceneryobjects\Buildings_RUE\Haus03e.sco
1133251449
1133251449
-1
Sceneryobjects\Nemolus Objekte\Verkehrszeichen\VZ_Mast_VorfahrtGewaehren.sco
1052211494
1052211494
-1
Sceneryobjects\Ruede\forest_backdrop01.sco
1344340548
1344340548
-1
Sceneryobjects\Ruede\trees_chestnut01.sco
1344340576
1344340576
-1
Sceneryobjects\Ruede\trees_chestnut02.sco
1344340576
1344340576
-1
Sceneryobjects\Ruede\trees_chestnut03.sco
1344340576
1344340576
-1
Sceneryobjects\Streetobjects_RUE\sodiumlight_L_whip_L.sco
1133251405
1133251405
-1
Sceneryobjects\Trees_MC\arbor_sixpack.sco
1230790319
1230790319
-1
Sceneryobjects\Trees_MC\shrubbery_01_20.sco
1230790319
1230790319
-1
Sceneryobjects\Trees_MC\tree_large_02.sco
1230790322
1230790322
-1
Sceneryobjects\Trees_MC\tree_large_03.sco
1230790322
1230790322
-1
Sceneryobjects\Trees_MC\tree_large_04.sco
1230790324
1230790324
-1
Sceneryobjects\Trees_MC\tree_large_06.sco
1230790327
1230790327
-1
Sceneryobjects\Trees_MC\tree_medium_01.sco
1230790324
1230790324
-1
Sceneryobjects\Trees_MC\tree_medium_02.sco
1230790322
1230790322
-1
Sceneryobjects\Trees_MC\tree_medium_03.sco
1230790322
1230790322
-1
Sceneryobjects\Trees_MC\tree_medium_04.sco
1230790319
1230790319
-1
Sceneryobjects\Trees_MC\tree_medium_05.sco
1230790322
1230790322
-1
Sceneryobjects\Trees_MC\tree_medium_06.sco
1230790322
1230790322
-1
Sceneryobjects\Trees_MC\tree_medium_07.sco
1230790319
1230790319
-1
Sceneryobjects\Trees_MC\tree_medium_08.sco
1230790325
1230790325
-1
Sceneryobjects\Trees_MC\tree_medium_09.sco
1230790327
1230790327
-1
Sceneryobjects\Trees_MC\Tree_Small_04.sco
1230790319
1230790319
-1
Splines\ADDON_SimpleStreets\RQ_9,5_2spur_6,5m.sli
1047305238
-
-
Splines\ADDON_SimpleStreets\RQ_9,5_2spur_6,5m_Sidewalk.sli
1047221002
-
-
