Sceneryobjects\ADDON_SimpleStreets\RQ_20n_w9,5_Sidew_Junct.sco
1049120562
1049120562
-1
Sceneryobjects\ADDON_SimpleStreets\RQ_9,5_to_X8.sco
1047945837
1047945837
-1
Sceneryobjects\BMO Objekte\Holzzaun Garten.sco
1064727553
1064727553
-1
Sceneryobjects\Buildings_DDR_RUE\DDR_Falkensee_Kaufhalle02.sco
1344340080
1344340080
-1
Sceneryobjects\Buildings_MC\bw_70s_06.sco
1344340131
1344340131
-1
Sceneryobjects\Buildings_MC\bw_business_01.sco
1344340132
1344340132
-1
Sceneryobjects\Buildings_MC\bw_old_01.sco
1344340136
1344340136
-1
Sceneryobjects\Buildings_MC\bw_old_07.sco
1344340137
1344340137
-1
Sceneryobjects\Buildings_MC\schul_turn_01.sco
1344340186
1344340186
-1
Sceneryobjects\DavidM-Objekte\Mastsilber.sco
1119383712
1119383712
-1
Sceneryobjects\DavidM-Objekte\Zebra-rechts.sco
1119381664
1119381664
-1
Sceneryobjects\Generic\routearrow_dn.sco
1259519163
1259519163
-1
Sceneryobjects\Generic\routearrow_L.sco
1259519151
1259519151
-1
Sceneryobjects\Generic\routearrow_R.sco
1259519219
1259519219
-1
Sceneryobjects\Kamaz_Objects\Hecke.sco
1085305874
1085305874
-1
Sceneryobjects\Kreuz_MC\Einm_Altonaer.sco
1133270416
1133270416
-1
Sceneryobjects\Ljubljana\Zebrastreifen.sco
1058180775
1058180775
-1
Sceneryobjects\Nemolus Objekte\Verkehrszeichen\VZ_Mast_Fussgaengerueberweg.sco
1052211036
1052211036
-1
Sceneryobjects\Nemolus Objekte\Verkehrszeichen\VZ_Mast_HalteverbotAbsolut.sco
1052211051
1052211051
-1
Sceneryobjects\Nemolus Objekte\Verkehrszeichen\VZ_Mast_HalteverbotEingeschraenkt.sco
1052211331
1052211331
-1
Sceneryobjects\Nemolus Objekte\Verkehrszeichen\VZ_Mast_Radfahrer.sco
1052211395
1052211395
-1
Sceneryobjects\Nemolus Objekte\Verkehrszeichen\VZ_Mast_Vorfahrt.sco
1052211492
1052211492
-1
Sceneryobjects\Nemolus Objekte\Verkehrszeichen\VZ_Mast_VorfahrtGewaehren.sco
1052211494
1052211494
-1
Sceneryobjects\Objects_RS\Jaegerzaun_6m.sco
1063221302
1063221302
-1
Sceneryobjects\Ruede\forest_backdrop01.sco
1344340548
1344340548
-1
Sceneryobjects\Ruede\trees_chestnut01.sco
1344340576
1344340576
-1
Sceneryobjects\Streetobjects_RUE\sodiumlight_L_break_L.sco
1133251410
1133251410
-1
Sceneryobjects\Trees_MC\shrubbery_01_20.sco
1230790319
1230790319
-1
Sceneryobjects\Trees_MC\shrubbery_04_10.sco
1230790323
1230790323
-1
Sceneryobjects\Trees_MC\shrubbery_04_20.sco
1230790321
1230790321
-1
Sceneryobjects\Trees_MC\tree_large_02.sco
1230790322
1230790322
-1
Sceneryobjects\Trees_MC\tree_large_04.sco
1230790324
1230790324
-1
Sceneryobjects\Trees_MC\tree_large_06.sco
1230790327
1230790327
-1
Sceneryobjects\Trees_MC\tree_medium_01.sco
1230790324
1230790324
-1
Sceneryobjects\Trees_MC\tree_medium_02.sco
1230790322
1230790322
-1
Sceneryobjects\Trees_MC\tree_medium_05.sco
1230790322
1230790322
-1
Sceneryobjects\Trees_MC\tree_medium_09.sco
1230790327
1230790327
-1
Sceneryobjects\Trees_MC\Tree_Small_01.sco
1230790322
1230790322
-1
Sceneryobjects\Trees_MC\Tree_Small_08.sco
1230790319
1230790319
-1
Splines\ADDON_SimpleStreets\RQ_20_4_spur_15m_narrow_Sidewalk.sli
1048793734
-
-
Splines\Marcel\invis_street.sli
1133251408
-
-
Splines\Marcel\str_2spur_8m_altonaer1.sli
1133251469
-
-
Splines\Ruede\str_2spur_8m_DDR_Spandauer_Str_1990.sli
1133251469
-
-
Splines\Szczecin\laty_drogowe_1,5.sli
1132969480
-
-
Splines\Terrain-Spline-V3_1\Splines\Terrain Spline\4mTerrain_Spline.sli
1079488945
-
-
Splines\Terrain-Spline-V3_1\Splines\Terrain Spline\Terrain Spline_Other textures\Terrain-Spline_Innenstadt2\4mTerrain_Spline_Innenstadt2.sli
1079488945
-
-
Splines\VKL´s Splines\str_gruen_2m.sli
1083146864
-
-
Splines\Yufa\bussteig004.sli
1077378173
-
-
Splines\Yufa\str_asphdrk_1line.sli
1063360700
-
-
