Sceneryobjects\ADDON_gcW_fra\muelleimer.sco
1079547352
1079547352
-1
Sceneryobjects\ADDON_SimpleStreets\RQ_X8m_2spur_8,0m_Sidewalk_cross.sco
1047945892
1047945892
-1
Sceneryobjects\Buildings_Alex\ogra02.sco
1060131564
1060131564
-1
Sceneryobjects\Buildings_MC\buro_02.sco
1344340125
1344340125
-1
Sceneryobjects\Buildings_MC\bw_50s_03A.sco
1344340128
1344340128
-1
Sceneryobjects\Buildings_MC\bw_amtsgericht_spandau.sco
1344340132
1344340132
-1
Sceneryobjects\Buildings_MC\bw_rowold_05.sco
1344340142
1344340142
-1
Sceneryobjects\Buildings_RUE\Haus01a.sco
1133251401
1133251401
-1
Sceneryobjects\Buildings_RUE\Haus01b.sco
1133251403
1133251403
-1
Sceneryobjects\Buildings_RUE\Haus02e.sco
1133251466
1133251466
-1
Sceneryobjects\Buildings_RUE\Haus03a.sco
1133251401
1133251401
-1
Sceneryobjects\Buildings_RUE\Haus03b.sco
1133251403
1133251403
-1
Sceneryobjects\Buildings_RUE\Haus03c2.sco
1133251401
1133251401
-1
Sceneryobjects\Buildings_RUE\Haus03e.sco
1133251449
1133251449
-1
Sceneryobjects\DavidM-Objekte\Mastsilber.sco
1119383712
1119383712
-1
Sceneryobjects\DavidM-Objekte\Zebra-rechts.sco
1119381664
1119381664
-1
Sceneryobjects\Generic\bus_stop.sco
1259519163
1259519163
-1
Sceneryobjects\Generic\car_park.sco
1259519163
1259519163
-1
Sceneryobjects\Generic\people_standing_small.sco
1259519151
1259519151
-1
Sceneryobjects\Generic\routearrow_L.sco
1259519151
1259519151
-1
Sceneryobjects\Generic\routearrow_R.sco
1259519219
1259519219
-1
Sceneryobjects\HUN Objects\buszmegtabla.sco
1057271031
1057271031
-1
Sceneryobjects\HUN Objects\kek_menetrend.sco
1057270981
1057270981
-1
Sceneryobjects\Kamaz_Objects\Hecke.sco
1085305874
1085305874
-1
Sceneryobjects\Kreuz_MC\Einm_Altonaer.sco
1133270416
1133270416
-1
Sceneryobjects\Ljubljana\Zebrastreifen.sco
1058180775
1058180775
-1
Sceneryobjects\Megallo_uj\m_nev.sco
1078547673
1078547673
-1
Sceneryobjects\Nemolus Objekte\Verkehrszeichen\VZ_Mast_FahrtrichtungGeradeausURechts.sco
1052210992
1052210992
-1
Sceneryobjects\Nemolus Objekte\Verkehrszeichen\VZ_Mast_HalteverbotEingeschraenkt.sco
1052211331
1052211331
-1
Sceneryobjects\Nemolus Objekte\Verkehrszeichen\VZ_Mast_VorfahrtGewaehren.sco
1052211494
1052211494
-1
Sceneryobjects\Nemolus Objekte\Verkehrszeichen\VZ_Mast_Vorfahrtstrasse.sco
1047755419
1047755419
-1
Sceneryobjects\Nemolus Objekte\Verkehrszeichen\VZ_Mast_VorfahrtstrasseEnde.sco
1047894688
1047894688
-1
Sceneryobjects\Railroad_MC\embankment_01_A.sco
1344340505
1344340505
-1
Sceneryobjects\Ruede\forest_backdrop01.sco
1344340548
1344340548
-1
Sceneryobjects\Ruede\trees_chestnut01.sco
1344340576
1344340576
-1
Sceneryobjects\Ruede\trees_chestnut02.sco
1344340576
1344340576
-1
Sceneryobjects\Ruede\trees_chestnut03.sco
1344340576
1344340576
-1
Sceneryobjects\Streetobjects_RUE\single_pole.sco
1133251478
1133251478
-1
Sceneryobjects\Streetobjects_RUE\sodiumlight_L_break_L.sco
1133251410
1133251410
-1
Sceneryobjects\Streetobjects_RUE\whip_beam.sco
1133251463
1133251463
-1
Sceneryobjects\Szombathely\Cikk\Cikk.sco
1131896369
1131896369
-1
Sceneryobjects\Szombathely\Kerek\Florian\Florian3.sco
1413874370
1413874370
-1
Sceneryobjects\Szombathely\Torony\Torony.sco
1125803669
1125803669
-1
Sceneryobjects\tomass94\prosto-lewo.sco
1464236491
1464236491
-1
Sceneryobjects\tomass94\prosto-prawo.sco
1464236498
1464236498
-1
Sceneryobjects\Trees_MC\arbor_sixpack.sco
1230790319
1230790319
-1
Sceneryobjects\Trees_MC\shrubbery_01_05.sco
1183556451
1183556451
-1
Sceneryobjects\Trees_MC\shrubbery_01_20.sco
1230790319
1230790319
-1
Sceneryobjects\Trees_MC\tree_large_02.sco
1230790322
1230790322
-1
Sceneryobjects\Trees_MC\tree_medium_01.sco
1230790324
1230790324
-1
Sceneryobjects\Trees_MC\tree_medium_02.sco
1230790322
1230790322
-1
Sceneryobjects\Trees_MC\tree_medium_03.sco
1230790322
1230790322
-1
Sceneryobjects\Trees_MC\tree_medium_04.sco
1230790319
1230790319
-1
Sceneryobjects\Trees_MC\tree_medium_05.sco
1230790322
1230790322
-1
Sceneryobjects\Trees_MC\tree_medium_06.sco
1230790322
1230790322
-1
Sceneryobjects\Trees_MC\tree_medium_07.sco
1230790319
1230790319
-1
Sceneryobjects\Trees_MC\tree_medium_08.sco
1230790325
1230790325
-1
Sceneryobjects\Trees_MC\tree_medium_09.sco
1230790327
1230790327
-1
Sceneryobjects\Trees_MC\Tree_Small_06.sco
1230790322
1230790322
-1
Sceneryobjects\Verkehrszeichen_MC\Ampel_Kfz_Oh_1.sco
1344340714
1344340714
-1
Sceneryobjects\Verkehrszeichen_MC\Ampel_Kfz_OhBlind_1.sco
1344340713
1344340713
-1
Sceneryobjects\Verkehrszeichen_MC\Ampel_Mensch_1.sco
1344340714
1344340714
-1
Splines\ADDON_SimpleStreets\RQ_15,5_2spur_11,5m_Sidewalk_Bus1lane.sli
1112623860
-
-
Splines\ADDON_SimpleStreets\str_2spur_8m_TypAltonaer_Emil.sli
1045667456
-
-
Splines\Marcel\invis_street.sli
1133251408
-
-
Splines\Marcel\str_2spur_8m_altonaer1.sli
1133251469
-
-
Splines\Szczecin\laty_drogowe_1,0.sli
1132969480
-
-
Splines\Szczecin\laty_drogowe_8,0.sli
1132969480
-
-
Splines\Terrain-Spline-V3_1\Splines\Terrain Spline\10mTerrain_Spline.sli
1089442828
-
-
Splines\Terrain-Spline-V3_1\Splines\Terrain Spline\15mTerrain_Spline.sli
1089442855
-
-
Splines\Terrain-Spline-V3_1\Splines\Terrain Spline\20mTerrain_Spline.sli
1089443058
-
-
Splines\VKL´s Splines\str_gruen_1m.sli
1083146895
-
-
Splines\Yufa\12cm_N_line.sli
1097629391
-
-
Splines\Yufa\25cm_N_line.sli
1115850786
-
-
Splines\Yufa\bussteig003.sli
1066804307
-
-
