Sceneryobjects\ADDON_gcW_fra\fra_haltestelle_haus_2.sco
1079543256
1079543256
-1
Sceneryobjects\ADDON_gcW_fra\muelleimer.sco
1079543256
1079543256
-1
Sceneryobjects\Buildings_DDR_RUE\DDR_Falkensee_Kaufhalle.sco
1532784852
1532784852
-1
Sceneryobjects\Buildings_DDR_RUE\DDR_House_l_05.sco
1532784852
1532784852
-1
Sceneryobjects\Buildings_DDR_RUE\DDR_House_m_01.sco
1532784853
1532784853
-1
Sceneryobjects\Buildings_DDR_RUE\DDR_House_m_02.sco
1532784853
1532784853
-1
Sceneryobjects\Buildings_DDR_RUE\DDR_House_m_03.sco
1532784853
1532784853
-1
Sceneryobjects\Buildings_DDR_RUE\DDR_House_m_04.sco
1532784853
1532784853
-1
Sceneryobjects\Buildings_DDR_RUE\DDR_House_m_07.sco
1532784853
1532784853
-1
Sceneryobjects\Buildings_DDR_RUE\DDR_House_m_09.sco
1532784852
1532784852
-1
Sceneryobjects\Buildings_DDR_RUE\DDR_House_m_10.sco
1532784859
1532784859
-1
Sceneryobjects\Buildings_DDR_RUE\DDR_House_m_11.sco
1532784853
1532784853
-1
Sceneryobjects\Buildings_MC\bw_70s_03.sco
1532784855
1532784855
-1
Sceneryobjects\Buildings_MC\bw_80s_02.sco
1532784859
1532784859
-1
Sceneryobjects\Buildings_MC\bw_hoch_12.sco
1532784852
1532784852
-1
Sceneryobjects\Buildings_MC\bw_hoch_21A.sco
1532784852
1532784852
-1
Sceneryobjects\Buildings_MC\muro_20m.sco
1046910152
1046910152
-1
Sceneryobjects\Buildings_MC\Ubahn_Rsp_06.sco
1532784855
1532784855
-1
Sceneryobjects\BusdriversObjekte\Stange senkrecht.sco
1054319404
1054319404
-1
Sceneryobjects\BusdriversObjekte\Stange waagerecht long.sco
1054319256
1054319256
-1
Sceneryobjects\DavidM-Objekte\Mastsilber.sco
1119383712
1119383712
-1
Sceneryobjects\DavidM-Objekte\Zebra-rechts.sco
1114198254
1114198254
-1
Sceneryobjects\Generic\bus_stop.sco
1133255574
1133255574
-1
Sceneryobjects\Generic\car_park.sco
1133255499
1133255499
-1
Sceneryobjects\Generic\people_standing_small.sco
1133255496
1133255496
-1
Sceneryobjects\Generic\routearrow_L.sco
1133255546
1133255546
-1
Sceneryobjects\Generic\routearrow_R.sco
1133255498
1133255498
-1
Sceneryobjects\Generic\routearrows_busstop.sco
1133255562
1133255562
-1
Sceneryobjects\HUN Objects\buszmegtabla.sco
1057266935
1057266935
-1
Sceneryobjects\HUN Objects\kek_menetrend.sco
1057266885
1057266885
-1
Sceneryobjects\Kreuz_MC\Kreuz_See_Elsflether.sco
1532784858
1532784858
-1
Sceneryobjects\Ljubljana\Zebrastreifen.sco
1058176679
1058176679
-1
Sceneryobjects\Megallo_uj\m_nev.sco
1078543577
1078543577
-1
Sceneryobjects\More Trees Addon\Bush1.sco
1503562427
1503562427
-1
Sceneryobjects\More Trees Addon\Flower1.sco
1503562427
1503562427
-1
Sceneryobjects\Nemolus Objekte\Verkehrszeichen\VZ_Mast_HalteverbotAbsolut.sco
1052211051
1052211051
-1
Sceneryobjects\Nemolus Objekte\Verkehrszeichen\VZ_Mast_RechtsVorbei.sco
1052211404
1052211404
-1
Sceneryobjects\Nemolus Objekte\Verkehrszeichen\VZ_Mast_StopVorfahrtGewaehren.sco
1052211428
1052211428
-1
Sceneryobjects\Nemolus Objekte\Verkehrszeichen\VZ_Mast_Vorfahrtstrasse.sco
1047755419
1047755419
-1
Sceneryobjects\Nemolus Objekte\Verkehrszeichen\VZ_Mast_VorfahrtstrasseEnde.sco
1047894688
1047894688
-1
Sceneryobjects\Polskie sygnalizatory\S-3c\S-3c_Overhead.sco
1291150074
1291150074
-1
Sceneryobjects\Polskie sygnalizatory\S-3e\S-3e_Overhead.sco
1291150074
1291150074
-1
Sceneryobjects\Streetobjects_MC\glaskontainer_b.sco
1532784856
1532784856
-1
Sceneryobjects\Streetobjects_MC\glaskontainer_g.sco
1532784868
1532784868
-1
Sceneryobjects\Streetobjects_MC\glaskontainer_w.sco
1532784855
1532784855
-1
Sceneryobjects\Streetobjects_RUE\single_pole.sco
1133255574
1133255574
-1
Sceneryobjects\Streetobjects_RUE\sodiumlight_L_break_L.sco
1133255506
1133255506
-1
Sceneryobjects\Streetobjects_RUE\sodiumlight_L_whip_L.sco
1133255501
1133255501
-1
Sceneryobjects\Streetobjects_RUE\whip_beam.sco
1133255559
1133255559
-1
Sceneryobjects\Szombathely\Cikk\Cikk.sco
1131896369
1131896369
-1
Sceneryobjects\Szombathely\Kerek\Nagyk2\Nagyk2.sco
1155948721
1155948721
-1
Sceneryobjects\Szombathely\Korlat\Korlat.sco
1150506696
1150506696
-1
Sceneryobjects\tomass94\lewo.sco
1291150089
1291150089
-1
Sceneryobjects\tomass94\prawo.sco
1291150089
1291150089
-1
Sceneryobjects\tomass94\prosto.sco
1291150089
1291150089
-1
Sceneryobjects\Trees_MC\shrubbery_01_10_nocollision.sco
1077120331
1077120331
-1
Sceneryobjects\Trees_MC\shrubbery_01_20.sco
1532784858
1532784858
-1
Sceneryobjects\Trees_MC\tree_medium_01.sco
1532784864
1532784864
-1
Sceneryobjects\Trees_MC\tree_medium_02.sco
1532784868
1532784868
-1
Sceneryobjects\Trees_MC\tree_medium_03.sco
1532784866
1532784866
-1
Sceneryobjects\Trees_MC\tree_medium_08.sco
1532784866
1532784866
-1
Sceneryobjects\Trees_MC\Tree_Small_05.sco
1532784869
1532784869
-1
Sceneryobjects\Verkehrszeichen_MC\Ampel_Kfz_Oh_1.sco
1532784857
1532784857
-1
Sceneryobjects\Verkehrszeichen_MC\Ampel_Kfz_OhBlind_1.sco
1532784859
1532784859
-1
Sceneryobjects\Verkehrszeichen_MC\Ampel_Mensch_1.sco
1532784860
1532784860
-1
Sceneryobjects\YufaObjekte\GLAWeihnachtsmarkt\Christmas3.sco
1165841859
1165841859
-1
Splines\invis_sidewalk.sli
1185383465
-
-
Splines\Marcel\invis_street.sli
1133251408
-
-
Splines\Marcel\str_2spur_11m_SeeburgerStr1.sli
1133251416
-
-
Splines\Marcel\str_2spur_8m_altonaer1.sli
1133251469
-
-
Splines\Ruede\grenzmauer75_01.sli
1133253540
-
-
Splines\Szczecin\laty_drogowe_1,5.sli
1132969480
-
-
Splines\Szczecin\laty_drogowe_8,0.sli
1132969480
-
-
Splines\Szczecin\siec_odciag.sli
1132969481
-
-
Splines\Terrain-Spline-V3_1\Splines\Terrain Spline\10mTerrain_Spline.sli
1089438732
-
-
Splines\Terrain-Spline-V3_1\Splines\Terrain Spline\15mTerrain_Spline.sli
1089438759
-
-
Splines\Terrain-Spline-V3_1\Splines\Terrain Spline\20mTerrain_Spline.sli
1089438962
-
-
Splines\Terrain-Spline-V3_1\Splines\Terrain Spline\4mTerrain_Spline.sli
1079484849
-
-
Splines\Terrain-Spline-V3_1\Splines\Terrain Spline\8mTerrain_Spline.sli
1089438664
-
-
Splines\VKL´s Splines\str_gruen_1m.sli
1083146895
-
-
Splines\VKL´s Splines\str_gruen_2m.sli
1083146864
-
-
Splines\VKL´s Splines\str_gruen_4m.sli
1083146908
-
-
Splines\Yufa\25cm_N_line.sli
1115850786
-
-
Splines\Yufa\bussteig003.sli
1066804307
-
-
Splines\Yufa\str_asphdrk_1line.sli
1063360700
-
-
