Sceneryobjects\ADDON_Hohenkirchen\Buildings\Industrie\Industrie_18.sco
1489503896
1489503896
-1
Sceneryobjects\ADDON_Hohenkirchen\Buildings\Land\Altes_Haus.sco
1489503897
1489503897
-1
Sceneryobjects\ADDON_Hohenkirchen\Buildings\Land\Wohnhaus21.sco
1489503898
1489503898
-1
Sceneryobjects\ADDON_Hohenkirchen\Buildings\Land\Wohnhaus22.sco
1489503898
1489503898
-1
Sceneryobjects\ADDON_Hohenkirchen\Details\Baustellenobjekte\Bagger.sco
1489503905
1489503905
-1
Sceneryobjects\ADDON_Hohenkirchen\Details\Baustellenobjekte\Gitterbauzaun.sco
1489503905
1489503905
-1
Sceneryobjects\ADDON_Hohenkirchen\Details\Baustellenobjekte\Steinberg1.sco
1489503905
1489503905
-1
Sceneryobjects\ADDON_Hohenkirchen\Details\Baustellenobjekte\toiletti.sco
1489503906
1489503906
-1
Sceneryobjects\ADDON_Hohenkirchen\Details\Strassenobjekte\Altkleider_Container.sco
1489503908
1489503908
-1
Sceneryobjects\ADDON_Hohenkirchen\Details\Strassenobjekte\Anhaenger.sco
1489503908
1489503908
-1
Sceneryobjects\ADDON_Hohenkirchen\Details\Strassenobjekte\Container.sco
1489503908
1489503908
-1
Sceneryobjects\ADDON_Hohenkirchen\Details\Strassenobjekte\damage01.sco
1489503908
1489503908
-1
Sceneryobjects\ADDON_Hohenkirchen\Details\Strassenobjekte\damage02.sco
1489503908
1489503908
-1
Sceneryobjects\ADDON_Hohenkirchen\Details\Strassenobjekte\damage04.sco
1489503908
1489503908
-1
Sceneryobjects\ADDON_Hohenkirchen\Details\Strassenobjekte\damage05.sco
1489503908
1489503908
-1
Sceneryobjects\ADDON_Hohenkirchen\Details\Strassenobjekte\fahrradstaender01b.sco
1489503908
1489503908
-1
Sceneryobjects\ADDON_Hohenkirchen\Details\Strassenobjekte\Glascontainer.sco
1489503908
1489503908
-1
Sceneryobjects\ADDON_Hohenkirchen\Details\Strassenobjekte\Menschen_Polizist1.sco
1489503908
1489503908
-1
Sceneryobjects\ADDON_Hohenkirchen\Details\Strassenobjekte\Rasen_30x30.sco
1489503908
1489503908
-1
Sceneryobjects\ADDON_Hohenkirchen\Details\Strassenobjekte\telekom_telestation1.sco
1489503909
1489503909
-1
Sceneryobjects\ADDON_Hohenkirchen\Details\Strassenobjekte\Trafohaus.sco
1489503908
1489503908
-1
Sceneryobjects\ADDON_Hohenkirchen\Details\Strassenobjekte\Ziegelpaket.sco
1489503908
1489503908
-1
Sceneryobjects\ADDON_SimpleStreets\RQ_10,5_NoBankett_Junction.sco
1111922740
1111922740
-1
Sceneryobjects\HUN Objects\buszmegtabla.sco
1057266935
1057266935
-1
Sceneryobjects\HUN Objects\sarga_menetrend.sco
1057266894
1057266894
-1
Sceneryobjects\Megallo_uj\m_nev.sco
1078543577
1078543577
-1
Sceneryobjects\Nemolus Objekte\Verkehrszeichen\VZ_Mast_HGeschw_60 (2).sco
1047497154
1047497154
-1
Sceneryobjects\Ruede\trees_chestnut02.sco
1133255505
1133255505
-1
Sceneryobjects\Streetobjects_RUE\single_pole.sco
1133255574
1133255574
-1
Sceneryobjects\Szombathely\Multi\Multi_2-nevtabla.sco
1167415612
1167415612
-1
Sceneryobjects\Szombathely\Tablak\TBE\TBE.sco
1131698735
1131698735
-1
Sceneryobjects\Szombathely\Tablak\TKI\TKI.sco
1131699126
1131699126
-1
Sceneryobjects\Trees_MC\arbor_sixpack.sco
1532784859
1532784859
-1
Sceneryobjects\Trees_MC\tree_medium_04.sco
1532784864
1532784864
-1
Sceneryobjects\Trees_MC\tree_medium_05.sco
1532784861
1532784861
-1
Splines\DavidM 2412\2Stadt_2spur_8m_middle lane_NO SIDEWALk.sli
1211846304
-
-
Splines\invis_street.sli
1133482807
-
-
Splines\Terrain-Spline-V3_1\Splines\Terrain Spline\4mTerrain_Spline.sli
1079484849
-
-
Splines\Terrain-Spline-V3_1\Splines\Terrain Spline\8mTerrain_Spline.sli
1089438664
-
-
Splines\TH_Wald_Splines\Landstrasse_7,5m_07.sli
1530806936
-
-
Splines\Yufa\bussteig003.sli
1066804307
-
-
Splines\Yufa\str_asphdrk_1line.sli
1063360700
-
-
