Sceneryobjects\ADDON_SimpleStreets\RQ_10,5_Entry.sco
1048360093
1048360093
-1
Sceneryobjects\ADDON_SimpleStreets\RQ_10,5_NoBankett_Junction.sco
1111922740
1111922740
-1
Sceneryobjects\ADDON_SimpleStreets\RQ_10,5_to_X8m_Altonaer.sco
1048012347
1048012347
-1
Sceneryobjects\ADDON_SimpleStreets\RQ_20n_w9,5_Sidew_Junct.sco
1049120562
1049120562
-1
Sceneryobjects\Buildings_MC\bw_beseler_D.sco
1532784852
1532784852
-1
Sceneryobjects\Buildings_MC\bw_beseler_E.sco
1532784857
1532784857
-1
Sceneryobjects\Buildings_RUE\Haus01c.sco
1532784854
1532784854
-1
Sceneryobjects\Buildings_RUE\Haus02b.sco
1532784865
1532784865
-1
Sceneryobjects\Buildings_RUE\Haus03b.sco
1532784858
1532784858
-1
Sceneryobjects\Buildings_RUE\Haus03c2.sco
1532784858
1532784858
-1
Sceneryobjects\Generic\car_park.sco
1133255499
1133255499
-1
Sceneryobjects\Kamaz_Objects\Hecke.sco
1291150063
1291150063
-1
Sceneryobjects\Nemolus Objekte\Verkehrszeichen\VZ_Mast_HalteverbotAbsolut.sco
1052211051
1052211051
-1
Sceneryobjects\Nemolus Objekte\Verkehrszeichen\VZ_Mast_VorfahrtGewaehren.sco
1052211494
1052211494
-1
Sceneryobjects\Nemolus Objekte\Verkehrszeichen\VZ_Mast_Vorfahrtstrasse.sco
1047755419
1047755419
-1
Sceneryobjects\Objects_RS\Zaun_6m_01.sco
1295144668
1295144668
-1
Sceneryobjects\Ruede\forest_backdrop01.sco
1133255562
1133255562
-1
Sceneryobjects\Streetobjects_RUE\LBL-Tropfen_3.sco
1133255505
1133255505
-1
Sceneryobjects\Streetobjects_RUE\single_pole.sco
1133255574
1133255574
-1
Sceneryobjects\Streetobjects_RUE\sodiumlight_L_break_L.sco
1133255506
1133255506
-1
Sceneryobjects\Szombathely\dohanybolt\dohanybolt.sco
1123853799
1123853799
-1
Sceneryobjects\Szombathely\Iskola\Iskola.sco
1123503636
1123503636
-1
Sceneryobjects\Trees_MC\arbor_sixpack.sco
1532784859
1532784859
-1
Sceneryobjects\Trees_MC\shrubbery_01_10.sco
1532784859
1532784859
-1
Sceneryobjects\Trees_MC\shrubbery_01_20.sco
1532784858
1532784858
-1
Sceneryobjects\Trees_MC\shrubbery_03_10.sco
1532784854
1532784854
-1
Sceneryobjects\Trees_MC\shrubbery_03_20.sco
1532784855
1532784855
-1
Sceneryobjects\Trees_MC\ShrubberyBox_01.sco
1532784860
1532784860
-1
Sceneryobjects\Trees_MC\tree_large_06.sco
1532784865
1532784865
-1
Sceneryobjects\Trees_MC\tree_medium_01.sco
1532784864
1532784864
-1
Sceneryobjects\Trees_MC\tree_medium_02.sco
1532784868
1532784868
-1
Sceneryobjects\Trees_MC\tree_medium_03.sco
1532784866
1532784866
-1
Sceneryobjects\Trees_MC\tree_medium_04.sco
1532784864
1532784864
-1
Sceneryobjects\Trees_MC\tree_medium_06.sco
1532784860
1532784860
-1
Sceneryobjects\Trees_MC\tree_medium_08.sco
1532784866
1532784866
-1
Sceneryobjects\Trees_MC\Tree_Small_01.sco
1532784865
1532784865
-1
Sceneryobjects\Trees_MC\Tree_Small_09.sco
1532784866
1532784866
-1
Splines\ADDON_SimpleStreets\RQ_10,5_1spur _forward.sli
1056468311
-
-
Splines\ADDON_SimpleStreets\RQ_10,5_2spur_7,5m.sli
1048140836
-
-
Splines\ADDON_SimpleStreets\RQ_20_4_spur_15m_narrow_Sidewalk.sli
1048793734
-
-
Splines\ADDON_SimpleStreets\RQ_9,5_2spur_6,5m_Sidewalk.sli
1047218954
-
-
Splines\Marcel\invis_street.sli
1133251408
-
-
Splines\Szczecin\laty_drogowe_2,0.sli
1132969480
-
-
Splines\Terrain-Spline-V3_1\Splines\Terrain Spline\15mTerrain_Spline.sli
1089438759
-
-
Splines\Terrain-Spline-V3_1\Splines\Terrain Spline\20mTerrain_Spline.sli
1089438962
-
-
Splines\Terrain-Spline-V3_1\Splines\Terrain Spline\4mTerrain_Spline.sli
1079484849
-
-
Splines\Yufa\12cm_N_line.sli
1097629391
-
-
Splines\Yufa\bussteig003.sli
1066804307
-
-
Splines\Yufa\bussteig004.sli
1077378173
-
-
Splines\Yufa\str_asphdrk_1line.sli
1063360700
-
-
