Sceneryobjects\ADDON_gcW_fra\fra_haltestelle_haus_2.sco
1079543256
1079543256
-1
Sceneryobjects\ADDON_gcW_fra\muelleimer.sco
1079543256
1079543256
-1
Sceneryobjects\ADDON_SimpleStreets\RQ_9,5_to_X8.sco
1047945837
1047945837
-1
Sceneryobjects\ADDON_SimpleStreets\RQ_X8m_2spur_8,0m_Sidewalk_busstop.sco
1047945880
1047945880
-1
Sceneryobjects\ADDON_SimpleStreets\RQ_X8m_2spur_8,0m_Sidewalk_cross.sco
1047945892
1047945892
-1
Sceneryobjects\ADDON_SimpleStreets\RQ_X8m_to_15,5_Start.sco
1047945968
1047945968
-1
Sceneryobjects\Buildings_Alex\fence.sco
1054643037
1054643037
-1
Sceneryobjects\Buildings_DDR_RUE\DDR_House_m_01.sco
1532784853
1532784853
-1
Sceneryobjects\Buildings_DDR_RUE\DDR_House_m_02.sco
1532784853
1532784853
-1
Sceneryobjects\Buildings_DDR_RUE\DDR_House_m_03.sco
1532784853
1532784853
-1
Sceneryobjects\Buildings_DDR_RUE\DDR_House_m_04.sco
1532784853
1532784853
-1
Sceneryobjects\Buildings_DDR_RUE\DDR_House_m_05.sco
1532784855
1532784855
-1
Sceneryobjects\Buildings_DDR_RUE\DDR_House_m_09.sco
1532784852
1532784852
-1
Sceneryobjects\Buildings_DDR_RUE\DDR_House_m_10.sco
1532784859
1532784859
-1
Sceneryobjects\Buildings_DDR_RUE\DDR_House_m_11.sco
1532784853
1532784853
-1
Sceneryobjects\Buildings_DDR_RUE\DDR_House_s_01.sco
1532784866
1532784866
-1
Sceneryobjects\Buildings_DDR_RUE\DDR_House_s_02.sco
1532784853
1532784853
-1
Sceneryobjects\Buildings_DDR_RUE\DDR_House_s_03.sco
1532784853
1532784853
-1
Sceneryobjects\Buildings_DDR_RUE\DDR_House_s_05.sco
1532784856
1532784856
-1
Sceneryobjects\Buildings_DDR_RUE\DDR_House_s_06.sco
1532784854
1532784854
-1
Sceneryobjects\Buildings_DDR_RUE\DDR_House_s_07.sco
1532784853
1532784853
-1
Sceneryobjects\Buildings_DDR_RUE\DDR_House_s_08.sco
1532784853
1532784853
-1
Sceneryobjects\Buildings_DDR_RUE\DDR_House_s_09.sco
1532784853
1532784853
-1
Sceneryobjects\Buildings_DDR_RUE\DDR_House_s_10.sco
1532784855
1532784855
-1
Sceneryobjects\Buildings_DDR_RUE\DDR_Imbissbude.sco
1532784854
1532784854
-1
Sceneryobjects\Buildings_MC\bw_50s_01.sco
1532784852
1532784852
-1
Sceneryobjects\Buildings_MC\bw_beseler_C.sco
1532784855
1532784855
-1
Sceneryobjects\Buildings_MC\bw_beseler_F.sco
1532784859
1532784859
-1
Sceneryobjects\Buildings_MC\bw_beseler_G.sco
1532784854
1532784854
-1
Sceneryobjects\Buildings_MC\bw_old_11.sco
1532784856
1532784856
-1
Sceneryobjects\Buildings_MC\wohn_05.sco
1532784865
1532784865
-1
Sceneryobjects\Buildings_RUE\Haus02a.sco
1532784855
1532784855
-1
Sceneryobjects\DavidM-Objekte\Infotafel-klein.sco
1119383712
1119383712
-1
Sceneryobjects\DavidM-Objekte\Mastsilber.sco
1119383712
1119383712
-1
Sceneryobjects\DavidM-Objekte\Zebra-rechts.sco
1114198254
1114198254
-1
Sceneryobjects\Generic\bus_stop.sco
1133255574
1133255574
-1
Sceneryobjects\Generic\car_park.sco
1133255499
1133255499
-1
Sceneryobjects\Generic\people_standing_small.sco
1133255496
1133255496
-1
Sceneryobjects\Generic\routearrow_L.sco
1133255546
1133255546
-1
Sceneryobjects\Generic\routearrow_R.sco
1133255498
1133255498
-1
Sceneryobjects\Generic\routearrows_busstop.sco
1133255562
1133255562
-1
Sceneryobjects\HUN Objects\buszmegtabla.sco
1057266935
1057266935
-1
Sceneryobjects\HUN Objects\kek_menetrend.sco
1057266885
1057266885
-1
Sceneryobjects\Kreuz_MC\Kreuz_Altonaer.sco
1532784854
1532784854
-1
Sceneryobjects\Ljubljana\Zebrastreifen.sco
1058176679
1058176679
-1
Sceneryobjects\Megallo_uj\m_nev.sco
1078543577
1078543577
-1
Sceneryobjects\More Trees Addon\FirTree2.sco
1503562427
1503562427
-1
Sceneryobjects\More Trees Addon\TreeJustPlanted1.sco
1503562427
1503562427
-1
Sceneryobjects\Nemolus Objekte\Verkehrszeichen\VZ_Mast_HalteverbotAbsolut.sco
1052211051
1052211051
-1
Sceneryobjects\Nemolus Objekte\Verkehrszeichen\VZ_Mast_HalteverbotEingeschraenkt.sco
1052211331
1052211331
-1
Sceneryobjects\Nemolus Objekte\Verkehrszeichen\VZ_Mast_Radfahrer.sco
1052211395
1052211395
-1
Sceneryobjects\Nemolus Objekte\Verkehrszeichen\VZ_Mast_StopVorfahrtGewaehren.sco
1052211428
1052211428
-1
Sceneryobjects\Nemolus Objekte\Verkehrszeichen\VZ_Mast_VorfahrtGewaehren.sco
1052211494
1052211494
-1
Sceneryobjects\Nemolus Objekte\Verkehrszeichen\VZ_Mast_Vorfahrtstrasse.sco
1047755419
1047755419
-1
Sceneryobjects\Nemolus Objekte\Verkehrszeichen\VZ_Mast_VorfahrtstrasseEnde.sco
1047894688
1047894688
-1
Sceneryobjects\Objects_RS\Zaun_6m_01.sco
1295144668
1295144668
-1
Sceneryobjects\Ruede\forest_backdrop01.sco
1133255562
1133255562
-1
Sceneryobjects\Ruede\trees_chestnut01.sco
1133255504
1133255504
-1
Sceneryobjects\Ruede\trees_chestnut02.sco
1133255505
1133255505
-1
Sceneryobjects\Ruede\trees_chestnut03.sco
1133255505
1133255505
-1
Sceneryobjects\Streetobjects_RUE\Gaslight_Whip_M.sco
1133255507
1133255507
-1
Sceneryobjects\Streetobjects_RUE\single_pole.sco
1133255574
1133255574
-1
Sceneryobjects\Streetobjects_RUE\sodiumlight_L_break_L.sco
1133255506
1133255506
-1
Sceneryobjects\Szombathely\Cikk\Cikk.sco
1131896369
1131896369
-1
Sceneryobjects\Szombathely\Postalada\Postalada.sco
1148671369
1148671369
-1
Sceneryobjects\Szombathely\Telefon\Telefon.sco
1130581555
1130581555
-1
Sceneryobjects\Trees_MC\arbor_sixpack.sco
1532784859
1532784859
-1
Sceneryobjects\Trees_MC\shrubbery_01_05.sco
1532784869
1532784869
-1
Sceneryobjects\Trees_MC\shrubbery_01_20.sco
1532784858
1532784858
-1
Sceneryobjects\Trees_MC\shrubbery_04_05.sco
1532784869
1532784869
-1
Sceneryobjects\Trees_MC\shrubbery_04_10.sco
1532784867
1532784867
-1
Sceneryobjects\Trees_MC\shrubbery_04_20.sco
1532784854
1532784854
-1
Sceneryobjects\Trees_MC\tree_medium_01.sco
1532784864
1532784864
-1
Sceneryobjects\Trees_MC\tree_medium_02.sco
1532784868
1532784868
-1
Sceneryobjects\Trees_MC\tree_medium_03.sco
1532784866
1532784866
-1
Sceneryobjects\Trees_MC\tree_medium_04.sco
1532784864
1532784864
-1
Sceneryobjects\Trees_MC\tree_medium_06.sco
1532784860
1532784860
-1
Sceneryobjects\Trees_MC\tree_medium_07.sco
1532784861
1532784861
-1
Sceneryobjects\Trees_MC\tree_medium_08.sco
1532784866
1532784866
-1
Sceneryobjects\Trees_MC\tree_medium_09.sco
1532784861
1532784861
-1
Sceneryobjects\Trees_MC\Tree_Small_01.sco
1532784865
1532784865
-1
Sceneryobjects\Trees_MC\Tree_Small_Nrw_01.sco
1532784864
1532784864
-1
Sceneryobjects\Trees_MC\tree_tiny_01.sco
1532784858
1532784858
-1
Splines\ADDON_SimpleStreets\RQ_9,5_2spur_6,5m.sli
1047303190
-
-
Splines\ADDON_SimpleStreets\str_2spur_8m_TypAltonaer_Emil.sli
1045671552
-
-
Splines\Marcel\str_2spur_8m_altonaer1.sli
1133251469
-
-
Splines\Ruede\DDR_Brick_Wall_01.sli
1133253456
-
-
Splines\Ruede\Polizeizaun.sli
1225628709
-
-
Splines\Szczecin\laty_drogowe_1,0.sli
1132969480
-
-
Splines\Szczecin\laty_drogowe_1,5.sli
1132969480
-
-
Splines\Terrain-Spline-V3_1\Splines\Terrain Spline\4mTerrain_Spline.sli
1079484849
-
-
Splines\VKL´s Splines\str_gruen_1m.sli
1083146895
-
-
Splines\Yufa\bussteig003.sli
1066804307
-
-
Splines\Yufa\teer_line.sli
1058579746
-
-
Sceneryobjects\Szombathely\Plakat\Plakat37\awkst.sco
1166434312
1166434312
-1
Sceneryobjects\Trees_MC\Poppies_01.sco
1086438202
1086438202
-1
