Sceneryobjects\ADDON_SimpleStreets\RQ_10,5_NoBankett_Junction.sco
1111922740
1111922740
-1
Sceneryobjects\ADDON_SimpleStreets\RQ_20n_to_10,5.sco
1049124267
1049124267
-1
Sceneryobjects\ADDON_SimpleStreets\RQ_9,5_to_10,5.sco
1047945833
1047945833
-1
Sceneryobjects\ADDON_SimpleStreets\RQ_9,5_to_X8.sco
1047945837
1047945837
-1
Sceneryobjects\ADDON_SimpleStreets\RQ_X8m_2spur_8,0m_Sidewalk_gabel.sco
1047945895
1047945895
-1
Sceneryobjects\ADDON_SimpleStreets\RQ_X8m_2spur_8,0m_Sidewalk_yunct.sco
1047945952
1047945952
-1
Sceneryobjects\ADDON_SimpleStreets\RQ_X8m_2spur_8,0m_Sidewalk_yunct_invers.sco
1049401395
1049401395
-1
Sceneryobjects\Buildings_DDR_RUE\DDR_ConcreteBarracks70-2.sco
1344340079
1344340079
-1
Sceneryobjects\Buildings_DDR_RUE\DDR_Falkensee_Schlosserei.sco
1344340080
1344340080
-1
Sceneryobjects\Buildings_MC\Box01.sco
1344340125
1344340125
-1
Sceneryobjects\Generic\bus_stop.sco
1259519163
1259519163
-1
Sceneryobjects\Generic\car_park.sco
1259519163
1259519163
-1
Sceneryobjects\Generic\people_standing_small.sco
1259519151
1259519151
-1
Sceneryobjects\HUN Objects\buszmegtabla.sco
1057271031
1057271031
-1
Sceneryobjects\HUN Objects\kek_menetrend.sco
1057270981
1057270981
-1
Sceneryobjects\Megallo_uj\m_nev.sco
1078547673
1078547673
-1
Sceneryobjects\Nemolus Objekte\Verkehrszeichen\VZ_Mast_FahrtrichtungGeradeausURechts (3).sco
1052213040
1052213040
-1
Sceneryobjects\Nemolus Objekte\Verkehrszeichen\VZ_Mast_FahrtrichtungRechts.sco
1052211019
1052211019
-1
Sceneryobjects\Ruede\forest_backdrop01.sco
1344340548
1344340548
-1
Sceneryobjects\TH_Wald_Objekte\Tristan98\Verkehrszeichen\VZ_Fahrtrichtung_links.sco
1530806934
1530806934
-1
Sceneryobjects\Trees_MC\arbor_sixpack.sco
1230790319
1230790319
-1
Sceneryobjects\X10 Objekte\VZ_FahrtrichtungGeradeausLinks.sco
1230807279
1230807279
-1
Splines\ADDON_SimpleStreets\RQ_10,5_2spur_7,5m_noline.sli
1063953725
-
-
Splines\DavidM 2412\2Stadt_2spur_8m_middle lane_NO SIDEWALk.sli
1211846304
-
-
Splines\invis_street.sli
1133482807
-
-
Splines\Marcel\invis_street.sli
1133251408
-
-
Splines\Marcel\str_2spur_8m_altonaer1.sli
1133251469
-
-
Splines\Ruede\str_2spur_8m_DDR_Spandauer_Str_1990.sli
1133251469
-
-
Splines\Terrain-Spline-V3_1\Splines\Terrain Spline\15mTerrain_Spline.sli
1089442855
-
-
Splines\Terrain-Spline-V3_1\Splines\Terrain Spline\4mTerrain_Spline.sli
1079488945
-
-
Splines\Terrain-Spline-V3_1\Splines\Terrain Spline\8mTerrain_Spline.sli
1089442760
-
-
Splines\Terrain-Spline-V3_1\Splines\Terrain Spline\Terrain Spline_Other textures\Terrain-Spline_Innenstadt\4mTerrain_Spline_Innenstadt.sli
1079488945
-
-
Splines\VKL´s Splines\str_gruen_1m.sli
1083146895
-
-
Splines\Yufa\12cm_N_line.sli
1097629391
-
-
Splines\Yufa\bussteig003.sli
1066804307
-
-
Splines\Yufa\str_asphdrk_1line.sli
1063360700
-
-
