Sceneryobjects\ADDON_SimpleStreets\RQ_10,5_Bankett_Crossing.sco
1048018758
1048018758
-1
Sceneryobjects\ADDON_SimpleStreets\RQ_10,5_NoBankett_Junction.sco
1111922740
1111922740
-1
Sceneryobjects\Buildings_Alex\ogra02.sco
1060131564
1060131564
-1
Sceneryobjects\Generic\bus_stop.sco
1133255574
1133255574
-1
Sceneryobjects\Generic\people_standing_small.sco
1133255496
1133255496
-1
Sceneryobjects\Trees_MC\shrubbery_01_20.sco
1532784858
1532784858
-1
Splines\ADDON_SimpleStreets\RQ_10,5_2spur_7,5m.sli
1048140836
-
-
Splines\Freyfurt\11m_Damm.sli
1112250162
-
-
Splines\Marcel\str_2spur_8m_altonaer1.sli
1133251469
-
-
Splines\Yufa\bussteig003.sli
1066804307
-
-
