Sceneryobjects\Buildings_DDR_RUE\DDR_House_l_05.sco
1532784852
1532784852
-1
Sceneryobjects\Buildings_DDR_RUE\DDR_House_l_07.sco
1532784859
1532784859
-1
Sceneryobjects\Buildings_DDR_RUE\DDR_House_m_01.sco
1532784853
1532784853
-1
Sceneryobjects\Buildings_DDR_RUE\DDR_House_m_02.sco
1532784853
1532784853
-1
Sceneryobjects\Buildings_DDR_RUE\DDR_House_m_03.sco
1532784853
1532784853
-1
Sceneryobjects\Buildings_DDR_RUE\DDR_House_m_04.sco
1532784853
1532784853
-1
Sceneryobjects\Buildings_DDR_RUE\DDR_House_m_05.sco
1532784855
1532784855
-1
Sceneryobjects\Buildings_DDR_RUE\DDR_House_m_07.sco
1532784853
1532784853
-1
Sceneryobjects\Buildings_DDR_RUE\DDR_House_m_09.sco
1532784852
1532784852
-1
Sceneryobjects\Buildings_DDR_RUE\DDR_House_m_11.sco
1532784853
1532784853
-1
Sceneryobjects\Buildings_MC\schul_turn_02.sco
1532784861
1532784861
-1
Sceneryobjects\Nemolus Objekte\Verkehrszeichen\VZ_Mast_RechtsVorbei.sco
1052211404
1052211404
-1
Sceneryobjects\Ruede\forest_backdrop01.sco
1133255562
1133255562
-1
Sceneryobjects\Streetobjects_RUE\sodiumlight_L_break_L.sco
1133255506
1133255506
-1
Sceneryobjects\Szombathely\Vonalak\2540.sco
1153521035
1153521035
-1
Sceneryobjects\tomass94\prosto-lewo.sco
1291150089
1291150089
-1
Sceneryobjects\Trees_MC\shrubbery_01_20.sco
1532784858
1532784858
-1
Sceneryobjects\Trees_MC\tree_medium_01.sco
1532784864
1532784864
-1
Sceneryobjects\Trees_MC\tree_medium_02.sco
1532784868
1532784868
-1
Sceneryobjects\Trees_MC\tree_medium_03.sco
1532784866
1532784866
-1
Splines\Freyfurt\11m_Damm.sli
1112250162
-
-
Splines\Marcel\invis_street.sli
1133251408
-
-
Splines\Terrain-Spline-V3_1\Splines\Terrain Spline\15mTerrain_Spline.sli
1089438759
-
-
Splines\Yufa\25cm_N_line.sli
1115850786
-
-
Splines\Yufa\bussteig003.sli
1066804307
-
-
Splines\Yufa\str_asphdrk_1line.sli
1063360700
-
-
